gmake[2]: *** [CMakeFiles/compile-lib-controller.dir/build.make:70: CMakeFiles/compile-lib-controller] Error 2
gmake[1]: *** [CMakeFiles/Makefile2:156: CMakeFiles/compile-lib-controller.dir/all] Error 2
gmake: *** [Makefile:146: all] Error 2
