[0.000000] (-) TimerEvent: {}
[0.000362] (-) JobUnselected: {'identifier': 'webots_ros2_importer'}
[0.000394] (ball_detection) JobQueued: {'identifier': 'ball_detection', 'dependencies': OrderedDict()}
[0.000404] (pv_apriltag) JobQueued: {'identifier': 'pv_apriltag', 'dependencies': OrderedDict()}
[0.000411] (webots_ros2_msgs) JobQueued: {'identifier': 'webots_ros2_msgs', 'dependencies': OrderedDict()}
[0.000419] (webots_ros2_driver) JobQueued: {'identifier': 'webots_ros2_driver', 'dependencies': OrderedDict([('webots_ros2_importer', '/home/verity-xie/Unibots 2026/test_ws/install/webots_ros2_importer'), ('webots_ros2_msgs', '/home/verity-xie/Unibots 2026/test_ws/install/webots_ros2_msgs')])}
[0.000427] (webots_ros2_control) JobQueued: {'identifier': 'webots_ros2_control', 'dependencies': OrderedDict([('webots_ros2_importer', '/home/verity-xie/Unibots 2026/test_ws/install/webots_ros2_importer'), ('webots_ros2_msgs', '/home/verity-xie/Unibots 2026/test_ws/install/webots_ros2_msgs'), ('webots_ros2_driver', '/home/verity-xie/Unibots 2026/test_ws/install/webots_ros2_driver')])}
[0.000435] (webots_ros2_crazyflie) JobQueued: {'identifier': 'webots_ros2_crazyflie', 'dependencies': OrderedDict([('webots_ros2_importer', '/home/verity-xie/Unibots 2026/test_ws/install/webots_ros2_importer'), ('webots_ros2_msgs', '/home/verity-xie/Unibots 2026/test_ws/install/webots_ros2_msgs'), ('webots_ros2_driver', '/home/verity-xie/Unibots 2026/test_ws/install/webots_ros2_driver')])}
[0.000444] (webots_ros2_mavic) JobQueued: {'identifier': 'webots_ros2_mavic', 'dependencies': OrderedDict([('webots_ros2_importer', '/home/verity-xie/Unibots 2026/test_ws/install/webots_ros2_importer'), ('webots_ros2_msgs', '/home/verity-xie/Unibots 2026/test_ws/install/webots_ros2_msgs'), ('webots_ros2_driver', '/home/verity-xie/Unibots 2026/test_ws/install/webots_ros2_driver')])}
[0.000451] (webots_ros2_tesla) JobQueued: {'identifier': 'webots_ros2_tesla', 'dependencies': OrderedDict([('webots_ros2_importer', '/home/verity-xie/Unibots 2026/test_ws/install/webots_ros2_importer'), ('webots_ros2_msgs', '/home/verity-xie/Unibots 2026/test_ws/install/webots_ros2_msgs'), ('webots_ros2_driver', '/home/verity-xie/Unibots 2026/test_ws/install/webots_ros2_driver')])}
[0.000458] (webots_ros2_epuck) JobQueued: {'identifier': 'webots_ros2_epuck', 'dependencies': OrderedDict([('webots_ros2_importer', '/home/verity-xie/Unibots 2026/test_ws/install/webots_ros2_importer'), ('webots_ros2_msgs', '/home/verity-xie/Unibots 2026/test_ws/install/webots_ros2_msgs'), ('webots_ros2_driver', '/home/verity-xie/Unibots 2026/test_ws/install/webots_ros2_driver'), ('webots_ros2_control', '/home/verity-xie/Unibots 2026/test_ws/install/webots_ros2_control')])}
[0.000785] (webots_ros2_husarion) JobQueued: {'identifier': 'webots_ros2_husarion', 'dependencies': OrderedDict([('webots_ros2_importer', '/home/verity-xie/Unibots 2026/test_ws/install/webots_ros2_importer'), ('webots_ros2_msgs', '/home/verity-xie/Unibots 2026/test_ws/install/webots_ros2_msgs'), ('webots_ros2_driver', '/home/verity-xie/Unibots 2026/test_ws/install/webots_ros2_driver'), ('webots_ros2_control', '/home/verity-xie/Unibots 2026/test_ws/install/webots_ros2_control')])}
[0.000810] (webots_ros2_tiago) JobQueued: {'identifier': 'webots_ros2_tiago', 'dependencies': OrderedDict([('webots_ros2_importer', '/home/verity-xie/Unibots 2026/test_ws/install/webots_ros2_importer'), ('webots_ros2_msgs', '/home/verity-xie/Unibots 2026/test_ws/install/webots_ros2_msgs'), ('webots_ros2_driver', '/home/verity-xie/Unibots 2026/test_ws/install/webots_ros2_driver'), ('webots_ros2_control', '/home/verity-xie/Unibots 2026/test_ws/install/webots_ros2_control')])}
[0.000826] (webots_ros2_turtlebot) JobQueued: {'identifier': 'webots_ros2_turtlebot', 'dependencies': OrderedDict([('webots_ros2_importer', '/home/verity-xie/Unibots 2026/test_ws/install/webots_ros2_importer'), ('webots_ros2_msgs', '/home/verity-xie/Unibots 2026/test_ws/install/webots_ros2_msgs'), ('webots_ros2_driver', '/home/verity-xie/Unibots 2026/test_ws/install/webots_ros2_driver'), ('webots_ros2_control', '/home/verity-xie/Unibots 2026/test_ws/install/webots_ros2_control')])}
[0.000837] (webots_ros2_universal_robot) JobQueued: {'identifier': 'webots_ros2_universal_robot', 'dependencies': OrderedDict([('webots_ros2_importer', '/home/verity-xie/Unibots 2026/test_ws/install/webots_ros2_importer'), ('webots_ros2_msgs', '/home/verity-xie/Unibots 2026/test_ws/install/webots_ros2_msgs'), ('webots_ros2_driver', '/home/verity-xie/Unibots 2026/test_ws/install/webots_ros2_driver'), ('webots_ros2_control', '/home/verity-xie/Unibots 2026/test_ws/install/webots_ros2_control')])}
[0.000845] (webots_ros2_tests) JobQueued: {'identifier': 'webots_ros2_tests', 'dependencies': OrderedDict([('webots_ros2_importer', '/home/verity-xie/Unibots 2026/test_ws/install/webots_ros2_importer'), ('webots_ros2_msgs', '/home/verity-xie/Unibots 2026/test_ws/install/webots_ros2_msgs'), ('webots_ros2_driver', '/home/verity-xie/Unibots 2026/test_ws/install/webots_ros2_driver'), ('webots_ros2_control', '/home/verity-xie/Unibots 2026/test_ws/install/webots_ros2_control'), ('webots_ros2_mavic', '/home/verity-xie/Unibots 2026/test_ws/install/webots_ros2_mavic'), ('webots_ros2_tesla', '/home/verity-xie/Unibots 2026/test_ws/install/webots_ros2_tesla'), ('webots_ros2_epuck', '/home/verity-xie/Unibots 2026/test_ws/install/webots_ros2_epuck'), ('webots_ros2_husarion', '/home/verity-xie/Unibots 2026/test_ws/install/webots_ros2_husarion'), ('webots_ros2_tiago', '/home/verity-xie/Unibots 2026/test_ws/install/webots_ros2_tiago'), ('webots_ros2_turtlebot', '/home/verity-xie/Unibots 2026/test_ws/install/webots_ros2_turtlebot'), ('webots_ros2_universal_robot', '/home/verity-xie/Unibots 2026/test_ws/install/webots_ros2_universal_robot')])}
[0.000858] (webots_ros2) JobQueued: {'identifier': 'webots_ros2', 'dependencies': OrderedDict([('webots_ros2_importer', '/home/verity-xie/Unibots 2026/test_ws/install/webots_ros2_importer'), ('webots_ros2_msgs', '/home/verity-xie/Unibots 2026/test_ws/install/webots_ros2_msgs'), ('webots_ros2_driver', '/home/verity-xie/Unibots 2026/test_ws/install/webots_ros2_driver'), ('webots_ros2_control', '/home/verity-xie/Unibots 2026/test_ws/install/webots_ros2_control'), ('webots_ros2_crazyflie', '/home/verity-xie/Unibots 2026/test_ws/install/webots_ros2_crazyflie'), ('webots_ros2_mavic', '/home/verity-xie/Unibots 2026/test_ws/install/webots_ros2_mavic'), ('webots_ros2_tesla', '/home/verity-xie/Unibots 2026/test_ws/install/webots_ros2_tesla'), ('webots_ros2_epuck', '/home/verity-xie/Unibots 2026/test_ws/install/webots_ros2_epuck'), ('webots_ros2_husarion', '/home/verity-xie/Unibots 2026/test_ws/install/webots_ros2_husarion'), ('webots_ros2_tiago', '/home/verity-xie/Unibots 2026/test_ws/install/webots_ros2_tiago'), ('webots_ros2_turtlebot', '/home/verity-xie/Unibots 2026/test_ws/install/webots_ros2_turtlebot'), ('webots_ros2_universal_robot', '/home/verity-xie/Unibots 2026/test_ws/install/webots_ros2_universal_robot'), ('webots_ros2_tests', '/home/verity-xie/Unibots 2026/test_ws/install/webots_ros2_tests')])}
[0.000872] (webots_ros2_msgs) JobStarted: {'identifier': 'webots_ros2_msgs'}
[0.003597] (ball_detection) JobStarted: {'identifier': 'ball_detection'}
[0.006358] (pv_apriltag) JobStarted: {'identifier': 'pv_apriltag'}
[0.028595] (webots_ros2_msgs) JobProgress: {'identifier': 'webots_ros2_msgs', 'progress': 'cmake'}
[0.028865] (webots_ros2_msgs) JobProgress: {'identifier': 'webots_ros2_msgs', 'progress': 'build'}
[0.029607] (webots_ros2_msgs) Command: {'cmd': ['/usr/bin/cmake', '--build', '/home/verity-xie/Unibots 2026/test_ws/build/webots_ros2_msgs', '--', '-j32', '-l32'], 'cwd': '/home/verity-xie/Unibots 2026/test_ws/build/webots_ros2_msgs', 'env': OrderedDict([('PYTHON_BASIC_REPL', '1'), ('LESSOPEN', '| /usr/bin/lesspipe %s'), ('LANGUAGE', 'en_GB:en'), ('USER', 'verity-xie'), ('LC_TIME', 'zh_CN.UTF-8'), ('XDG_SESSION_TYPE', 'x11'), ('GIT_ASKPASS', '/usr/share/code/resources/app/extensions/git/dist/askpass.sh'), ('SHLVL', '2'), ('LD_LIBRARY_PATH', '/opt/ros/humble/opt/rviz_ogre_vendor/lib:/opt/ros/humble/lib/x86_64-linux-gnu:/opt/ros/humble/lib'), ('HOME', '/home/verity-xie'), ('CHROME_DESKTOP', 'code.desktop'), ('CONDA_SHLVL', '0'), ('OLDPWD', '/home/verity-xie/Unibots 2026/test_ws'), ('TERM_PROGRAM_VERSION', '1.102.3'), ('DESKTOP_SESSION', 'ubuntu'), ('ROS_PYTHON_VERSION', '3'), ('GNOME_SHELL_SESSION_MODE', 'ubuntu'), ('GTK_MODULES', 'gail:atk-bridge'), ('XDG_SEAT_PATH', '/org/freedesktop/DisplayManager/Seat0'), ('VSCODE_GIT_ASKPASS_MAIN', '/usr/share/code/resources/app/extensions/git/dist/askpass-main.js'), ('LC_MONETARY', 'zh_CN.UTF-8'), ('VSCODE_GIT_ASKPASS_NODE', '/usr/share/code/code'), ('PYDEVD_DISABLE_FILE_VALIDATION', '1'), ('DBUS_STARTER_BUS_TYPE', 'session'), ('SYSTEMD_EXEC_PID', '7294'), ('BUNDLED_DEBUGPY_PATH', '/home/verity-xie/.vscode/extensions/ms-python.debugpy-2025.16.0-linux-x64/bundled/libs/debugpy'), ('DBUS_SESSION_BUS_ADDRESS', 'unix:path=/run/user/1000/bus,guid=26e64f08244833c7383dc81d691c5a3e'), ('COLORTERM', 'truecolor'), ('IM_CONFIG_PHASE', '1'), ('COLCON_PREFIX_PATH', '/home/verity-xie/Unibots 2026/test_ws/install'), ('ROS_DISTRO', 'humble'), ('GTK_IM_MODULE', 'fcitx'), ('LOGNAME', 'verity-xie'), ('_', '/usr/bin/colcon'), ('ROS_VERSION', '2'), ('XDG_SESSION_CLASS', 'user'), ('TERM', 'xterm-256color'), ('GNOME_DESKTOP_SESSION_ID', 'this-is-deprecated'), ('ROS_LOCALHOST_ONLY', '0'), ('PATH', '/opt/ros/humble/bin:/home/verity-xie/anaconda3/condabin:/usr/local/sbin:/usr/local/bin:/usr/sbin:/usr/bin:/sbin:/bin:/usr/games:/usr/local/games:/snap/bin:/home/verity-xie/.vscode/extensions/ms-python.debugpy-2025.16.0-linux-x64/bundled/scripts/noConfigScripts'), ('SESSION_MANAGER', 'local/verityxie-Legion-Y9000P-IRX9:@/tmp/.ICE-unix/7294,unix/verityxie-Legion-Y9000P-IRX9:/tmp/.ICE-unix/7294'), ('GDM_LANG', 'en_GB'), ('PAPERSIZE', 'a4'), ('XDG_SESSION_PATH', '/org/freedesktop/DisplayManager/Session1'), ('XDG_MENU_PREFIX', 'gnome-'), ('LC_ADDRESS', 'zh_CN.UTF-8'), ('GNOME_TERMINAL_SCREEN', '/org/gnome/Terminal/screen/91c8f825_a6c6_4a56_8fd4_5d9657ca5659'), ('XDG_RUNTIME_DIR', '/run/user/1000'), ('GDK_BACKEND', 'x11'), ('DISPLAY', ':0'), ('VSCODE_DEBUGPY_ADAPTER_ENDPOINTS', '/home/verity-xie/.vscode/extensions/ms-python.debugpy-2025.16.0-linux-x64/.noConfigDebugAdapterEndpoints/endpoint-c1a59601807a4351.txt'), ('LANG', 'en_GB.UTF-8'), ('XDG_CURRENT_DESKTOP', 'Unity'), ('PYTHONSTARTUP', '/home/verity-xie/.config/Code/User/workspaceStorage/d564a513997d8ee8c0f5560556a271cd/ms-python.python/pythonrc.py'), ('LC_TELEPHONE', 'zh_CN.UTF-8'), ('XMODIFIERS', '@im=fcitx'), ('XDG_SESSION_DESKTOP', 'ubuntu'), ('XAUTHORITY', '/home/verity-xie/.Xauthority'), ('LS_COLORS', 'rs=0:di=01;34:ln=01;36:mh=00:pi=40;33:so=01;35:do=01;35:bd=40;33;01:cd=40;33;01:or=40;31;01:mi=00:su=37;41:sg=30;43:ca=30;41:tw=30;42:ow=34;42:st=37;44:ex=01;32:*.tar=01;31:*.tgz=01;31:*.arc=01;31:*.arj=01;31:*.taz=01;31:*.lha=01;31:*.lz4=01;31:*.lzh=01;31:*.lzma=01;31:*.tlz=01;31:*.txz=01;31:*.tzo=01;31:*.t7z=01;31:*.zip=01;31:*.z=01;31:*.dz=01;31:*.gz=01;31:*.lrz=01;31:*.lz=01;31:*.lzo=01;31:*.xz=01;31:*.zst=01;31:*.tzst=01;31:*.bz2=01;31:*.bz=01;31:*.tbz=01;31:*.tbz2=01;31:*.tz=01;31:*.deb=01;31:*.rpm=01;31:*.jar=01;31:*.war=01;31:*.ear=01;31:*.sar=01;31:*.rar=01;31:*.alz=01;31:*.ace=01;31:*.zoo=01;31:*.cpio=01;31:*.7z=01;31:*.rz=01;31:*.cab=01;31:*.wim=01;31:*.swm=01;31:*.dwm=01;31:*.esd=01;31:*.jpg=01;35:*.jpeg=01;35:*.mjpg=01;35:*.mjpeg=01;35:*.gif=01;35:*.bmp=01;35:*.pbm=01;35:*.pgm=01;35:*.ppm=01;35:*.tga=01;35:*.xbm=01;35:*.xpm=01;35:*.tif=01;35:*.tiff=01;35:*.png=01;35:*.svg=01;35:*.svgz=01;35:*.mng=01;35:*.pcx=01;35:*.mov=01;35:*.mpg=01;35:*.mpeg=01;35:*.m2v=01;35:*.mkv=01;35:*.webm=01;35:*.webp=01;35:*.ogm=01;35:*.mp4=01;35:*.m4v=01;35:*.mp4v=01;35:*.vob=01;35:*.qt=01;35:*.nuv=01;35:*.wmv=01;35:*.asf=01;35:*.rm=01;35:*.rmvb=01;35:*.flc=01;35:*.avi=01;35:*.fli=01;35:*.flv=01;35:*.gl=01;35:*.dl=01;35:*.xcf=01;35:*.xwd=01;35:*.yuv=01;35:*.cgm=01;35:*.emf=01;35:*.ogv=01;35:*.ogx=01;35:*.aac=00;36:*.au=00;36:*.flac=00;36:*.m4a=00;36:*.mid=00;36:*.midi=00;36:*.mka=00;36:*.mp3=00;36:*.mpc=00;36:*.ogg=00;36:*.ra=00;36:*.wav=00;36:*.oga=00;36:*.opus=00;36:*.spx=00;36:*.xspf=00;36:'), ('VSCODE_GIT_IPC_HANDLE', '/run/user/1000/vscode-git-716ee9208f.sock'), ('GNOME_TERMINAL_SERVICE', ':1.220'), ('TERM_PROGRAM', 'vscode'), ('SSH_AGENT_LAUNCHER', 'gnome-keyring'), ('SSH_AUTH_SOCK', '/run/user/1000/keyring/ssh'), ('XDG_GREETER_DATA_DIR', '/var/lib/lightdm-data/verity-xie'), ('AMENT_PREFIX_PATH', '/home/verity-xie/Unibots 2026/test_ws/install/pv_apriltag:/home/verity-xie/Unibots 2026/test_ws/install/ball_detection:/opt/ros/humble'), ('CONDA_PYTHON_EXE', '/home/verity-xie/anaconda3/bin/python'), ('ORIGINAL_XDG_CURRENT_DESKTOP', 'ubuntu:GNOME'), ('SHELL', '/bin/bash'), ('LC_NAME', 'zh_CN.UTF-8'), ('QT_ACCESSIBILITY', '1'), ('NO_AT_BRIDGE', '1'), ('GDMSESSION', 'ubuntu'), ('LESSCLOSE', '/usr/bin/lesspipe %s %s'), ('LC_MEASUREMENT', 'zh_CN.UTF-8'), ('GPG_AGENT_INFO', '/run/user/1000/gnupg/S.gpg-agent:0:1'), ('LC_IDENTIFICATION', 'zh_CN.UTF-8'), ('VSCODE_GIT_ASKPASS_EXTRA_ARGS', ''), ('QT_IM_MODULE', 'fcitx'), ('PWD', '/home/verity-xie/Unibots 2026/test_ws/build/webots_ros2_msgs'), ('XDG_CONFIG_DIRS', '/etc/xdg/xdg-ubuntu:/etc/xdg'), ('CONDA_EXE', '/home/verity-xie/anaconda3/bin/conda'), ('CLUTTER_IM_MODULE', 'fcitx'), ('DBUS_STARTER_ADDRESS', 'unix:path=/run/user/1000/bus,guid=26e64f08244833c7383dc81d691c5a3e'), ('XDG_DATA_DIRS', '/usr/share/ubuntu:/usr/share/gnome:/usr/local/share:/usr/share:/var/lib/snapd/desktop'), ('PYTHONPATH', '/home/verity-xie/Unibots 2026/test_ws/build/pv_apriltag:/home/verity-xie/Unibots 2026/test_ws/install/pv_apriltag/lib/python3.10/site-packages:/home/verity-xie/Unibots 2026/test_ws/build/ball_detection:/home/verity-xie/Unibots 2026/test_ws/install/ball_detection/lib/python3.10/site-packages:/opt/ros/humble/lib/python3.10/site-packages:/opt/ros/humble/local/lib/python3.10/dist-packages'), ('LC_NUMERIC', 'zh_CN.UTF-8'), ('LC_PAPER', 'zh_CN.UTF-8'), ('COLCON', '1'), ('VTE_VERSION', '6800'), ('CMAKE_PREFIX_PATH', '/home/verity-xie/Unibots 2026/test_ws/install/pv_apriltag:/home/verity-xie/Unibots 2026/test_ws/install/ball_detection:/opt/ros/humble')]), 'shell': False}
[0.100085] (-) TimerEvent: {}
[0.154567] (webots_ros2_msgs) StdoutLine: {'line': b'[  0%] Built target webots_ros2_msgs__cpp\n'}
[0.154711] (webots_ros2_msgs) StdoutLine: {'line': b'[ 12%] Built target webots_ros2_msgs__rosidl_generator_c\n'}
[0.154778] (webots_ros2_msgs) StdoutLine: {'line': b'[ 12%] Built target ament_cmake_python_symlink_webots_ros2_msgs\n'}
[0.154838] (webots_ros2_msgs) StdoutLine: {'line': b'[ 24%] Built target webots_ros2_msgs__rosidl_typesupport_cpp\n'}
[0.154890] (webots_ros2_msgs) StdoutLine: {'line': b'[ 36%] Built target webots_ros2_msgs__rosidl_typesupport_c\n'}
[0.154958] (webots_ros2_msgs) StdoutLine: {'line': b'[ 59%] Built target webots_ros2_msgs__rosidl_typesupport_introspection_cpp\n'}
[0.155008] (webots_ros2_msgs) StdoutLine: {'line': b'[ 60%] Built target webots_ros2_msgs__rosidl_typesupport_introspection_c\n'}
[0.155059] (webots_ros2_msgs) StdoutLine: {'line': b'[ 71%] Built target webots_ros2_msgs__rosidl_typesupport_fastrtps_cpp\n'}
[0.155108] (webots_ros2_msgs) StdoutLine: {'line': b'[ 83%] Built target webots_ros2_msgs__rosidl_typesupport_fastrtps_c\n'}
[0.155157] (webots_ros2_msgs) StdoutLine: {'line': b'[ 83%] Built target webots_ros2_msgs\n'}
[0.155206] (webots_ros2_msgs) StdoutLine: {'line': b'[ 84%] Built target webots_ros2_msgs__py\n'}
[0.155254] (webots_ros2_msgs) StdoutLine: {'line': b'[ 95%] Built target webots_ros2_msgs__rosidl_generator_py\n'}
[0.155302] (webots_ros2_msgs) StdoutLine: {'line': b'[ 97%] Built target webots_ros2_msgs__rosidl_typesupport_fastrtps_c__pyext\n'}
[0.156373] (webots_ros2_msgs) StdoutLine: {'line': b'[100%] Built target webots_ros2_msgs__rosidl_typesupport_c__pyext\n'}
[0.156429] (webots_ros2_msgs) StdoutLine: {'line': b'[100%] Built target webots_ros2_msgs__rosidl_typesupport_introspection_c__pyext\n'}
[0.189969] (webots_ros2_msgs) StdoutLine: {'line': b'running egg_info\n'}
[0.190227] (webots_ros2_msgs) StdoutLine: {'line': b'writing webots_ros2_msgs.egg-info/PKG-INFO\n'}
[0.190395] (webots_ros2_msgs) StdoutLine: {'line': b'writing dependency_links to webots_ros2_msgs.egg-info/dependency_links.txt\n'}
[0.190471] (webots_ros2_msgs) StdoutLine: {'line': b'writing top-level names to webots_ros2_msgs.egg-info/top_level.txt\n'}
[0.191654] (webots_ros2_msgs) StdoutLine: {'line': b"reading manifest file 'webots_ros2_msgs.egg-info/SOURCES.txt'\n"}
[0.191981] (webots_ros2_msgs) StdoutLine: {'line': b"writing manifest file 'webots_ros2_msgs.egg-info/SOURCES.txt'\n"}
[0.200467] (-) TimerEvent: {}
[0.206659] (webots_ros2_msgs) StdoutLine: {'line': b'[100%] Built target ament_cmake_python_build_webots_ros2_msgs_egg\n'}
[0.272467] (webots_ros2_msgs) CommandEnded: {'returncode': 0}
[0.272786] (webots_ros2_msgs) JobProgress: {'identifier': 'webots_ros2_msgs', 'progress': 'install'}
[0.279304] (webots_ros2_msgs) Command: {'cmd': ['/usr/bin/cmake', '--install', '/home/verity-xie/Unibots 2026/test_ws/build/webots_ros2_msgs'], 'cwd': '/home/verity-xie/Unibots 2026/test_ws/build/webots_ros2_msgs', 'env': OrderedDict([('PYTHON_BASIC_REPL', '1'), ('LESSOPEN', '| /usr/bin/lesspipe %s'), ('LANGUAGE', 'en_GB:en'), ('USER', 'verity-xie'), ('LC_TIME', 'zh_CN.UTF-8'), ('XDG_SESSION_TYPE', 'x11'), ('GIT_ASKPASS', '/usr/share/code/resources/app/extensions/git/dist/askpass.sh'), ('SHLVL', '2'), ('LD_LIBRARY_PATH', '/opt/ros/humble/opt/rviz_ogre_vendor/lib:/opt/ros/humble/lib/x86_64-linux-gnu:/opt/ros/humble/lib'), ('HOME', '/home/verity-xie'), ('CHROME_DESKTOP', 'code.desktop'), ('CONDA_SHLVL', '0'), ('OLDPWD', '/home/verity-xie/Unibots 2026/test_ws'), ('TERM_PROGRAM_VERSION', '1.102.3'), ('DESKTOP_SESSION', 'ubuntu'), ('ROS_PYTHON_VERSION', '3'), ('GNOME_SHELL_SESSION_MODE', 'ubuntu'), ('GTK_MODULES', 'gail:atk-bridge'), ('XDG_SEAT_PATH', '/org/freedesktop/DisplayManager/Seat0'), ('VSCODE_GIT_ASKPASS_MAIN', '/usr/share/code/resources/app/extensions/git/dist/askpass-main.js'), ('LC_MONETARY', 'zh_CN.UTF-8'), ('VSCODE_GIT_ASKPASS_NODE', '/usr/share/code/code'), ('PYDEVD_DISABLE_FILE_VALIDATION', '1'), ('DBUS_STARTER_BUS_TYPE', 'session'), ('SYSTEMD_EXEC_PID', '7294'), ('BUNDLED_DEBUGPY_PATH', '/home/verity-xie/.vscode/extensions/ms-python.debugpy-2025.16.0-linux-x64/bundled/libs/debugpy'), ('DBUS_SESSION_BUS_ADDRESS', 'unix:path=/run/user/1000/bus,guid=26e64f08244833c7383dc81d691c5a3e'), ('COLORTERM', 'truecolor'), ('IM_CONFIG_PHASE', '1'), ('COLCON_PREFIX_PATH', '/home/verity-xie/Unibots 2026/test_ws/install'), ('ROS_DISTRO', 'humble'), ('GTK_IM_MODULE', 'fcitx'), ('LOGNAME', 'verity-xie'), ('_', '/usr/bin/colcon'), ('ROS_VERSION', '2'), ('XDG_SESSION_CLASS', 'user'), ('TERM', 'xterm-256color'), ('GNOME_DESKTOP_SESSION_ID', 'this-is-deprecated'), ('ROS_LOCALHOST_ONLY', '0'), ('PATH', '/opt/ros/humble/bin:/home/verity-xie/anaconda3/condabin:/usr/local/sbin:/usr/local/bin:/usr/sbin:/usr/bin:/sbin:/bin:/usr/games:/usr/local/games:/snap/bin:/home/verity-xie/.vscode/extensions/ms-python.debugpy-2025.16.0-linux-x64/bundled/scripts/noConfigScripts'), ('SESSION_MANAGER', 'local/verityxie-Legion-Y9000P-IRX9:@/tmp/.ICE-unix/7294,unix/verityxie-Legion-Y9000P-IRX9:/tmp/.ICE-unix/7294'), ('GDM_LANG', 'en_GB'), ('PAPERSIZE', 'a4'), ('XDG_SESSION_PATH', '/org/freedesktop/DisplayManager/Session1'), ('XDG_MENU_PREFIX', 'gnome-'), ('LC_ADDRESS', 'zh_CN.UTF-8'), ('GNOME_TERMINAL_SCREEN', '/org/gnome/Terminal/screen/91c8f825_a6c6_4a56_8fd4_5d9657ca5659'), ('XDG_RUNTIME_DIR', '/run/user/1000'), ('GDK_BACKEND', 'x11'), ('DISPLAY', ':0'), ('VSCODE_DEBUGPY_ADAPTER_ENDPOINTS', '/home/verity-xie/.vscode/extensions/ms-python.debugpy-2025.16.0-linux-x64/.noConfigDebugAdapterEndpoints/endpoint-c1a59601807a4351.txt'), ('LANG', 'en_GB.UTF-8'), ('XDG_CURRENT_DESKTOP', 'Unity'), ('PYTHONSTARTUP', '/home/verity-xie/.config/Code/User/workspaceStorage/d564a513997d8ee8c0f5560556a271cd/ms-python.python/pythonrc.py'), ('LC_TELEPHONE', 'zh_CN.UTF-8'), ('XMODIFIERS', '@im=fcitx'), ('XDG_SESSION_DESKTOP', 'ubuntu'), ('XAUTHORITY', '/home/verity-xie/.Xauthority'), ('LS_COLORS', 'rs=0:di=01;34:ln=01;36:mh=00:pi=40;33:so=01;35:do=01;35:bd=40;33;01:cd=40;33;01:or=40;31;01:mi=00:su=37;41:sg=30;43:ca=30;41:tw=30;42:ow=34;42:st=37;44:ex=01;32:*.tar=01;31:*.tgz=01;31:*.arc=01;31:*.arj=01;31:*.taz=01;31:*.lha=01;31:*.lz4=01;31:*.lzh=01;31:*.lzma=01;31:*.tlz=01;31:*.txz=01;31:*.tzo=01;31:*.t7z=01;31:*.zip=01;31:*.z=01;31:*.dz=01;31:*.gz=01;31:*.lrz=01;31:*.lz=01;31:*.lzo=01;31:*.xz=01;31:*.zst=01;31:*.tzst=01;31:*.bz2=01;31:*.bz=01;31:*.tbz=01;31:*.tbz2=01;31:*.tz=01;31:*.deb=01;31:*.rpm=01;31:*.jar=01;31:*.war=01;31:*.ear=01;31:*.sar=01;31:*.rar=01;31:*.alz=01;31:*.ace=01;31:*.zoo=01;31:*.cpio=01;31:*.7z=01;31:*.rz=01;31:*.cab=01;31:*.wim=01;31:*.swm=01;31:*.dwm=01;31:*.esd=01;31:*.jpg=01;35:*.jpeg=01;35:*.mjpg=01;35:*.mjpeg=01;35:*.gif=01;35:*.bmp=01;35:*.pbm=01;35:*.pgm=01;35:*.ppm=01;35:*.tga=01;35:*.xbm=01;35:*.xpm=01;35:*.tif=01;35:*.tiff=01;35:*.png=01;35:*.svg=01;35:*.svgz=01;35:*.mng=01;35:*.pcx=01;35:*.mov=01;35:*.mpg=01;35:*.mpeg=01;35:*.m2v=01;35:*.mkv=01;35:*.webm=01;35:*.webp=01;35:*.ogm=01;35:*.mp4=01;35:*.m4v=01;35:*.mp4v=01;35:*.vob=01;35:*.qt=01;35:*.nuv=01;35:*.wmv=01;35:*.asf=01;35:*.rm=01;35:*.rmvb=01;35:*.flc=01;35:*.avi=01;35:*.fli=01;35:*.flv=01;35:*.gl=01;35:*.dl=01;35:*.xcf=01;35:*.xwd=01;35:*.yuv=01;35:*.cgm=01;35:*.emf=01;35:*.ogv=01;35:*.ogx=01;35:*.aac=00;36:*.au=00;36:*.flac=00;36:*.m4a=00;36:*.mid=00;36:*.midi=00;36:*.mka=00;36:*.mp3=00;36:*.mpc=00;36:*.ogg=00;36:*.ra=00;36:*.wav=00;36:*.oga=00;36:*.opus=00;36:*.spx=00;36:*.xspf=00;36:'), ('VSCODE_GIT_IPC_HANDLE', '/run/user/1000/vscode-git-716ee9208f.sock'), ('GNOME_TERMINAL_SERVICE', ':1.220'), ('TERM_PROGRAM', 'vscode'), ('SSH_AGENT_LAUNCHER', 'gnome-keyring'), ('SSH_AUTH_SOCK', '/run/user/1000/keyring/ssh'), ('XDG_GREETER_DATA_DIR', '/var/lib/lightdm-data/verity-xie'), ('AMENT_PREFIX_PATH', '/home/verity-xie/Unibots 2026/test_ws/install/pv_apriltag:/home/verity-xie/Unibots 2026/test_ws/install/ball_detection:/opt/ros/humble'), ('CONDA_PYTHON_EXE', '/home/verity-xie/anaconda3/bin/python'), ('ORIGINAL_XDG_CURRENT_DESKTOP', 'ubuntu:GNOME'), ('SHELL', '/bin/bash'), ('LC_NAME', 'zh_CN.UTF-8'), ('QT_ACCESSIBILITY', '1'), ('NO_AT_BRIDGE', '1'), ('GDMSESSION', 'ubuntu'), ('LESSCLOSE', '/usr/bin/lesspipe %s %s'), ('LC_MEASUREMENT', 'zh_CN.UTF-8'), ('GPG_AGENT_INFO', '/run/user/1000/gnupg/S.gpg-agent:0:1'), ('LC_IDENTIFICATION', 'zh_CN.UTF-8'), ('VSCODE_GIT_ASKPASS_EXTRA_ARGS', ''), ('QT_IM_MODULE', 'fcitx'), ('PWD', '/home/verity-xie/Unibots 2026/test_ws/build/webots_ros2_msgs'), ('XDG_CONFIG_DIRS', '/etc/xdg/xdg-ubuntu:/etc/xdg'), ('CONDA_EXE', '/home/verity-xie/anaconda3/bin/conda'), ('CLUTTER_IM_MODULE', 'fcitx'), ('DBUS_STARTER_ADDRESS', 'unix:path=/run/user/1000/bus,guid=26e64f08244833c7383dc81d691c5a3e'), ('XDG_DATA_DIRS', '/usr/share/ubuntu:/usr/share/gnome:/usr/local/share:/usr/share:/var/lib/snapd/desktop'), ('PYTHONPATH', '/home/verity-xie/Unibots 2026/test_ws/build/pv_apriltag:/home/verity-xie/Unibots 2026/test_ws/install/pv_apriltag/lib/python3.10/site-packages:/home/verity-xie/Unibots 2026/test_ws/build/ball_detection:/home/verity-xie/Unibots 2026/test_ws/install/ball_detection/lib/python3.10/site-packages:/opt/ros/humble/lib/python3.10/site-packages:/opt/ros/humble/local/lib/python3.10/dist-packages'), ('LC_NUMERIC', 'zh_CN.UTF-8'), ('LC_PAPER', 'zh_CN.UTF-8'), ('COLCON', '1'), ('VTE_VERSION', '6800'), ('CMAKE_PREFIX_PATH', '/home/verity-xie/Unibots 2026/test_ws/install/pv_apriltag:/home/verity-xie/Unibots 2026/test_ws/install/ball_detection:/opt/ros/humble')]), 'shell': False}
[0.284520] (webots_ros2_msgs) StdoutLine: {'line': b'-- Install configuration: ""\n'}
[0.285095] (webots_ros2_msgs) StdoutLine: {'line': b'-- Execute custom install script\n'}
[0.285290] (webots_ros2_msgs) StdoutLine: {'line': b'-- Up-to-date symlink: /home/verity-xie/Unibots 2026/test_ws/install/webots_ros2_msgs/share/ament_index/resource_index/rosidl_interfaces/webots_ros2_msgs\n'}
[0.285745] (webots_ros2_msgs) StdoutLine: {'line': b'-- Up-to-date symlink: /home/verity-xie/Unibots 2026/test_ws/install/webots_ros2_msgs/include/webots_ros2_msgs/webots_ros2_msgs/msg/bool_stamped.h\n'}
[0.285865] (webots_ros2_msgs) StdoutLine: {'line': b'-- Up-to-date symlink: /home/verity-xie/Unibots 2026/test_ws/install/webots_ros2_msgs/include/webots_ros2_msgs/webots_ros2_msgs/msg/camera_recognition_object.h\n'}
[0.285929] (webots_ros2_msgs) StdoutLine: {'line': b'-- Up-to-date symlink: /home/verity-xie/Unibots 2026/test_ws/install/webots_ros2_msgs/include/webots_ros2_msgs/webots_ros2_msgs/msg/camera_recognition_objects.h\n'}
[0.286097] (webots_ros2_msgs) StdoutLine: {'line': b'-- Up-to-date symlink: /home/verity-xie/Unibots 2026/test_ws/install/webots_ros2_msgs/include/webots_ros2_msgs/webots_ros2_msgs/msg/detail/bool_stamped__functions.h\n'}
[0.286187] (webots_ros2_msgs) StdoutLine: {'line': b'-- Up-to-date symlink: /home/verity-xie/Unibots 2026/test_ws/install/webots_ros2_msgs/include/webots_ros2_msgs/webots_ros2_msgs/msg/detail/bool_stamped__struct.h\n'}
[0.286243] (webots_ros2_msgs) StdoutLine: {'line': b'-- Up-to-date symlink: /home/verity-xie/Unibots 2026/test_ws/install/webots_ros2_msgs/include/webots_ros2_msgs/webots_ros2_msgs/msg/detail/bool_stamped__type_support.h\n'}
[0.286295] (webots_ros2_msgs) StdoutLine: {'line': b'-- Up-to-date symlink: /home/verity-xie/Unibots 2026/test_ws/install/webots_ros2_msgs/include/webots_ros2_msgs/webots_ros2_msgs/msg/detail/camera_recognition_object__functions.h\n'}
[0.286346] (webots_ros2_msgs) StdoutLine: {'line': b'-- Up-to-date symlink: /home/verity-xie/Unibots 2026/test_ws/install/webots_ros2_msgs/include/webots_ros2_msgs/webots_ros2_msgs/msg/detail/camera_recognition_object__struct.h\n'}
[0.286426] (webots_ros2_msgs) StdoutLine: {'line': b'-- Up-to-date symlink: /home/verity-xie/Unibots 2026/test_ws/install/webots_ros2_msgs/include/webots_ros2_msgs/webots_ros2_msgs/msg/detail/camera_recognition_object__type_support.h\n'}
[0.286479] (webots_ros2_msgs) StdoutLine: {'line': b'-- Up-to-date symlink: /home/verity-xie/Unibots 2026/test_ws/install/webots_ros2_msgs/include/webots_ros2_msgs/webots_ros2_msgs/msg/detail/camera_recognition_objects__functions.h\n'}
[0.286529] (webots_ros2_msgs) StdoutLine: {'line': b'-- Up-to-date symlink: /home/verity-xie/Unibots 2026/test_ws/install/webots_ros2_msgs/include/webots_ros2_msgs/webots_ros2_msgs/msg/detail/camera_recognition_objects__struct.h\n'}
[0.286579] (webots_ros2_msgs) StdoutLine: {'line': b'-- Up-to-date symlink: /home/verity-xie/Unibots 2026/test_ws/install/webots_ros2_msgs/include/webots_ros2_msgs/webots_ros2_msgs/msg/detail/camera_recognition_objects__type_support.h\n'}
[0.286629] (webots_ros2_msgs) StdoutLine: {'line': b'-- Up-to-date symlink: /home/verity-xie/Unibots 2026/test_ws/install/webots_ros2_msgs/include/webots_ros2_msgs/webots_ros2_msgs/msg/detail/float_stamped__functions.h\n'}
[0.286678] (webots_ros2_msgs) StdoutLine: {'line': b'-- Up-to-date symlink: /home/verity-xie/Unibots 2026/test_ws/install/webots_ros2_msgs/include/webots_ros2_msgs/webots_ros2_msgs/msg/detail/float_stamped__struct.h\n'}
[0.286727] (webots_ros2_msgs) StdoutLine: {'line': b'-- Up-to-date symlink: /home/verity-xie/Unibots 2026/test_ws/install/webots_ros2_msgs/include/webots_ros2_msgs/webots_ros2_msgs/msg/detail/float_stamped__type_support.h\n'}
[0.286844] (webots_ros2_msgs) StdoutLine: {'line': b'-- Up-to-date symlink: /home/verity-xie/Unibots 2026/test_ws/install/webots_ros2_msgs/include/webots_ros2_msgs/webots_ros2_msgs/msg/detail/pen_ink_properties__functions.h\n'}
[0.286922] (webots_ros2_msgs) StdoutLine: {'line': b'-- Up-to-date symlink: /home/verity-xie/Unibots 2026/test_ws/install/webots_ros2_msgs/include/webots_ros2_msgs/webots_ros2_msgs/msg/detail/pen_ink_properties__struct.h\n'}
[0.286973] (webots_ros2_msgs) StdoutLine: {'line': b'-- Up-to-date symlink: /home/verity-xie/Unibots 2026/test_ws/install/webots_ros2_msgs/include/webots_ros2_msgs/webots_ros2_msgs/msg/detail/pen_ink_properties__type_support.h\n'}
[0.287024] (webots_ros2_msgs) StdoutLine: {'line': b'-- Up-to-date symlink: /home/verity-xie/Unibots 2026/test_ws/install/webots_ros2_msgs/include/webots_ros2_msgs/webots_ros2_msgs/msg/detail/string_stamped__functions.h\n'}
[0.287072] (webots_ros2_msgs) StdoutLine: {'line': b'-- Up-to-date symlink: /home/verity-xie/Unibots 2026/test_ws/install/webots_ros2_msgs/include/webots_ros2_msgs/webots_ros2_msgs/msg/detail/string_stamped__struct.h\n'}
[0.287153] (webots_ros2_msgs) StdoutLine: {'line': b'-- Up-to-date symlink: /home/verity-xie/Unibots 2026/test_ws/install/webots_ros2_msgs/include/webots_ros2_msgs/webots_ros2_msgs/msg/detail/string_stamped__type_support.h\n'}
[0.287202] (webots_ros2_msgs) StdoutLine: {'line': b'-- Up-to-date symlink: /home/verity-xie/Unibots 2026/test_ws/install/webots_ros2_msgs/include/webots_ros2_msgs/webots_ros2_msgs/msg/detail/urdf_robot__functions.h\n'}
[0.287251] (webots_ros2_msgs) StdoutLine: {'line': b'-- Up-to-date symlink: /home/verity-xie/Unibots 2026/test_ws/install/webots_ros2_msgs/include/webots_ros2_msgs/webots_ros2_msgs/msg/detail/urdf_robot__struct.h\n'}
[0.287300] (webots_ros2_msgs) StdoutLine: {'line': b'-- Up-to-date symlink: /home/verity-xie/Unibots 2026/test_ws/install/webots_ros2_msgs/include/webots_ros2_msgs/webots_ros2_msgs/msg/detail/urdf_robot__type_support.h\n'}
[0.287348] (webots_ros2_msgs) StdoutLine: {'line': b'-- Up-to-date symlink: /home/verity-xie/Unibots 2026/test_ws/install/webots_ros2_msgs/include/webots_ros2_msgs/webots_ros2_msgs/msg/float_stamped.h\n'}
[0.287397] (webots_ros2_msgs) StdoutLine: {'line': b'-- Up-to-date symlink: /home/verity-xie/Unibots 2026/test_ws/install/webots_ros2_msgs/include/webots_ros2_msgs/webots_ros2_msgs/msg/pen_ink_properties.h\n'}
[0.287446] (webots_ros2_msgs) StdoutLine: {'line': b'-- Up-to-date symlink: /home/verity-xie/Unibots 2026/test_ws/install/webots_ros2_msgs/include/webots_ros2_msgs/webots_ros2_msgs/msg/rosidl_generator_c__visibility_control.h\n'}
[0.287495] (webots_ros2_msgs) StdoutLine: {'line': b'-- Up-to-date symlink: /home/verity-xie/Unibots 2026/test_ws/install/webots_ros2_msgs/include/webots_ros2_msgs/webots_ros2_msgs/msg/string_stamped.h\n'}
[0.287543] (webots_ros2_msgs) StdoutLine: {'line': b'-- Up-to-date symlink: /home/verity-xie/Unibots 2026/test_ws/install/webots_ros2_msgs/include/webots_ros2_msgs/webots_ros2_msgs/msg/urdf_robot.h\n'}
[0.287591] (webots_ros2_msgs) StdoutLine: {'line': b'-- Up-to-date symlink: /home/verity-xie/Unibots 2026/test_ws/install/webots_ros2_msgs/include/webots_ros2_msgs/webots_ros2_msgs/srv/detail/emitter_send_string__functions.h\n'}
[0.287640] (webots_ros2_msgs) StdoutLine: {'line': b'-- Up-to-date symlink: /home/verity-xie/Unibots 2026/test_ws/install/webots_ros2_msgs/include/webots_ros2_msgs/webots_ros2_msgs/srv/detail/emitter_send_string__struct.h\n'}
[0.287719] (webots_ros2_msgs) StdoutLine: {'line': b'-- Up-to-date symlink: /home/verity-xie/Unibots 2026/test_ws/install/webots_ros2_msgs/include/webots_ros2_msgs/webots_ros2_msgs/srv/detail/emitter_send_string__type_support.h\n'}
[0.287789] (webots_ros2_msgs) StdoutLine: {'line': b'-- Up-to-date symlink: /home/verity-xie/Unibots 2026/test_ws/install/webots_ros2_msgs/include/webots_ros2_msgs/webots_ros2_msgs/srv/detail/get_bool__functions.h\n'}
[0.287877] (webots_ros2_msgs) StdoutLine: {'line': b'-- Up-to-date symlink: /home/verity-xie/Unibots 2026/test_ws/install/webots_ros2_msgs/include/webots_ros2_msgs/webots_ros2_msgs/srv/detail/get_bool__struct.h\n'}
[0.287926] (webots_ros2_msgs) StdoutLine: {'line': b'-- Up-to-date symlink: /home/verity-xie/Unibots 2026/test_ws/install/webots_ros2_msgs/include/webots_ros2_msgs/webots_ros2_msgs/srv/detail/get_bool__type_support.h\n'}
[0.287974] (webots_ros2_msgs) StdoutLine: {'line': b'-- Up-to-date symlink: /home/verity-xie/Unibots 2026/test_ws/install/webots_ros2_msgs/include/webots_ros2_msgs/webots_ros2_msgs/srv/detail/set_string__functions.h\n'}
[0.288023] (webots_ros2_msgs) StdoutLine: {'line': b'-- Up-to-date symlink: /home/verity-xie/Unibots 2026/test_ws/install/webots_ros2_msgs/include/webots_ros2_msgs/webots_ros2_msgs/srv/detail/set_string__struct.h\n'}
[0.288072] (webots_ros2_msgs) StdoutLine: {'line': b'-- Up-to-date symlink: /home/verity-xie/Unibots 2026/test_ws/install/webots_ros2_msgs/include/webots_ros2_msgs/webots_ros2_msgs/srv/detail/set_string__type_support.h\n'}
[0.288120] (webots_ros2_msgs) StdoutLine: {'line': b'-- Up-to-date symlink: /home/verity-xie/Unibots 2026/test_ws/install/webots_ros2_msgs/include/webots_ros2_msgs/webots_ros2_msgs/srv/detail/spawn_node_from_string__functions.h\n'}
[0.288202] (webots_ros2_msgs) StdoutLine: {'line': b'-- Up-to-date symlink: /home/verity-xie/Unibots 2026/test_ws/install/webots_ros2_msgs/include/webots_ros2_msgs/webots_ros2_msgs/srv/detail/spawn_node_from_string__struct.h\n'}
[0.288251] (webots_ros2_msgs) StdoutLine: {'line': b'-- Up-to-date symlink: /home/verity-xie/Unibots 2026/test_ws/install/webots_ros2_msgs/include/webots_ros2_msgs/webots_ros2_msgs/srv/detail/spawn_node_from_string__type_support.h\n'}
[0.288314] (webots_ros2_msgs) StdoutLine: {'line': b'-- Up-to-date symlink: /home/verity-xie/Unibots 2026/test_ws/install/webots_ros2_msgs/include/webots_ros2_msgs/webots_ros2_msgs/srv/detail/spawn_urdf_robot__functions.h\n'}
[0.288360] (webots_ros2_msgs) StdoutLine: {'line': b'-- Up-to-date symlink: /home/verity-xie/Unibots 2026/test_ws/install/webots_ros2_msgs/include/webots_ros2_msgs/webots_ros2_msgs/srv/detail/spawn_urdf_robot__struct.h\n'}
[0.288406] (webots_ros2_msgs) StdoutLine: {'line': b'-- Up-to-date symlink: /home/verity-xie/Unibots 2026/test_ws/install/webots_ros2_msgs/include/webots_ros2_msgs/webots_ros2_msgs/srv/detail/spawn_urdf_robot__type_support.h\n'}
[0.288457] (webots_ros2_msgs) StdoutLine: {'line': b'-- Up-to-date symlink: /home/verity-xie/Unibots 2026/test_ws/install/webots_ros2_msgs/include/webots_ros2_msgs/webots_ros2_msgs/srv/emitter_send_string.h\n'}
[0.288503] (webots_ros2_msgs) StdoutLine: {'line': b'-- Up-to-date symlink: /home/verity-xie/Unibots 2026/test_ws/install/webots_ros2_msgs/include/webots_ros2_msgs/webots_ros2_msgs/srv/get_bool.h\n'}
[0.288549] (webots_ros2_msgs) StdoutLine: {'line': b'-- Up-to-date symlink: /home/verity-xie/Unibots 2026/test_ws/install/webots_ros2_msgs/include/webots_ros2_msgs/webots_ros2_msgs/srv/set_string.h\n'}
[0.288595] (webots_ros2_msgs) StdoutLine: {'line': b'-- Up-to-date symlink: /home/verity-xie/Unibots 2026/test_ws/install/webots_ros2_msgs/include/webots_ros2_msgs/webots_ros2_msgs/srv/spawn_node_from_string.h\n'}
[0.288644] (webots_ros2_msgs) StdoutLine: {'line': b'-- Up-to-date symlink: /home/verity-xie/Unibots 2026/test_ws/install/webots_ros2_msgs/include/webots_ros2_msgs/webots_ros2_msgs/srv/spawn_urdf_robot.h\n'}
[0.288692] (webots_ros2_msgs) StdoutLine: {'line': b'-- Up-to-date symlink: /home/verity-xie/Unibots 2026/test_ws/install/webots_ros2_msgs/share/webots_ros2_msgs/environment/library_path.sh\n'}
[0.288778] (webots_ros2_msgs) StdoutLine: {'line': b'-- Up-to-date symlink: /home/verity-xie/Unibots 2026/test_ws/install/webots_ros2_msgs/share/webots_ros2_msgs/environment/library_path.dsv\n'}
[0.288827] (webots_ros2_msgs) StdoutLine: {'line': b'-- Up-to-date symlink: /home/verity-xie/Unibots 2026/test_ws/install/webots_ros2_msgs/include/webots_ros2_msgs/webots_ros2_msgs/msg/detail/bool_stamped__rosidl_typesupport_fastrtps_c.h\n'}
[0.288874] (webots_ros2_msgs) StdoutLine: {'line': b'-- Up-to-date symlink: /home/verity-xie/Unibots 2026/test_ws/install/webots_ros2_msgs/include/webots_ros2_msgs/webots_ros2_msgs/msg/detail/camera_recognition_object__rosidl_typesupport_fastrtps_c.h\n'}
[0.288980] (webots_ros2_msgs) StdoutLine: {'line': b'-- Up-to-date symlink: /home/verity-xie/Unibots 2026/test_ws/install/webots_ros2_msgs/include/webots_ros2_msgs/webots_ros2_msgs/msg/detail/camera_recognition_objects__rosidl_typesupport_fastrtps_c.h\n'}
[0.289014] (webots_ros2_msgs) StdoutLine: {'line': b'-- Up-to-date symlink: /home/verity-xie/Unibots 2026/test_ws/install/webots_ros2_msgs/include/webots_ros2_msgs/webots_ros2_msgs/msg/detail/float_stamped__rosidl_typesupport_fastrtps_c.h\n'}
[0.289149] (webots_ros2_msgs) StdoutLine: {'line': b'-- Up-to-date symlink: /home/verity-xie/Unibots 2026/test_ws/install/webots_ros2_msgs/include/webots_ros2_msgs/webots_ros2_msgs/msg/detail/pen_ink_properties__rosidl_typesupport_fastrtps_c.h\n'}
[0.289204] (webots_ros2_msgs) StdoutLine: {'line': b'-- Up-to-date symlink: /home/verity-xie/Unibots 2026/test_ws/install/webots_ros2_msgs/include/webots_ros2_msgs/webots_ros2_msgs/msg/detail/string_stamped__rosidl_typesupport_fastrtps_c.h\n'}
[0.289249] (webots_ros2_msgs) StdoutLine: {'line': b'-- Up-to-date symlink: /home/verity-xie/Unibots 2026/test_ws/install/webots_ros2_msgs/include/webots_ros2_msgs/webots_ros2_msgs/msg/detail/urdf_robot__rosidl_typesupport_fastrtps_c.h\n'}
[0.289275] (webots_ros2_msgs) StdoutLine: {'line': b'-- Up-to-date symlink: /home/verity-xie/Unibots 2026/test_ws/install/webots_ros2_msgs/include/webots_ros2_msgs/webots_ros2_msgs/msg/rosidl_typesupport_fastrtps_c__visibility_control.h\n'}
[0.289298] (webots_ros2_msgs) StdoutLine: {'line': b'-- Up-to-date symlink: /home/verity-xie/Unibots 2026/test_ws/install/webots_ros2_msgs/include/webots_ros2_msgs/webots_ros2_msgs/srv/detail/emitter_send_string__rosidl_typesupport_fastrtps_c.h\n'}
[0.289320] (webots_ros2_msgs) StdoutLine: {'line': b'-- Up-to-date symlink: /home/verity-xie/Unibots 2026/test_ws/install/webots_ros2_msgs/include/webots_ros2_msgs/webots_ros2_msgs/srv/detail/get_bool__rosidl_typesupport_fastrtps_c.h\n'}
[0.289341] (webots_ros2_msgs) StdoutLine: {'line': b'-- Up-to-date symlink: /home/verity-xie/Unibots 2026/test_ws/install/webots_ros2_msgs/include/webots_ros2_msgs/webots_ros2_msgs/srv/detail/set_string__rosidl_typesupport_fastrtps_c.h\n'}
[0.289362] (webots_ros2_msgs) StdoutLine: {'line': b'-- Up-to-date symlink: /home/verity-xie/Unibots 2026/test_ws/install/webots_ros2_msgs/include/webots_ros2_msgs/webots_ros2_msgs/srv/detail/spawn_node_from_string__rosidl_typesupport_fastrtps_c.h\n'}
[0.289384] (webots_ros2_msgs) StdoutLine: {'line': b'-- Up-to-date symlink: /home/verity-xie/Unibots 2026/test_ws/install/webots_ros2_msgs/include/webots_ros2_msgs/webots_ros2_msgs/srv/detail/spawn_urdf_robot__rosidl_typesupport_fastrtps_c.h\n'}
[0.289420] (webots_ros2_msgs) StdoutLine: {'line': b'-- Up-to-date symlink: /home/verity-xie/Unibots 2026/test_ws/install/webots_ros2_msgs/include/webots_ros2_msgs/webots_ros2_msgs/msg/bool_stamped.hpp\n'}
[0.289440] (webots_ros2_msgs) StdoutLine: {'line': b'-- Up-to-date symlink: /home/verity-xie/Unibots 2026/test_ws/install/webots_ros2_msgs/include/webots_ros2_msgs/webots_ros2_msgs/msg/camera_recognition_object.hpp\n'}
[0.289460] (webots_ros2_msgs) StdoutLine: {'line': b'-- Up-to-date symlink: /home/verity-xie/Unibots 2026/test_ws/install/webots_ros2_msgs/include/webots_ros2_msgs/webots_ros2_msgs/msg/camera_recognition_objects.hpp\n'}
[0.289478] (webots_ros2_msgs) StdoutLine: {'line': b'-- Up-to-date symlink: /home/verity-xie/Unibots 2026/test_ws/install/webots_ros2_msgs/include/webots_ros2_msgs/webots_ros2_msgs/msg/detail/bool_stamped__builder.hpp\n'}
[0.289499] (webots_ros2_msgs) StdoutLine: {'line': b'-- Up-to-date symlink: /home/verity-xie/Unibots 2026/test_ws/install/webots_ros2_msgs/include/webots_ros2_msgs/webots_ros2_msgs/msg/detail/bool_stamped__struct.hpp\n'}
[0.289520] (webots_ros2_msgs) StdoutLine: {'line': b'-- Up-to-date symlink: /home/verity-xie/Unibots 2026/test_ws/install/webots_ros2_msgs/include/webots_ros2_msgs/webots_ros2_msgs/msg/detail/bool_stamped__traits.hpp\n'}
[0.289541] (webots_ros2_msgs) StdoutLine: {'line': b'-- Up-to-date symlink: /home/verity-xie/Unibots 2026/test_ws/install/webots_ros2_msgs/include/webots_ros2_msgs/webots_ros2_msgs/msg/detail/bool_stamped__type_support.hpp\n'}
[0.289562] (webots_ros2_msgs) StdoutLine: {'line': b'-- Up-to-date symlink: /home/verity-xie/Unibots 2026/test_ws/install/webots_ros2_msgs/include/webots_ros2_msgs/webots_ros2_msgs/msg/detail/camera_recognition_object__builder.hpp\n'}
[0.289583] (webots_ros2_msgs) StdoutLine: {'line': b'-- Up-to-date symlink: /home/verity-xie/Unibots 2026/test_ws/install/webots_ros2_msgs/include/webots_ros2_msgs/webots_ros2_msgs/msg/detail/camera_recognition_object__struct.hpp\n'}
[0.289604] (webots_ros2_msgs) StdoutLine: {'line': b'-- Up-to-date symlink: /home/verity-xie/Unibots 2026/test_ws/install/webots_ros2_msgs/include/webots_ros2_msgs/webots_ros2_msgs/msg/detail/camera_recognition_object__traits.hpp\n'}
[0.289624] (webots_ros2_msgs) StdoutLine: {'line': b'-- Up-to-date symlink: /home/verity-xie/Unibots 2026/test_ws/install/webots_ros2_msgs/include/webots_ros2_msgs/webots_ros2_msgs/msg/detail/camera_recognition_object__type_support.hpp\n'}
[0.289658] (webots_ros2_msgs) StdoutLine: {'line': b'-- Up-to-date symlink: /home/verity-xie/Unibots 2026/test_ws/install/webots_ros2_msgs/include/webots_ros2_msgs/webots_ros2_msgs/msg/detail/camera_recognition_objects__builder.hpp\n'}
[0.289679] (webots_ros2_msgs) StdoutLine: {'line': b'-- Up-to-date symlink: /home/verity-xie/Unibots 2026/test_ws/install/webots_ros2_msgs/include/webots_ros2_msgs/webots_ros2_msgs/msg/detail/camera_recognition_objects__struct.hpp\n'}
[0.289710] (webots_ros2_msgs) StdoutLine: {'line': b'-- Up-to-date symlink: /home/verity-xie/Unibots 2026/test_ws/install/webots_ros2_msgs/include/webots_ros2_msgs/webots_ros2_msgs/msg/detail/camera_recognition_objects__traits.hpp\n'}
[0.289731] (webots_ros2_msgs) StdoutLine: {'line': b'-- Up-to-date symlink: /home/verity-xie/Unibots 2026/test_ws/install/webots_ros2_msgs/include/webots_ros2_msgs/webots_ros2_msgs/msg/detail/camera_recognition_objects__type_support.hpp\n'}
[0.289751] (webots_ros2_msgs) StdoutLine: {'line': b'-- Up-to-date symlink: /home/verity-xie/Unibots 2026/test_ws/install/webots_ros2_msgs/include/webots_ros2_msgs/webots_ros2_msgs/msg/detail/float_stamped__builder.hpp\n'}
[0.289787] (webots_ros2_msgs) StdoutLine: {'line': b'-- Up-to-date symlink: /home/verity-xie/Unibots 2026/test_ws/install/webots_ros2_msgs/include/webots_ros2_msgs/webots_ros2_msgs/msg/detail/float_stamped__struct.hpp\n'}
[0.289810] (webots_ros2_msgs) StdoutLine: {'line': b'-- Up-to-date symlink: /home/verity-xie/Unibots 2026/test_ws/install/webots_ros2_msgs/include/webots_ros2_msgs/webots_ros2_msgs/msg/detail/float_stamped__traits.hpp\n'}
[0.289831] (webots_ros2_msgs) StdoutLine: {'line': b'-- Up-to-date symlink: /home/verity-xie/Unibots 2026/test_ws/install/webots_ros2_msgs/include/webots_ros2_msgs/webots_ros2_msgs/msg/detail/float_stamped__type_support.hpp\n'}
[0.289852] (webots_ros2_msgs) StdoutLine: {'line': b'-- Up-to-date symlink: /home/verity-xie/Unibots 2026/test_ws/install/webots_ros2_msgs/include/webots_ros2_msgs/webots_ros2_msgs/msg/detail/pen_ink_properties__builder.hpp\n'}
[0.289873] (webots_ros2_msgs) StdoutLine: {'line': b'-- Up-to-date symlink: /home/verity-xie/Unibots 2026/test_ws/install/webots_ros2_msgs/include/webots_ros2_msgs/webots_ros2_msgs/msg/detail/pen_ink_properties__struct.hpp\n'}
[0.289893] (webots_ros2_msgs) StdoutLine: {'line': b'-- Up-to-date symlink: /home/verity-xie/Unibots 2026/test_ws/install/webots_ros2_msgs/include/webots_ros2_msgs/webots_ros2_msgs/msg/detail/pen_ink_properties__traits.hpp\n'}
[0.289930] (webots_ros2_msgs) StdoutLine: {'line': b'-- Up-to-date symlink: /home/verity-xie/Unibots 2026/test_ws/install/webots_ros2_msgs/include/webots_ros2_msgs/webots_ros2_msgs/msg/detail/pen_ink_properties__type_support.hpp\n'}
[0.289951] (webots_ros2_msgs) StdoutLine: {'line': b'-- Up-to-date symlink: /home/verity-xie/Unibots 2026/test_ws/install/webots_ros2_msgs/include/webots_ros2_msgs/webots_ros2_msgs/msg/detail/string_stamped__builder.hpp\n'}
[0.289989] (webots_ros2_msgs) StdoutLine: {'line': b'-- Up-to-date symlink: /home/verity-xie/Unibots 2026/test_ws/install/webots_ros2_msgs/include/webots_ros2_msgs/webots_ros2_msgs/msg/detail/string_stamped__struct.hpp\n'}
[0.290008] (webots_ros2_msgs) StdoutLine: {'line': b'-- Up-to-date symlink: /home/verity-xie/Unibots 2026/test_ws/install/webots_ros2_msgs/include/webots_ros2_msgs/webots_ros2_msgs/msg/detail/string_stamped__traits.hpp\n'}
[0.290030] (webots_ros2_msgs) StdoutLine: {'line': b'-- Up-to-date symlink: /home/verity-xie/Unibots 2026/test_ws/install/webots_ros2_msgs/include/webots_ros2_msgs/webots_ros2_msgs/msg/detail/string_stamped__type_support.hpp\n'}
[0.290052] (webots_ros2_msgs) StdoutLine: {'line': b'-- Up-to-date symlink: /home/verity-xie/Unibots 2026/test_ws/install/webots_ros2_msgs/include/webots_ros2_msgs/webots_ros2_msgs/msg/detail/urdf_robot__builder.hpp\n'}
[0.290083] (webots_ros2_msgs) StdoutLine: {'line': b'-- Up-to-date symlink: /home/verity-xie/Unibots 2026/test_ws/install/webots_ros2_msgs/include/webots_ros2_msgs/webots_ros2_msgs/msg/detail/urdf_robot__struct.hpp\n'}
[0.290104] (webots_ros2_msgs) StdoutLine: {'line': b'-- Up-to-date symlink: /home/verity-xie/Unibots 2026/test_ws/install/webots_ros2_msgs/include/webots_ros2_msgs/webots_ros2_msgs/msg/detail/urdf_robot__traits.hpp\n'}
[0.290124] (webots_ros2_msgs) StdoutLine: {'line': b'-- Up-to-date symlink: /home/verity-xie/Unibots 2026/test_ws/install/webots_ros2_msgs/include/webots_ros2_msgs/webots_ros2_msgs/msg/detail/urdf_robot__type_support.hpp\n'}
[0.290145] (webots_ros2_msgs) StdoutLine: {'line': b'-- Up-to-date symlink: /home/verity-xie/Unibots 2026/test_ws/install/webots_ros2_msgs/include/webots_ros2_msgs/webots_ros2_msgs/msg/float_stamped.hpp\n'}
[0.290166] (webots_ros2_msgs) StdoutLine: {'line': b'-- Up-to-date symlink: /home/verity-xie/Unibots 2026/test_ws/install/webots_ros2_msgs/include/webots_ros2_msgs/webots_ros2_msgs/msg/pen_ink_properties.hpp\n'}
[0.290187] (webots_ros2_msgs) StdoutLine: {'line': b'-- Up-to-date symlink: /home/verity-xie/Unibots 2026/test_ws/install/webots_ros2_msgs/include/webots_ros2_msgs/webots_ros2_msgs/msg/rosidl_generator_cpp__visibility_control.hpp\n'}
[0.290208] (webots_ros2_msgs) StdoutLine: {'line': b'-- Up-to-date symlink: /home/verity-xie/Unibots 2026/test_ws/install/webots_ros2_msgs/include/webots_ros2_msgs/webots_ros2_msgs/msg/string_stamped.hpp\n'}
[0.290230] (webots_ros2_msgs) StdoutLine: {'line': b'-- Up-to-date symlink: /home/verity-xie/Unibots 2026/test_ws/install/webots_ros2_msgs/include/webots_ros2_msgs/webots_ros2_msgs/msg/urdf_robot.hpp\n'}
[0.290269] (webots_ros2_msgs) StdoutLine: {'line': b'-- Up-to-date symlink: /home/verity-xie/Unibots 2026/test_ws/install/webots_ros2_msgs/include/webots_ros2_msgs/webots_ros2_msgs/srv/detail/emitter_send_string__builder.hpp\n'}
[0.290289] (webots_ros2_msgs) StdoutLine: {'line': b'-- Up-to-date symlink: /home/verity-xie/Unibots 2026/test_ws/install/webots_ros2_msgs/include/webots_ros2_msgs/webots_ros2_msgs/srv/detail/emitter_send_string__struct.hpp\n'}
[0.290315] (webots_ros2_msgs) StdoutLine: {'line': b'-- Up-to-date symlink: /home/verity-xie/Unibots 2026/test_ws/install/webots_ros2_msgs/include/webots_ros2_msgs/webots_ros2_msgs/srv/detail/emitter_send_string__traits.hpp\n'}
[0.290335] (webots_ros2_msgs) StdoutLine: {'line': b'-- Up-to-date symlink: /home/verity-xie/Unibots 2026/test_ws/install/webots_ros2_msgs/include/webots_ros2_msgs/webots_ros2_msgs/srv/detail/emitter_send_string__type_support.hpp\n'}
[0.290355] (webots_ros2_msgs) StdoutLine: {'line': b'-- Up-to-date symlink: /home/verity-xie/Unibots 2026/test_ws/install/webots_ros2_msgs/include/webots_ros2_msgs/webots_ros2_msgs/srv/detail/get_bool__builder.hpp\n'}
[0.290376] (webots_ros2_msgs) StdoutLine: {'line': b'-- Up-to-date symlink: /home/verity-xie/Unibots 2026/test_ws/install/webots_ros2_msgs/include/webots_ros2_msgs/webots_ros2_msgs/srv/detail/get_bool__struct.hpp\n'}
[0.290396] (webots_ros2_msgs) StdoutLine: {'line': b'-- Up-to-date symlink: /home/verity-xie/Unibots 2026/test_ws/install/webots_ros2_msgs/include/webots_ros2_msgs/webots_ros2_msgs/srv/detail/get_bool__traits.hpp\n'}
[0.290417] (webots_ros2_msgs) StdoutLine: {'line': b'-- Up-to-date symlink: /home/verity-xie/Unibots 2026/test_ws/install/webots_ros2_msgs/include/webots_ros2_msgs/webots_ros2_msgs/srv/detail/get_bool__type_support.hpp\n'}
[0.290437] (webots_ros2_msgs) StdoutLine: {'line': b'-- Up-to-date symlink: /home/verity-xie/Unibots 2026/test_ws/install/webots_ros2_msgs/include/webots_ros2_msgs/webots_ros2_msgs/srv/detail/set_string__builder.hpp\n'}
[0.290457] (webots_ros2_msgs) StdoutLine: {'line': b'-- Up-to-date symlink: /home/verity-xie/Unibots 2026/test_ws/install/webots_ros2_msgs/include/webots_ros2_msgs/webots_ros2_msgs/srv/detail/set_string__struct.hpp\n'}
[0.290478] (webots_ros2_msgs) StdoutLine: {'line': b'-- Up-to-date symlink: /home/verity-xie/Unibots 2026/test_ws/install/webots_ros2_msgs/include/webots_ros2_msgs/webots_ros2_msgs/srv/detail/set_string__traits.hpp\n'}
[0.290513] (webots_ros2_msgs) StdoutLine: {'line': b'-- Up-to-date symlink: /home/verity-xie/Unibots 2026/test_ws/install/webots_ros2_msgs/include/webots_ros2_msgs/webots_ros2_msgs/srv/detail/set_string__type_support.hpp\n'}
[0.290536] (webots_ros2_msgs) StdoutLine: {'line': b'-- Up-to-date symlink: /home/verity-xie/Unibots 2026/test_ws/install/webots_ros2_msgs/include/webots_ros2_msgs/webots_ros2_msgs/srv/detail/spawn_node_from_string__builder.hpp\n'}
[0.290567] (webots_ros2_msgs) StdoutLine: {'line': b'-- Up-to-date symlink: /home/verity-xie/Unibots 2026/test_ws/install/webots_ros2_msgs/include/webots_ros2_msgs/webots_ros2_msgs/srv/detail/spawn_node_from_string__struct.hpp\n'}
[0.290588] (webots_ros2_msgs) StdoutLine: {'line': b'-- Up-to-date symlink: /home/verity-xie/Unibots 2026/test_ws/install/webots_ros2_msgs/include/webots_ros2_msgs/webots_ros2_msgs/srv/detail/spawn_node_from_string__traits.hpp\n'}
[0.290609] (webots_ros2_msgs) StdoutLine: {'line': b'-- Up-to-date symlink: /home/verity-xie/Unibots 2026/test_ws/install/webots_ros2_msgs/include/webots_ros2_msgs/webots_ros2_msgs/srv/detail/spawn_node_from_string__type_support.hpp\n'}
[0.290629] (webots_ros2_msgs) StdoutLine: {'line': b'-- Up-to-date symlink: /home/verity-xie/Unibots 2026/test_ws/install/webots_ros2_msgs/include/webots_ros2_msgs/webots_ros2_msgs/srv/detail/spawn_urdf_robot__builder.hpp\n'}
[0.290651] (webots_ros2_msgs) StdoutLine: {'line': b'-- Up-to-date symlink: /home/verity-xie/Unibots 2026/test_ws/install/webots_ros2_msgs/include/webots_ros2_msgs/webots_ros2_msgs/srv/detail/spawn_urdf_robot__struct.hpp\n'}
[0.290672] (webots_ros2_msgs) StdoutLine: {'line': b'-- Up-to-date symlink: /home/verity-xie/Unibots 2026/test_ws/install/webots_ros2_msgs/include/webots_ros2_msgs/webots_ros2_msgs/srv/detail/spawn_urdf_robot__traits.hpp\n'}
[0.290692] (webots_ros2_msgs) StdoutLine: {'line': b'-- Up-to-date symlink: /home/verity-xie/Unibots 2026/test_ws/install/webots_ros2_msgs/include/webots_ros2_msgs/webots_ros2_msgs/srv/detail/spawn_urdf_robot__type_support.hpp\n'}
[0.290725] (webots_ros2_msgs) StdoutLine: {'line': b'-- Up-to-date symlink: /home/verity-xie/Unibots 2026/test_ws/install/webots_ros2_msgs/include/webots_ros2_msgs/webots_ros2_msgs/srv/emitter_send_string.hpp\n'}
[0.290768] (webots_ros2_msgs) StdoutLine: {'line': b'-- Up-to-date symlink: /home/verity-xie/Unibots 2026/test_ws/install/webots_ros2_msgs/include/webots_ros2_msgs/webots_ros2_msgs/srv/get_bool.hpp\n'}
[0.290792] (webots_ros2_msgs) StdoutLine: {'line': b'-- Up-to-date symlink: /home/verity-xie/Unibots 2026/test_ws/install/webots_ros2_msgs/include/webots_ros2_msgs/webots_ros2_msgs/srv/set_string.hpp\n'}
[0.290812] (webots_ros2_msgs) StdoutLine: {'line': b'-- Up-to-date symlink: /home/verity-xie/Unibots 2026/test_ws/install/webots_ros2_msgs/include/webots_ros2_msgs/webots_ros2_msgs/srv/spawn_node_from_string.hpp\n'}
[0.290833] (webots_ros2_msgs) StdoutLine: {'line': b'-- Up-to-date symlink: /home/verity-xie/Unibots 2026/test_ws/install/webots_ros2_msgs/include/webots_ros2_msgs/webots_ros2_msgs/srv/spawn_urdf_robot.hpp\n'}
[0.291075] (webots_ros2_msgs) StdoutLine: {'line': b'-- Up-to-date symlink: /home/verity-xie/Unibots 2026/test_ws/install/webots_ros2_msgs/include/webots_ros2_msgs/webots_ros2_msgs/msg/detail/bool_stamped__rosidl_typesupport_fastrtps_cpp.hpp\n'}
[0.291140] (webots_ros2_msgs) StdoutLine: {'line': b'-- Up-to-date symlink: /home/verity-xie/Unibots 2026/test_ws/install/webots_ros2_msgs/include/webots_ros2_msgs/webots_ros2_msgs/msg/detail/camera_recognition_object__rosidl_typesupport_fastrtps_cpp.hpp\n'}
[0.291175] (webots_ros2_msgs) StdoutLine: {'line': b'-- Up-to-date symlink: /home/verity-xie/Unibots 2026/test_ws/install/webots_ros2_msgs/include/webots_ros2_msgs/webots_ros2_msgs/msg/detail/camera_recognition_objects__rosidl_typesupport_fastrtps_cpp.hpp\n'}
[0.291206] (webots_ros2_msgs) StdoutLine: {'line': b'-- Up-to-date symlink: /home/verity-xie/Unibots 2026/test_ws/install/webots_ros2_msgs/include/webots_ros2_msgs/webots_ros2_msgs/msg/detail/float_stamped__rosidl_typesupport_fastrtps_cpp.hpp\n'}
[0.291238] (webots_ros2_msgs) StdoutLine: {'line': b'-- Up-to-date symlink: /home/verity-xie/Unibots 2026/test_ws/install/webots_ros2_msgs/include/webots_ros2_msgs/webots_ros2_msgs/msg/detail/pen_ink_properties__rosidl_typesupport_fastrtps_cpp.hpp\n'}
[0.291268] (webots_ros2_msgs) StdoutLine: {'line': b'-- Up-to-date symlink: /home/verity-xie/Unibots 2026/test_ws/install/webots_ros2_msgs/include/webots_ros2_msgs/webots_ros2_msgs/msg/detail/string_stamped__rosidl_typesupport_fastrtps_cpp.hpp\n'}
[0.291301] (webots_ros2_msgs) StdoutLine: {'line': b'-- Up-to-date symlink: /home/verity-xie/Unibots 2026/test_ws/install/webots_ros2_msgs/include/webots_ros2_msgs/webots_ros2_msgs/msg/detail/urdf_robot__rosidl_typesupport_fastrtps_cpp.hpp\n'}
[0.291336] (webots_ros2_msgs) StdoutLine: {'line': b'-- Up-to-date symlink: /home/verity-xie/Unibots 2026/test_ws/install/webots_ros2_msgs/include/webots_ros2_msgs/webots_ros2_msgs/msg/rosidl_typesupport_fastrtps_cpp__visibility_control.h\n'}
[0.291376] (webots_ros2_msgs) StdoutLine: {'line': b'-- Up-to-date symlink: /home/verity-xie/Unibots 2026/test_ws/install/webots_ros2_msgs/include/webots_ros2_msgs/webots_ros2_msgs/srv/detail/emitter_send_string__rosidl_typesupport_fastrtps_cpp.hpp\n'}
[0.291413] (webots_ros2_msgs) StdoutLine: {'line': b'-- Up-to-date symlink: /home/verity-xie/Unibots 2026/test_ws/install/webots_ros2_msgs/include/webots_ros2_msgs/webots_ros2_msgs/srv/detail/get_bool__rosidl_typesupport_fastrtps_cpp.hpp\n'}
[0.291450] (webots_ros2_msgs) StdoutLine: {'line': b'-- Up-to-date symlink: /home/verity-xie/Unibots 2026/test_ws/install/webots_ros2_msgs/include/webots_ros2_msgs/webots_ros2_msgs/srv/detail/set_string__rosidl_typesupport_fastrtps_cpp.hpp\n'}
[0.291486] (webots_ros2_msgs) StdoutLine: {'line': b'-- Up-to-date symlink: /home/verity-xie/Unibots 2026/test_ws/install/webots_ros2_msgs/include/webots_ros2_msgs/webots_ros2_msgs/srv/detail/spawn_node_from_string__rosidl_typesupport_fastrtps_cpp.hpp\n'}
[0.291522] (webots_ros2_msgs) StdoutLine: {'line': b'-- Up-to-date symlink: /home/verity-xie/Unibots 2026/test_ws/install/webots_ros2_msgs/include/webots_ros2_msgs/webots_ros2_msgs/srv/detail/spawn_urdf_robot__rosidl_typesupport_fastrtps_cpp.hpp\n'}
[0.291744] (webots_ros2_msgs) StdoutLine: {'line': b'-- Up-to-date symlink: /home/verity-xie/Unibots 2026/test_ws/install/webots_ros2_msgs/include/webots_ros2_msgs/webots_ros2_msgs/msg/detail/bool_stamped__rosidl_typesupport_introspection_c.h\n'}
[0.291778] (webots_ros2_msgs) StdoutLine: {'line': b'-- Up-to-date symlink: /home/verity-xie/Unibots 2026/test_ws/install/webots_ros2_msgs/include/webots_ros2_msgs/webots_ros2_msgs/msg/detail/camera_recognition_object__rosidl_typesupport_introspection_c.h\n'}
[0.291806] (webots_ros2_msgs) StdoutLine: {'line': b'-- Up-to-date symlink: /home/verity-xie/Unibots 2026/test_ws/install/webots_ros2_msgs/include/webots_ros2_msgs/webots_ros2_msgs/msg/detail/camera_recognition_objects__rosidl_typesupport_introspection_c.h\n'}
[0.291840] (webots_ros2_msgs) StdoutLine: {'line': b'-- Up-to-date symlink: /home/verity-xie/Unibots 2026/test_ws/install/webots_ros2_msgs/include/webots_ros2_msgs/webots_ros2_msgs/msg/detail/float_stamped__rosidl_typesupport_introspection_c.h\n'}
[0.291872] (webots_ros2_msgs) StdoutLine: {'line': b'-- Up-to-date symlink: /home/verity-xie/Unibots 2026/test_ws/install/webots_ros2_msgs/include/webots_ros2_msgs/webots_ros2_msgs/msg/detail/pen_ink_properties__rosidl_typesupport_introspection_c.h\n'}
[0.291911] (webots_ros2_msgs) StdoutLine: {'line': b'-- Up-to-date symlink: /home/verity-xie/Unibots 2026/test_ws/install/webots_ros2_msgs/include/webots_ros2_msgs/webots_ros2_msgs/msg/detail/string_stamped__rosidl_typesupport_introspection_c.h\n'}
[0.291947] (webots_ros2_msgs) StdoutLine: {'line': b'-- Up-to-date symlink: /home/verity-xie/Unibots 2026/test_ws/install/webots_ros2_msgs/include/webots_ros2_msgs/webots_ros2_msgs/msg/detail/urdf_robot__rosidl_typesupport_introspection_c.h\n'}
[0.291982] (webots_ros2_msgs) StdoutLine: {'line': b'-- Up-to-date symlink: /home/verity-xie/Unibots 2026/test_ws/install/webots_ros2_msgs/include/webots_ros2_msgs/webots_ros2_msgs/msg/rosidl_typesupport_introspection_c__visibility_control.h\n'}
[0.292019] (webots_ros2_msgs) StdoutLine: {'line': b'-- Up-to-date symlink: /home/verity-xie/Unibots 2026/test_ws/install/webots_ros2_msgs/include/webots_ros2_msgs/webots_ros2_msgs/srv/detail/emitter_send_string__rosidl_typesupport_introspection_c.h\n'}
[0.292054] (webots_ros2_msgs) StdoutLine: {'line': b'-- Up-to-date symlink: /home/verity-xie/Unibots 2026/test_ws/install/webots_ros2_msgs/include/webots_ros2_msgs/webots_ros2_msgs/srv/detail/get_bool__rosidl_typesupport_introspection_c.h\n'}
[0.292092] (webots_ros2_msgs) StdoutLine: {'line': b'-- Up-to-date symlink: /home/verity-xie/Unibots 2026/test_ws/install/webots_ros2_msgs/include/webots_ros2_msgs/webots_ros2_msgs/srv/detail/set_string__rosidl_typesupport_introspection_c.h\n'}
[0.292128] (webots_ros2_msgs) StdoutLine: {'line': b'-- Up-to-date symlink: /home/verity-xie/Unibots 2026/test_ws/install/webots_ros2_msgs/include/webots_ros2_msgs/webots_ros2_msgs/srv/detail/spawn_node_from_string__rosidl_typesupport_introspection_c.h\n'}
[0.292165] (webots_ros2_msgs) StdoutLine: {'line': b'-- Up-to-date symlink: /home/verity-xie/Unibots 2026/test_ws/install/webots_ros2_msgs/include/webots_ros2_msgs/webots_ros2_msgs/srv/detail/spawn_urdf_robot__rosidl_typesupport_introspection_c.h\n'}
[0.292388] (webots_ros2_msgs) StdoutLine: {'line': b'-- Up-to-date symlink: /home/verity-xie/Unibots 2026/test_ws/install/webots_ros2_msgs/include/webots_ros2_msgs/webots_ros2_msgs/msg/detail/bool_stamped__rosidl_typesupport_introspection_cpp.hpp\n'}
[0.292428] (webots_ros2_msgs) StdoutLine: {'line': b'-- Up-to-date symlink: /home/verity-xie/Unibots 2026/test_ws/install/webots_ros2_msgs/include/webots_ros2_msgs/webots_ros2_msgs/msg/detail/camera_recognition_object__rosidl_typesupport_introspection_cpp.hpp\n'}
[0.292455] (webots_ros2_msgs) StdoutLine: {'line': b'-- Up-to-date symlink: /home/verity-xie/Unibots 2026/test_ws/install/webots_ros2_msgs/include/webots_ros2_msgs/webots_ros2_msgs/msg/detail/camera_recognition_objects__rosidl_typesupport_introspection_cpp.hpp\n'}
[0.292519] (webots_ros2_msgs) StdoutLine: {'line': b'-- Up-to-date symlink: /home/verity-xie/Unibots 2026/test_ws/install/webots_ros2_msgs/include/webots_ros2_msgs/webots_ros2_msgs/msg/detail/float_stamped__rosidl_typesupport_introspection_cpp.hpp\n'}
[0.292564] (webots_ros2_msgs) StdoutLine: {'line': b'-- Up-to-date symlink: /home/verity-xie/Unibots 2026/test_ws/install/webots_ros2_msgs/include/webots_ros2_msgs/webots_ros2_msgs/msg/detail/pen_ink_properties__rosidl_typesupport_introspection_cpp.hpp\n'}
[0.292584] (webots_ros2_msgs) StdoutLine: {'line': b'-- Up-to-date symlink: /home/verity-xie/Unibots 2026/test_ws/install/webots_ros2_msgs/include/webots_ros2_msgs/webots_ros2_msgs/msg/detail/string_stamped__rosidl_typesupport_introspection_cpp.hpp\n'}
[0.292613] (webots_ros2_msgs) StdoutLine: {'line': b'-- Up-to-date symlink: /home/verity-xie/Unibots 2026/test_ws/install/webots_ros2_msgs/include/webots_ros2_msgs/webots_ros2_msgs/msg/detail/urdf_robot__rosidl_typesupport_introspection_cpp.hpp\n'}
[0.292644] (webots_ros2_msgs) StdoutLine: {'line': b'-- Up-to-date symlink: /home/verity-xie/Unibots 2026/test_ws/install/webots_ros2_msgs/include/webots_ros2_msgs/webots_ros2_msgs/srv/detail/emitter_send_string__rosidl_typesupport_introspection_cpp.hpp\n'}
[0.292675] (webots_ros2_msgs) StdoutLine: {'line': b'-- Up-to-date symlink: /home/verity-xie/Unibots 2026/test_ws/install/webots_ros2_msgs/include/webots_ros2_msgs/webots_ros2_msgs/srv/detail/get_bool__rosidl_typesupport_introspection_cpp.hpp\n'}
[0.292705] (webots_ros2_msgs) StdoutLine: {'line': b'-- Up-to-date symlink: /home/verity-xie/Unibots 2026/test_ws/install/webots_ros2_msgs/include/webots_ros2_msgs/webots_ros2_msgs/srv/detail/set_string__rosidl_typesupport_introspection_cpp.hpp\n'}
[0.292732] (webots_ros2_msgs) StdoutLine: {'line': b'-- Up-to-date symlink: /home/verity-xie/Unibots 2026/test_ws/install/webots_ros2_msgs/include/webots_ros2_msgs/webots_ros2_msgs/srv/detail/spawn_node_from_string__rosidl_typesupport_introspection_cpp.hpp\n'}
[0.292767] (webots_ros2_msgs) StdoutLine: {'line': b'-- Up-to-date symlink: /home/verity-xie/Unibots 2026/test_ws/install/webots_ros2_msgs/include/webots_ros2_msgs/webots_ros2_msgs/srv/detail/spawn_urdf_robot__rosidl_typesupport_introspection_cpp.hpp\n'}
[0.292829] (webots_ros2_msgs) StdoutLine: {'line': b'-- Up-to-date symlink: /home/verity-xie/Unibots 2026/test_ws/install/webots_ros2_msgs/share/webots_ros2_msgs/environment/pythonpath.sh\n'}
[0.292884] (webots_ros2_msgs) StdoutLine: {'line': b'-- Up-to-date symlink: /home/verity-xie/Unibots 2026/test_ws/install/webots_ros2_msgs/share/webots_ros2_msgs/environment/pythonpath.dsv\n'}
[0.293005] (webots_ros2_msgs) StdoutLine: {'line': b'-- Up-to-date symlink: /home/verity-xie/Unibots 2026/test_ws/install/webots_ros2_msgs/local/lib/python3.10/dist-packages/webots_ros2_msgs-2025.0.1-py3.10.egg-info/PKG-INFO\n'}
[0.293044] (webots_ros2_msgs) StdoutLine: {'line': b'-- Up-to-date symlink: /home/verity-xie/Unibots 2026/test_ws/install/webots_ros2_msgs/local/lib/python3.10/dist-packages/webots_ros2_msgs-2025.0.1-py3.10.egg-info/SOURCES.txt\n'}
[0.293079] (webots_ros2_msgs) StdoutLine: {'line': b'-- Up-to-date symlink: /home/verity-xie/Unibots 2026/test_ws/install/webots_ros2_msgs/local/lib/python3.10/dist-packages/webots_ros2_msgs-2025.0.1-py3.10.egg-info/dependency_links.txt\n'}
[0.293116] (webots_ros2_msgs) StdoutLine: {'line': b'-- Up-to-date symlink: /home/verity-xie/Unibots 2026/test_ws/install/webots_ros2_msgs/local/lib/python3.10/dist-packages/webots_ros2_msgs-2025.0.1-py3.10.egg-info/top_level.txt\n'}
[0.293514] (webots_ros2_msgs) StdoutLine: {'line': b'-- Up-to-date symlink: /home/verity-xie/Unibots 2026/test_ws/install/webots_ros2_msgs/local/lib/python3.10/dist-packages/webots_ros2_msgs/__init__.py\n'}
[0.293583] (webots_ros2_msgs) StdoutLine: {'line': b'-- Up-to-date symlink: /home/verity-xie/Unibots 2026/test_ws/install/webots_ros2_msgs/local/lib/python3.10/dist-packages/webots_ros2_msgs/_webots_ros2_msgs_s.ep.rosidl_typesupport_c.c\n'}
[0.293617] (webots_ros2_msgs) StdoutLine: {'line': b'-- Up-to-date symlink: /home/verity-xie/Unibots 2026/test_ws/install/webots_ros2_msgs/local/lib/python3.10/dist-packages/webots_ros2_msgs/_webots_ros2_msgs_s.ep.rosidl_typesupport_fastrtps_c.c\n'}
[0.293640] (webots_ros2_msgs) StdoutLine: {'line': b'-- Up-to-date symlink: /home/verity-xie/Unibots 2026/test_ws/install/webots_ros2_msgs/local/lib/python3.10/dist-packages/webots_ros2_msgs/_webots_ros2_msgs_s.ep.rosidl_typesupport_introspection_c.c\n'}
[0.293674] (webots_ros2_msgs) StdoutLine: {'line': b'-- Up-to-date symlink: /home/verity-xie/Unibots 2026/test_ws/install/webots_ros2_msgs/local/lib/python3.10/dist-packages/webots_ros2_msgs/libwebots_ros2_msgs__rosidl_generator_py.so\n'}
[0.293694] (webots_ros2_msgs) StdoutLine: {'line': b'-- Up-to-date symlink: /home/verity-xie/Unibots 2026/test_ws/install/webots_ros2_msgs/local/lib/python3.10/dist-packages/webots_ros2_msgs/msg/__init__.py\n'}
[0.293723] (webots_ros2_msgs) StdoutLine: {'line': b'-- Up-to-date symlink: /home/verity-xie/Unibots 2026/test_ws/install/webots_ros2_msgs/local/lib/python3.10/dist-packages/webots_ros2_msgs/msg/_bool_stamped.py\n'}
[0.293754] (webots_ros2_msgs) StdoutLine: {'line': b'-- Up-to-date symlink: /home/verity-xie/Unibots 2026/test_ws/install/webots_ros2_msgs/local/lib/python3.10/dist-packages/webots_ros2_msgs/msg/_bool_stamped_s.c\n'}
[0.293790] (webots_ros2_msgs) StdoutLine: {'line': b'-- Up-to-date symlink: /home/verity-xie/Unibots 2026/test_ws/install/webots_ros2_msgs/local/lib/python3.10/dist-packages/webots_ros2_msgs/msg/_camera_recognition_object.py\n'}
[0.293821] (webots_ros2_msgs) StdoutLine: {'line': b'-- Up-to-date symlink: /home/verity-xie/Unibots 2026/test_ws/install/webots_ros2_msgs/local/lib/python3.10/dist-packages/webots_ros2_msgs/msg/_camera_recognition_object_s.c\n'}
[0.293856] (webots_ros2_msgs) StdoutLine: {'line': b'-- Up-to-date symlink: /home/verity-xie/Unibots 2026/test_ws/install/webots_ros2_msgs/local/lib/python3.10/dist-packages/webots_ros2_msgs/msg/_camera_recognition_objects.py\n'}
[0.293890] (webots_ros2_msgs) StdoutLine: {'line': b'-- Up-to-date symlink: /home/verity-xie/Unibots 2026/test_ws/install/webots_ros2_msgs/local/lib/python3.10/dist-packages/webots_ros2_msgs/msg/_camera_recognition_objects_s.c\n'}
[0.293924] (webots_ros2_msgs) StdoutLine: {'line': b'-- Up-to-date symlink: /home/verity-xie/Unibots 2026/test_ws/install/webots_ros2_msgs/local/lib/python3.10/dist-packages/webots_ros2_msgs/msg/_float_stamped.py\n'}
[0.293963] (webots_ros2_msgs) StdoutLine: {'line': b'-- Up-to-date symlink: /home/verity-xie/Unibots 2026/test_ws/install/webots_ros2_msgs/local/lib/python3.10/dist-packages/webots_ros2_msgs/msg/_float_stamped_s.c\n'}
[0.293997] (webots_ros2_msgs) StdoutLine: {'line': b'-- Up-to-date symlink: /home/verity-xie/Unibots 2026/test_ws/install/webots_ros2_msgs/local/lib/python3.10/dist-packages/webots_ros2_msgs/msg/_pen_ink_properties.py\n'}
[0.294033] (webots_ros2_msgs) StdoutLine: {'line': b'-- Up-to-date symlink: /home/verity-xie/Unibots 2026/test_ws/install/webots_ros2_msgs/local/lib/python3.10/dist-packages/webots_ros2_msgs/msg/_pen_ink_properties_s.c\n'}
[0.294068] (webots_ros2_msgs) StdoutLine: {'line': b'-- Up-to-date symlink: /home/verity-xie/Unibots 2026/test_ws/install/webots_ros2_msgs/local/lib/python3.10/dist-packages/webots_ros2_msgs/msg/_string_stamped.py\n'}
[0.294103] (webots_ros2_msgs) StdoutLine: {'line': b'-- Up-to-date symlink: /home/verity-xie/Unibots 2026/test_ws/install/webots_ros2_msgs/local/lib/python3.10/dist-packages/webots_ros2_msgs/msg/_string_stamped_s.c\n'}
[0.294138] (webots_ros2_msgs) StdoutLine: {'line': b'-- Up-to-date symlink: /home/verity-xie/Unibots 2026/test_ws/install/webots_ros2_msgs/local/lib/python3.10/dist-packages/webots_ros2_msgs/msg/_urdf_robot.py\n'}
[0.294178] (webots_ros2_msgs) StdoutLine: {'line': b'-- Up-to-date symlink: /home/verity-xie/Unibots 2026/test_ws/install/webots_ros2_msgs/local/lib/python3.10/dist-packages/webots_ros2_msgs/msg/_urdf_robot_s.c\n'}
[0.294213] (webots_ros2_msgs) StdoutLine: {'line': b'-- Up-to-date symlink: /home/verity-xie/Unibots 2026/test_ws/install/webots_ros2_msgs/local/lib/python3.10/dist-packages/webots_ros2_msgs/srv/__init__.py\n'}
[0.294247] (webots_ros2_msgs) StdoutLine: {'line': b'-- Up-to-date symlink: /home/verity-xie/Unibots 2026/test_ws/install/webots_ros2_msgs/local/lib/python3.10/dist-packages/webots_ros2_msgs/srv/_emitter_send_string.py\n'}
[0.294282] (webots_ros2_msgs) StdoutLine: {'line': b'-- Up-to-date symlink: /home/verity-xie/Unibots 2026/test_ws/install/webots_ros2_msgs/local/lib/python3.10/dist-packages/webots_ros2_msgs/srv/_emitter_send_string_s.c\n'}
[0.294317] (webots_ros2_msgs) StdoutLine: {'line': b'-- Up-to-date symlink: /home/verity-xie/Unibots 2026/test_ws/install/webots_ros2_msgs/local/lib/python3.10/dist-packages/webots_ros2_msgs/srv/_get_bool.py\n'}
[0.294352] (webots_ros2_msgs) StdoutLine: {'line': b'-- Up-to-date symlink: /home/verity-xie/Unibots 2026/test_ws/install/webots_ros2_msgs/local/lib/python3.10/dist-packages/webots_ros2_msgs/srv/_get_bool_s.c\n'}
[0.294386] (webots_ros2_msgs) StdoutLine: {'line': b'-- Up-to-date symlink: /home/verity-xie/Unibots 2026/test_ws/install/webots_ros2_msgs/local/lib/python3.10/dist-packages/webots_ros2_msgs/srv/_set_string.py\n'}
[0.294421] (webots_ros2_msgs) StdoutLine: {'line': b'-- Up-to-date symlink: /home/verity-xie/Unibots 2026/test_ws/install/webots_ros2_msgs/local/lib/python3.10/dist-packages/webots_ros2_msgs/srv/_set_string_s.c\n'}
[0.294457] (webots_ros2_msgs) StdoutLine: {'line': b'-- Up-to-date symlink: /home/verity-xie/Unibots 2026/test_ws/install/webots_ros2_msgs/local/lib/python3.10/dist-packages/webots_ros2_msgs/srv/_spawn_node_from_string.py\n'}
[0.294493] (webots_ros2_msgs) StdoutLine: {'line': b'-- Up-to-date symlink: /home/verity-xie/Unibots 2026/test_ws/install/webots_ros2_msgs/local/lib/python3.10/dist-packages/webots_ros2_msgs/srv/_spawn_node_from_string_s.c\n'}
[0.294527] (webots_ros2_msgs) StdoutLine: {'line': b'-- Up-to-date symlink: /home/verity-xie/Unibots 2026/test_ws/install/webots_ros2_msgs/local/lib/python3.10/dist-packages/webots_ros2_msgs/srv/_spawn_urdf_robot.py\n'}
[0.294562] (webots_ros2_msgs) StdoutLine: {'line': b'-- Up-to-date symlink: /home/verity-xie/Unibots 2026/test_ws/install/webots_ros2_msgs/local/lib/python3.10/dist-packages/webots_ros2_msgs/srv/_spawn_urdf_robot_s.c\n'}
[0.294599] (webots_ros2_msgs) StdoutLine: {'line': b'-- Up-to-date symlink: /home/verity-xie/Unibots 2026/test_ws/install/webots_ros2_msgs/local/lib/python3.10/dist-packages/webots_ros2_msgs/webots_ros2_msgs_s__rosidl_typesupport_c.cpython-310-x86_64-linux-gnu.so\n'}
[0.294634] (webots_ros2_msgs) StdoutLine: {'line': b'-- Up-to-date symlink: /home/verity-xie/Unibots 2026/test_ws/install/webots_ros2_msgs/local/lib/python3.10/dist-packages/webots_ros2_msgs/webots_ros2_msgs_s__rosidl_typesupport_fastrtps_c.cpython-310-x86_64-linux-gnu.so\n'}
[0.294669] (webots_ros2_msgs) StdoutLine: {'line': b'-- Up-to-date symlink: /home/verity-xie/Unibots 2026/test_ws/install/webots_ros2_msgs/local/lib/python3.10/dist-packages/webots_ros2_msgs/webots_ros2_msgs_s__rosidl_typesupport_introspection_c.cpython-310-x86_64-linux-gnu.so\n'}
[0.294783] (webots_ros2_msgs) StdoutLine: {'line': b'-- Up-to-date symlink: /home/verity-xie/Unibots 2026/test_ws/install/webots_ros2_msgs/local/lib/python3.10/dist-packages/webots_ros2_msgs/webots_ros2_msgs_s__rosidl_typesupport_fastrtps_c.cpython-310-x86_64-linux-gnu.so\n'}
[0.294888] (webots_ros2_msgs) StdoutLine: {'line': b'-- Up-to-date symlink: /home/verity-xie/Unibots 2026/test_ws/install/webots_ros2_msgs/local/lib/python3.10/dist-packages/webots_ros2_msgs/webots_ros2_msgs_s__rosidl_typesupport_introspection_c.cpython-310-x86_64-linux-gnu.so\n'}
[0.294980] (webots_ros2_msgs) StdoutLine: {'line': b'-- Up-to-date symlink: /home/verity-xie/Unibots 2026/test_ws/install/webots_ros2_msgs/local/lib/python3.10/dist-packages/webots_ros2_msgs/webots_ros2_msgs_s__rosidl_typesupport_c.cpython-310-x86_64-linux-gnu.so\n'}
[0.295066] (webots_ros2_msgs) StdoutLine: {'line': b'-- Up-to-date symlink: /home/verity-xie/Unibots 2026/test_ws/install/webots_ros2_msgs/share/webots_ros2_msgs/msg/BoolStamped.idl\n'}
[0.295106] (webots_ros2_msgs) StdoutLine: {'line': b'-- Up-to-date symlink: /home/verity-xie/Unibots 2026/test_ws/install/webots_ros2_msgs/share/webots_ros2_msgs/msg/FloatStamped.idl\n'}
[0.295153] (webots_ros2_msgs) StdoutLine: {'line': b'-- Up-to-date symlink: /home/verity-xie/Unibots 2026/test_ws/install/webots_ros2_msgs/share/webots_ros2_msgs/msg/StringStamped.idl\n'}
[0.295207] (webots_ros2_msgs) StdoutLine: {'line': b'-- Up-to-date symlink: /home/verity-xie/Unibots 2026/test_ws/install/webots_ros2_msgs/share/webots_ros2_msgs/msg/CameraRecognitionObject.idl\n'}
[0.295259] (webots_ros2_msgs) StdoutLine: {'line': b'-- Up-to-date symlink: /home/verity-xie/Unibots 2026/test_ws/install/webots_ros2_msgs/share/webots_ros2_msgs/msg/CameraRecognitionObjects.idl\n'}
[0.295311] (webots_ros2_msgs) StdoutLine: {'line': b'-- Up-to-date symlink: /home/verity-xie/Unibots 2026/test_ws/install/webots_ros2_msgs/share/webots_ros2_msgs/msg/UrdfRobot.idl\n'}
[0.295362] (webots_ros2_msgs) StdoutLine: {'line': b'-- Up-to-date symlink: /home/verity-xie/Unibots 2026/test_ws/install/webots_ros2_msgs/share/webots_ros2_msgs/msg/PenInkProperties.idl\n'}
[0.295412] (webots_ros2_msgs) StdoutLine: {'line': b'-- Up-to-date symlink: /home/verity-xie/Unibots 2026/test_ws/install/webots_ros2_msgs/share/webots_ros2_msgs/srv/EmitterSendString.idl\n'}
[0.295461] (webots_ros2_msgs) StdoutLine: {'line': b'-- Up-to-date symlink: /home/verity-xie/Unibots 2026/test_ws/install/webots_ros2_msgs/share/webots_ros2_msgs/srv/GetBool.idl\n'}
[0.295510] (webots_ros2_msgs) StdoutLine: {'line': b'-- Up-to-date symlink: /home/verity-xie/Unibots 2026/test_ws/install/webots_ros2_msgs/share/webots_ros2_msgs/srv/SetString.idl\n'}
[0.295562] (webots_ros2_msgs) StdoutLine: {'line': b'-- Up-to-date symlink: /home/verity-xie/Unibots 2026/test_ws/install/webots_ros2_msgs/share/webots_ros2_msgs/srv/SpawnNodeFromString.idl\n'}
[0.295611] (webots_ros2_msgs) StdoutLine: {'line': b'-- Up-to-date symlink: /home/verity-xie/Unibots 2026/test_ws/install/webots_ros2_msgs/share/webots_ros2_msgs/srv/SpawnUrdfRobot.idl\n'}
[0.295661] (webots_ros2_msgs) StdoutLine: {'line': b'-- Up-to-date symlink: /home/verity-xie/Unibots 2026/test_ws/install/webots_ros2_msgs/share/webots_ros2_msgs/msg/BoolStamped.msg\n'}
[0.295709] (webots_ros2_msgs) StdoutLine: {'line': b'-- Up-to-date symlink: /home/verity-xie/Unibots 2026/test_ws/install/webots_ros2_msgs/share/webots_ros2_msgs/msg/FloatStamped.msg\n'}
[0.295764] (webots_ros2_msgs) StdoutLine: {'line': b'-- Up-to-date symlink: /home/verity-xie/Unibots 2026/test_ws/install/webots_ros2_msgs/share/webots_ros2_msgs/msg/StringStamped.msg\n'}
[0.295814] (webots_ros2_msgs) StdoutLine: {'line': b'-- Up-to-date symlink: /home/verity-xie/Unibots 2026/test_ws/install/webots_ros2_msgs/share/webots_ros2_msgs/msg/CameraRecognitionObject.msg\n'}
[0.295860] (webots_ros2_msgs) StdoutLine: {'line': b'-- Up-to-date symlink: /home/verity-xie/Unibots 2026/test_ws/install/webots_ros2_msgs/share/webots_ros2_msgs/msg/CameraRecognitionObjects.msg\n'}
[0.295908] (webots_ros2_msgs) StdoutLine: {'line': b'-- Up-to-date symlink: /home/verity-xie/Unibots 2026/test_ws/install/webots_ros2_msgs/share/webots_ros2_msgs/msg/UrdfRobot.msg\n'}
[0.295956] (webots_ros2_msgs) StdoutLine: {'line': b'-- Up-to-date symlink: /home/verity-xie/Unibots 2026/test_ws/install/webots_ros2_msgs/share/webots_ros2_msgs/msg/PenInkProperties.msg\n'}
[0.296004] (webots_ros2_msgs) StdoutLine: {'line': b'-- Up-to-date symlink: /home/verity-xie/Unibots 2026/test_ws/install/webots_ros2_msgs/share/webots_ros2_msgs/srv/EmitterSendString.srv\n'}
[0.296054] (webots_ros2_msgs) StdoutLine: {'line': b'-- Up-to-date symlink: /home/verity-xie/Unibots 2026/test_ws/install/webots_ros2_msgs/share/webots_ros2_msgs/srv/EmitterSendString_Request.msg\n'}
[0.296103] (webots_ros2_msgs) StdoutLine: {'line': b'-- Up-to-date symlink: /home/verity-xie/Unibots 2026/test_ws/install/webots_ros2_msgs/share/webots_ros2_msgs/srv/EmitterSendString_Response.msg\n'}
[0.296152] (webots_ros2_msgs) StdoutLine: {'line': b'-- Up-to-date symlink: /home/verity-xie/Unibots 2026/test_ws/install/webots_ros2_msgs/share/webots_ros2_msgs/srv/GetBool.srv\n'}
[0.296201] (webots_ros2_msgs) StdoutLine: {'line': b'-- Up-to-date symlink: /home/verity-xie/Unibots 2026/test_ws/install/webots_ros2_msgs/share/webots_ros2_msgs/srv/GetBool_Request.msg\n'}
[0.296249] (webots_ros2_msgs) StdoutLine: {'line': b'-- Up-to-date symlink: /home/verity-xie/Unibots 2026/test_ws/install/webots_ros2_msgs/share/webots_ros2_msgs/srv/GetBool_Response.msg\n'}
[0.296299] (webots_ros2_msgs) StdoutLine: {'line': b'-- Up-to-date symlink: /home/verity-xie/Unibots 2026/test_ws/install/webots_ros2_msgs/share/webots_ros2_msgs/srv/SetString.srv\n'}
[0.296347] (webots_ros2_msgs) StdoutLine: {'line': b'-- Up-to-date symlink: /home/verity-xie/Unibots 2026/test_ws/install/webots_ros2_msgs/share/webots_ros2_msgs/srv/SetString_Request.msg\n'}
[0.296396] (webots_ros2_msgs) StdoutLine: {'line': b'-- Up-to-date symlink: /home/verity-xie/Unibots 2026/test_ws/install/webots_ros2_msgs/share/webots_ros2_msgs/srv/SetString_Response.msg\n'}
[0.296443] (webots_ros2_msgs) StdoutLine: {'line': b'-- Up-to-date symlink: /home/verity-xie/Unibots 2026/test_ws/install/webots_ros2_msgs/share/webots_ros2_msgs/srv/SpawnNodeFromString.srv\n'}
[0.296493] (webots_ros2_msgs) StdoutLine: {'line': b'-- Up-to-date symlink: /home/verity-xie/Unibots 2026/test_ws/install/webots_ros2_msgs/share/webots_ros2_msgs/srv/SpawnNodeFromString_Request.msg\n'}
[0.296542] (webots_ros2_msgs) StdoutLine: {'line': b'-- Up-to-date symlink: /home/verity-xie/Unibots 2026/test_ws/install/webots_ros2_msgs/share/webots_ros2_msgs/srv/SpawnNodeFromString_Response.msg\n'}
[0.296589] (webots_ros2_msgs) StdoutLine: {'line': b'-- Up-to-date symlink: /home/verity-xie/Unibots 2026/test_ws/install/webots_ros2_msgs/share/webots_ros2_msgs/srv/SpawnUrdfRobot.srv\n'}
[0.296637] (webots_ros2_msgs) StdoutLine: {'line': b'-- Up-to-date symlink: /home/verity-xie/Unibots 2026/test_ws/install/webots_ros2_msgs/share/webots_ros2_msgs/srv/SpawnUrdfRobot_Request.msg\n'}
[0.296686] (webots_ros2_msgs) StdoutLine: {'line': b'-- Up-to-date symlink: /home/verity-xie/Unibots 2026/test_ws/install/webots_ros2_msgs/share/webots_ros2_msgs/srv/SpawnUrdfRobot_Response.msg\n'}
[0.296742] (webots_ros2_msgs) StdoutLine: {'line': b'-- Up-to-date symlink: /home/verity-xie/Unibots 2026/test_ws/install/webots_ros2_msgs/share/ament_index/resource_index/package_run_dependencies/webots_ros2_msgs\n'}
[0.296803] (webots_ros2_msgs) StdoutLine: {'line': b'-- Up-to-date symlink: /home/verity-xie/Unibots 2026/test_ws/install/webots_ros2_msgs/share/ament_index/resource_index/parent_prefix_path/webots_ros2_msgs\n'}
[0.296859] (webots_ros2_msgs) StdoutLine: {'line': b'-- Up-to-date symlink: /home/verity-xie/Unibots 2026/test_ws/install/webots_ros2_msgs/share/webots_ros2_msgs/environment/ament_prefix_path.sh\n'}
[0.296909] (webots_ros2_msgs) StdoutLine: {'line': b'-- Up-to-date symlink: /home/verity-xie/Unibots 2026/test_ws/install/webots_ros2_msgs/share/webots_ros2_msgs/environment/ament_prefix_path.dsv\n'}
[0.296955] (webots_ros2_msgs) StdoutLine: {'line': b'-- Up-to-date symlink: /home/verity-xie/Unibots 2026/test_ws/install/webots_ros2_msgs/share/webots_ros2_msgs/environment/path.sh\n'}
[0.297002] (webots_ros2_msgs) StdoutLine: {'line': b'-- Up-to-date symlink: /home/verity-xie/Unibots 2026/test_ws/install/webots_ros2_msgs/share/webots_ros2_msgs/environment/path.dsv\n'}
[0.297050] (webots_ros2_msgs) StdoutLine: {'line': b'-- Up-to-date symlink: /home/verity-xie/Unibots 2026/test_ws/install/webots_ros2_msgs/share/webots_ros2_msgs/local_setup.bash\n'}
[0.297098] (webots_ros2_msgs) StdoutLine: {'line': b'-- Up-to-date symlink: /home/verity-xie/Unibots 2026/test_ws/install/webots_ros2_msgs/share/webots_ros2_msgs/local_setup.sh\n'}
[0.297145] (webots_ros2_msgs) StdoutLine: {'line': b'-- Up-to-date symlink: /home/verity-xie/Unibots 2026/test_ws/install/webots_ros2_msgs/share/webots_ros2_msgs/local_setup.zsh\n'}
[0.297192] (webots_ros2_msgs) StdoutLine: {'line': b'-- Up-to-date symlink: /home/verity-xie/Unibots 2026/test_ws/install/webots_ros2_msgs/share/webots_ros2_msgs/local_setup.dsv\n'}
[0.297227] (webots_ros2_msgs) StdoutLine: {'line': b'-- Symlinking: /home/verity-xie/Unibots 2026/test_ws/install/webots_ros2_msgs/share/webots_ros2_msgs/package.dsv\n'}
[0.300554] (-) TimerEvent: {}
[0.301520] (webots_ros2_msgs) StdoutLine: {'line': b'-- Up-to-date symlink: /home/verity-xie/Unibots 2026/test_ws/install/webots_ros2_msgs/share/ament_index/resource_index/packages/webots_ros2_msgs\n'}
[0.301578] (webots_ros2_msgs) StdoutLine: {'line': b'-- Up-to-date symlink: /home/verity-xie/Unibots 2026/test_ws/install/webots_ros2_msgs/share/webots_ros2_msgs/cmake/rosidl_cmake-extras.cmake\n'}
[0.301612] (webots_ros2_msgs) StdoutLine: {'line': b'-- Up-to-date symlink: /home/verity-xie/Unibots 2026/test_ws/install/webots_ros2_msgs/share/webots_ros2_msgs/cmake/ament_cmake_export_dependencies-extras.cmake\n'}
[0.301644] (webots_ros2_msgs) StdoutLine: {'line': b'-- Up-to-date symlink: /home/verity-xie/Unibots 2026/test_ws/install/webots_ros2_msgs/share/webots_ros2_msgs/cmake/ament_cmake_export_include_directories-extras.cmake\n'}
[0.301699] (webots_ros2_msgs) StdoutLine: {'line': b'-- Up-to-date symlink: /home/verity-xie/Unibots 2026/test_ws/install/webots_ros2_msgs/share/webots_ros2_msgs/cmake/ament_cmake_export_libraries-extras.cmake\n'}
[0.301760] (webots_ros2_msgs) StdoutLine: {'line': b'-- Up-to-date symlink: /home/verity-xie/Unibots 2026/test_ws/install/webots_ros2_msgs/share/webots_ros2_msgs/cmake/ament_cmake_export_targets-extras.cmake\n'}
[0.301817] (webots_ros2_msgs) StdoutLine: {'line': b'-- Up-to-date symlink: /home/verity-xie/Unibots 2026/test_ws/install/webots_ros2_msgs/share/webots_ros2_msgs/cmake/rosidl_cmake_export_typesupport_targets-extras.cmake\n'}
[0.301868] (webots_ros2_msgs) StdoutLine: {'line': b'-- Up-to-date symlink: /home/verity-xie/Unibots 2026/test_ws/install/webots_ros2_msgs/share/webots_ros2_msgs/cmake/rosidl_cmake_export_typesupport_libraries-extras.cmake\n'}
[0.301923] (webots_ros2_msgs) StdoutLine: {'line': b'-- Up-to-date symlink: /home/verity-xie/Unibots 2026/test_ws/install/webots_ros2_msgs/share/webots_ros2_msgs/cmake/webots_ros2_msgsConfig.cmake\n'}
[0.301960] (webots_ros2_msgs) StdoutLine: {'line': b'-- Up-to-date symlink: /home/verity-xie/Unibots 2026/test_ws/install/webots_ros2_msgs/share/webots_ros2_msgs/cmake/webots_ros2_msgsConfig-version.cmake\n'}
[0.302012] (webots_ros2_msgs) StdoutLine: {'line': b'-- Up-to-date symlink: /home/verity-xie/Unibots 2026/test_ws/install/webots_ros2_msgs/share/webots_ros2_msgs/package.xml\n'}
[0.302112] (webots_ros2_msgs) StdoutLine: {'line': b'-- Up-to-date: /home/verity-xie/Unibots 2026/test_ws/install/webots_ros2_msgs/lib/libwebots_ros2_msgs__rosidl_generator_c.so\n'}
[0.302222] (webots_ros2_msgs) StdoutLine: {'line': b'-- Up-to-date: /home/verity-xie/Unibots 2026/test_ws/install/webots_ros2_msgs/lib/libwebots_ros2_msgs__rosidl_typesupport_fastrtps_c.so\n'}
[0.302319] (webots_ros2_msgs) StdoutLine: {'line': b'-- Up-to-date: /home/verity-xie/Unibots 2026/test_ws/install/webots_ros2_msgs/lib/libwebots_ros2_msgs__rosidl_typesupport_fastrtps_cpp.so\n'}
[0.302410] (webots_ros2_msgs) StdoutLine: {'line': b'-- Up-to-date: /home/verity-xie/Unibots 2026/test_ws/install/webots_ros2_msgs/lib/libwebots_ros2_msgs__rosidl_typesupport_introspection_c.so\n'}
[0.302495] (webots_ros2_msgs) StdoutLine: {'line': b'-- Up-to-date: /home/verity-xie/Unibots 2026/test_ws/install/webots_ros2_msgs/lib/libwebots_ros2_msgs__rosidl_typesupport_c.so\n'}
[0.302583] (webots_ros2_msgs) StdoutLine: {'line': b'-- Up-to-date: /home/verity-xie/Unibots 2026/test_ws/install/webots_ros2_msgs/lib/libwebots_ros2_msgs__rosidl_typesupport_introspection_cpp.so\n'}
[0.302671] (webots_ros2_msgs) StdoutLine: {'line': b'-- Up-to-date: /home/verity-xie/Unibots 2026/test_ws/install/webots_ros2_msgs/lib/libwebots_ros2_msgs__rosidl_typesupport_cpp.so\n'}
[0.320480] (webots_ros2_msgs) StdoutLine: {'line': b"Listing '/home/verity-xie/Unibots 2026/test_ws/install/webots_ros2_msgs/local/lib/python3.10/dist-packages/webots_ros2_msgs'...\n"}
[0.320543] (webots_ros2_msgs) StdoutLine: {'line': b"Listing '/home/verity-xie/Unibots 2026/test_ws/install/webots_ros2_msgs/local/lib/python3.10/dist-packages/webots_ros2_msgs/msg'...\n"}
[0.320568] (webots_ros2_msgs) StdoutLine: {'line': b"Listing '/home/verity-xie/Unibots 2026/test_ws/install/webots_ros2_msgs/local/lib/python3.10/dist-packages/webots_ros2_msgs/srv'...\n"}
[0.322844] (webots_ros2_msgs) StdoutLine: {'line': b'-- Up-to-date: /home/verity-xie/Unibots 2026/test_ws/install/webots_ros2_msgs/lib/libwebots_ros2_msgs__rosidl_generator_py.so\n'}
[0.322909] (webots_ros2_msgs) StdoutLine: {'line': b'-- Up-to-date: /home/verity-xie/Unibots 2026/test_ws/install/webots_ros2_msgs/share/webots_ros2_msgs/cmake/export_webots_ros2_msgs__rosidl_generator_cExport.cmake\n'}
[0.322935] (webots_ros2_msgs) StdoutLine: {'line': b'-- Up-to-date: /home/verity-xie/Unibots 2026/test_ws/install/webots_ros2_msgs/share/webots_ros2_msgs/cmake/export_webots_ros2_msgs__rosidl_generator_cExport-noconfig.cmake\n'}
[0.322973] (webots_ros2_msgs) StdoutLine: {'line': b'-- Up-to-date: /home/verity-xie/Unibots 2026/test_ws/install/webots_ros2_msgs/share/webots_ros2_msgs/cmake/export_webots_ros2_msgs__rosidl_typesupport_fastrtps_cExport.cmake\n'}
[0.323015] (webots_ros2_msgs) StdoutLine: {'line': b'-- Up-to-date: /home/verity-xie/Unibots 2026/test_ws/install/webots_ros2_msgs/share/webots_ros2_msgs/cmake/export_webots_ros2_msgs__rosidl_typesupport_fastrtps_cExport-noconfig.cmake\n'}
[0.323040] (webots_ros2_msgs) StdoutLine: {'line': b'-- Up-to-date: /home/verity-xie/Unibots 2026/test_ws/install/webots_ros2_msgs/share/webots_ros2_msgs/cmake/export_webots_ros2_msgs__rosidl_generator_cppExport.cmake\n'}
[0.323080] (webots_ros2_msgs) StdoutLine: {'line': b'-- Up-to-date: /home/verity-xie/Unibots 2026/test_ws/install/webots_ros2_msgs/share/webots_ros2_msgs/cmake/export_webots_ros2_msgs__rosidl_typesupport_fastrtps_cppExport.cmake\n'}
[0.323121] (webots_ros2_msgs) StdoutLine: {'line': b'-- Up-to-date: /home/verity-xie/Unibots 2026/test_ws/install/webots_ros2_msgs/share/webots_ros2_msgs/cmake/export_webots_ros2_msgs__rosidl_typesupport_fastrtps_cppExport-noconfig.cmake\n'}
[0.323143] (webots_ros2_msgs) StdoutLine: {'line': b'-- Up-to-date: /home/verity-xie/Unibots 2026/test_ws/install/webots_ros2_msgs/share/webots_ros2_msgs/cmake/webots_ros2_msgs__rosidl_typesupport_introspection_cExport.cmake\n'}
[0.323164] (webots_ros2_msgs) StdoutLine: {'line': b'-- Up-to-date: /home/verity-xie/Unibots 2026/test_ws/install/webots_ros2_msgs/share/webots_ros2_msgs/cmake/webots_ros2_msgs__rosidl_typesupport_introspection_cExport-noconfig.cmake\n'}
[0.323185] (webots_ros2_msgs) StdoutLine: {'line': b'-- Up-to-date: /home/verity-xie/Unibots 2026/test_ws/install/webots_ros2_msgs/share/webots_ros2_msgs/cmake/webots_ros2_msgs__rosidl_typesupport_cExport.cmake\n'}
[0.323206] (webots_ros2_msgs) StdoutLine: {'line': b'-- Up-to-date: /home/verity-xie/Unibots 2026/test_ws/install/webots_ros2_msgs/share/webots_ros2_msgs/cmake/webots_ros2_msgs__rosidl_typesupport_cExport-noconfig.cmake\n'}
[0.323237] (webots_ros2_msgs) StdoutLine: {'line': b'-- Up-to-date: /home/verity-xie/Unibots 2026/test_ws/install/webots_ros2_msgs/share/webots_ros2_msgs/cmake/webots_ros2_msgs__rosidl_typesupport_introspection_cppExport.cmake\n'}
[0.323286] (webots_ros2_msgs) StdoutLine: {'line': b'-- Up-to-date: /home/verity-xie/Unibots 2026/test_ws/install/webots_ros2_msgs/share/webots_ros2_msgs/cmake/webots_ros2_msgs__rosidl_typesupport_introspection_cppExport-noconfig.cmake\n'}
[0.323308] (webots_ros2_msgs) StdoutLine: {'line': b'-- Up-to-date: /home/verity-xie/Unibots 2026/test_ws/install/webots_ros2_msgs/share/webots_ros2_msgs/cmake/webots_ros2_msgs__rosidl_typesupport_cppExport.cmake\n'}
[0.323328] (webots_ros2_msgs) StdoutLine: {'line': b'-- Up-to-date: /home/verity-xie/Unibots 2026/test_ws/install/webots_ros2_msgs/share/webots_ros2_msgs/cmake/webots_ros2_msgs__rosidl_typesupport_cppExport-noconfig.cmake\n'}
[0.323347] (webots_ros2_msgs) StdoutLine: {'line': b'-- Up-to-date: /home/verity-xie/Unibots 2026/test_ws/install/webots_ros2_msgs/share/webots_ros2_msgs/cmake/export_webots_ros2_msgs__rosidl_generator_pyExport.cmake\n'}
[0.323368] (webots_ros2_msgs) StdoutLine: {'line': b'-- Up-to-date: /home/verity-xie/Unibots 2026/test_ws/install/webots_ros2_msgs/share/webots_ros2_msgs/cmake/export_webots_ros2_msgs__rosidl_generator_pyExport-noconfig.cmake\n'}
[0.324800] (webots_ros2_msgs) CommandEnded: {'returncode': 0}
[0.333545] (webots_ros2_msgs) JobEnded: {'identifier': 'webots_ros2_msgs', 'rc': 0}
[0.333788] (webots_ros2_driver) JobStarted: {'identifier': 'webots_ros2_driver'}
[0.338693] (webots_ros2_driver) JobProgress: {'identifier': 'webots_ros2_driver', 'progress': 'cmake'}
[0.338956] (webots_ros2_driver) Command: {'cmd': ['/usr/bin/cmake', '/home/verity-xie/Unibots 2026/test_ws/src/webots_ros2/webots_ros2_driver', '-DAMENT_CMAKE_SYMLINK_INSTALL=1', '-DCMAKE_INSTALL_PREFIX=/home/verity-xie/Unibots 2026/test_ws/install/webots_ros2_driver'], 'cwd': '/home/verity-xie/Unibots 2026/test_ws/build/webots_ros2_driver', 'env': OrderedDict([('PYTHON_BASIC_REPL', '1'), ('LESSOPEN', '| /usr/bin/lesspipe %s'), ('LANGUAGE', 'en_GB:en'), ('USER', 'verity-xie'), ('LC_TIME', 'zh_CN.UTF-8'), ('XDG_SESSION_TYPE', 'x11'), ('GIT_ASKPASS', '/usr/share/code/resources/app/extensions/git/dist/askpass.sh'), ('SHLVL', '2'), ('LD_LIBRARY_PATH', '/home/verity-xie/Unibots 2026/test_ws/install/webots_ros2_msgs/lib:/opt/ros/humble/opt/rviz_ogre_vendor/lib:/opt/ros/humble/lib/x86_64-linux-gnu:/opt/ros/humble/lib'), ('HOME', '/home/verity-xie'), ('CHROME_DESKTOP', 'code.desktop'), ('CONDA_SHLVL', '0'), ('OLDPWD', '/home/verity-xie/Unibots 2026/test_ws'), ('TERM_PROGRAM_VERSION', '1.102.3'), ('DESKTOP_SESSION', 'ubuntu'), ('ROS_PYTHON_VERSION', '3'), ('GNOME_SHELL_SESSION_MODE', 'ubuntu'), ('GTK_MODULES', 'gail:atk-bridge'), ('XDG_SEAT_PATH', '/org/freedesktop/DisplayManager/Seat0'), ('VSCODE_GIT_ASKPASS_MAIN', '/usr/share/code/resources/app/extensions/git/dist/askpass-main.js'), ('LC_MONETARY', 'zh_CN.UTF-8'), ('VSCODE_GIT_ASKPASS_NODE', '/usr/share/code/code'), ('PYDEVD_DISABLE_FILE_VALIDATION', '1'), ('DBUS_STARTER_BUS_TYPE', 'session'), ('SYSTEMD_EXEC_PID', '7294'), ('BUNDLED_DEBUGPY_PATH', '/home/verity-xie/.vscode/extensions/ms-python.debugpy-2025.16.0-linux-x64/bundled/libs/debugpy'), ('DBUS_SESSION_BUS_ADDRESS', 'unix:path=/run/user/1000/bus,guid=26e64f08244833c7383dc81d691c5a3e'), ('COLORTERM', 'truecolor'), ('IM_CONFIG_PHASE', '1'), ('COLCON_PREFIX_PATH', '/home/verity-xie/Unibots 2026/test_ws/install'), ('ROS_DISTRO', 'humble'), ('GTK_IM_MODULE', 'fcitx'), ('LOGNAME', 'verity-xie'), ('_', '/usr/bin/colcon'), ('ROS_VERSION', '2'), ('XDG_SESSION_CLASS', 'user'), ('TERM', 'xterm-256color'), ('GNOME_DESKTOP_SESSION_ID', 'this-is-deprecated'), ('ROS_LOCALHOST_ONLY', '0'), ('PATH', '/opt/ros/humble/bin:/home/verity-xie/anaconda3/condabin:/usr/local/sbin:/usr/local/bin:/usr/sbin:/usr/bin:/sbin:/bin:/usr/games:/usr/local/games:/snap/bin:/home/verity-xie/.vscode/extensions/ms-python.debugpy-2025.16.0-linux-x64/bundled/scripts/noConfigScripts'), ('SESSION_MANAGER', 'local/verityxie-Legion-Y9000P-IRX9:@/tmp/.ICE-unix/7294,unix/verityxie-Legion-Y9000P-IRX9:/tmp/.ICE-unix/7294'), ('GDM_LANG', 'en_GB'), ('PAPERSIZE', 'a4'), ('XDG_SESSION_PATH', '/org/freedesktop/DisplayManager/Session1'), ('XDG_MENU_PREFIX', 'gnome-'), ('LC_ADDRESS', 'zh_CN.UTF-8'), ('GNOME_TERMINAL_SCREEN', '/org/gnome/Terminal/screen/91c8f825_a6c6_4a56_8fd4_5d9657ca5659'), ('XDG_RUNTIME_DIR', '/run/user/1000'), ('GDK_BACKEND', 'x11'), ('DISPLAY', ':0'), ('VSCODE_DEBUGPY_ADAPTER_ENDPOINTS', '/home/verity-xie/.vscode/extensions/ms-python.debugpy-2025.16.0-linux-x64/.noConfigDebugAdapterEndpoints/endpoint-c1a59601807a4351.txt'), ('LANG', 'en_GB.UTF-8'), ('XDG_CURRENT_DESKTOP', 'Unity'), ('PYTHONSTARTUP', '/home/verity-xie/.config/Code/User/workspaceStorage/d564a513997d8ee8c0f5560556a271cd/ms-python.python/pythonrc.py'), ('LC_TELEPHONE', 'zh_CN.UTF-8'), ('XMODIFIERS', '@im=fcitx'), ('XDG_SESSION_DESKTOP', 'ubuntu'), ('XAUTHORITY', '/home/verity-xie/.Xauthority'), ('LS_COLORS', 'rs=0:di=01;34:ln=01;36:mh=00:pi=40;33:so=01;35:do=01;35:bd=40;33;01:cd=40;33;01:or=40;31;01:mi=00:su=37;41:sg=30;43:ca=30;41:tw=30;42:ow=34;42:st=37;44:ex=01;32:*.tar=01;31:*.tgz=01;31:*.arc=01;31:*.arj=01;31:*.taz=01;31:*.lha=01;31:*.lz4=01;31:*.lzh=01;31:*.lzma=01;31:*.tlz=01;31:*.txz=01;31:*.tzo=01;31:*.t7z=01;31:*.zip=01;31:*.z=01;31:*.dz=01;31:*.gz=01;31:*.lrz=01;31:*.lz=01;31:*.lzo=01;31:*.xz=01;31:*.zst=01;31:*.tzst=01;31:*.bz2=01;31:*.bz=01;31:*.tbz=01;31:*.tbz2=01;31:*.tz=01;31:*.deb=01;31:*.rpm=01;31:*.jar=01;31:*.war=01;31:*.ear=01;31:*.sar=01;31:*.rar=01;31:*.alz=01;31:*.ace=01;31:*.zoo=01;31:*.cpio=01;31:*.7z=01;31:*.rz=01;31:*.cab=01;31:*.wim=01;31:*.swm=01;31:*.dwm=01;31:*.esd=01;31:*.jpg=01;35:*.jpeg=01;35:*.mjpg=01;35:*.mjpeg=01;35:*.gif=01;35:*.bmp=01;35:*.pbm=01;35:*.pgm=01;35:*.ppm=01;35:*.tga=01;35:*.xbm=01;35:*.xpm=01;35:*.tif=01;35:*.tiff=01;35:*.png=01;35:*.svg=01;35:*.svgz=01;35:*.mng=01;35:*.pcx=01;35:*.mov=01;35:*.mpg=01;35:*.mpeg=01;35:*.m2v=01;35:*.mkv=01;35:*.webm=01;35:*.webp=01;35:*.ogm=01;35:*.mp4=01;35:*.m4v=01;35:*.mp4v=01;35:*.vob=01;35:*.qt=01;35:*.nuv=01;35:*.wmv=01;35:*.asf=01;35:*.rm=01;35:*.rmvb=01;35:*.flc=01;35:*.avi=01;35:*.fli=01;35:*.flv=01;35:*.gl=01;35:*.dl=01;35:*.xcf=01;35:*.xwd=01;35:*.yuv=01;35:*.cgm=01;35:*.emf=01;35:*.ogv=01;35:*.ogx=01;35:*.aac=00;36:*.au=00;36:*.flac=00;36:*.m4a=00;36:*.mid=00;36:*.midi=00;36:*.mka=00;36:*.mp3=00;36:*.mpc=00;36:*.ogg=00;36:*.ra=00;36:*.wav=00;36:*.oga=00;36:*.opus=00;36:*.spx=00;36:*.xspf=00;36:'), ('VSCODE_GIT_IPC_HANDLE', '/run/user/1000/vscode-git-716ee9208f.sock'), ('GNOME_TERMINAL_SERVICE', ':1.220'), ('TERM_PROGRAM', 'vscode'), ('SSH_AGENT_LAUNCHER', 'gnome-keyring'), ('SSH_AUTH_SOCK', '/run/user/1000/keyring/ssh'), ('XDG_GREETER_DATA_DIR', '/var/lib/lightdm-data/verity-xie'), ('AMENT_PREFIX_PATH', '/home/verity-xie/Unibots 2026/test_ws/install/webots_ros2_msgs:/home/verity-xie/Unibots 2026/test_ws/install/pv_apriltag:/home/verity-xie/Unibots 2026/test_ws/install/ball_detection:/opt/ros/humble'), ('CONDA_PYTHON_EXE', '/home/verity-xie/anaconda3/bin/python'), ('ORIGINAL_XDG_CURRENT_DESKTOP', 'ubuntu:GNOME'), ('SHELL', '/bin/bash'), ('LC_NAME', 'zh_CN.UTF-8'), ('QT_ACCESSIBILITY', '1'), ('NO_AT_BRIDGE', '1'), ('GDMSESSION', 'ubuntu'), ('LESSCLOSE', '/usr/bin/lesspipe %s %s'), ('LC_MEASUREMENT', 'zh_CN.UTF-8'), ('GPG_AGENT_INFO', '/run/user/1000/gnupg/S.gpg-agent:0:1'), ('LC_IDENTIFICATION', 'zh_CN.UTF-8'), ('VSCODE_GIT_ASKPASS_EXTRA_ARGS', ''), ('QT_IM_MODULE', 'fcitx'), ('PWD', '/home/verity-xie/Unibots 2026/test_ws/build/webots_ros2_driver'), ('XDG_CONFIG_DIRS', '/etc/xdg/xdg-ubuntu:/etc/xdg'), ('CONDA_EXE', '/home/verity-xie/anaconda3/bin/conda'), ('CLUTTER_IM_MODULE', 'fcitx'), ('DBUS_STARTER_ADDRESS', 'unix:path=/run/user/1000/bus,guid=26e64f08244833c7383dc81d691c5a3e'), ('XDG_DATA_DIRS', '/usr/share/ubuntu:/usr/share/gnome:/usr/local/share:/usr/share:/var/lib/snapd/desktop'), ('PYTHONPATH', '/home/verity-xie/Unibots 2026/test_ws/install/webots_ros2_msgs/local/lib/python3.10/dist-packages:/home/verity-xie/Unibots 2026/test_ws/build/pv_apriltag:/home/verity-xie/Unibots 2026/test_ws/install/pv_apriltag/lib/python3.10/site-packages:/home/verity-xie/Unibots 2026/test_ws/build/ball_detection:/home/verity-xie/Unibots 2026/test_ws/install/ball_detection/lib/python3.10/site-packages:/opt/ros/humble/lib/python3.10/site-packages:/opt/ros/humble/local/lib/python3.10/dist-packages'), ('LC_NUMERIC', 'zh_CN.UTF-8'), ('LC_PAPER', 'zh_CN.UTF-8'), ('COLCON', '1'), ('VTE_VERSION', '6800'), ('CMAKE_PREFIX_PATH', '/home/verity-xie/Unibots 2026/test_ws/install/webots_ros2_msgs:/home/verity-xie/Unibots 2026/test_ws/install/pv_apriltag:/home/verity-xie/Unibots 2026/test_ws/install/ball_detection:/opt/ros/humble')]), 'shell': False}
[0.375489] (webots_ros2_driver) StdoutLine: {'line': b'-- The C compiler identification is GNU 11.4.0\n'}
[0.400749] (-) TimerEvent: {}
[0.411527] (webots_ros2_driver) StdoutLine: {'line': b'-- The CXX compiler identification is GNU 11.4.0\n'}
[0.417176] (webots_ros2_driver) StdoutLine: {'line': b'-- Detecting C compiler ABI info\n'}
[0.433652] (ball_detection) Command: {'cmd': ['/usr/bin/python3', '-W', 'ignore:setup.py install is deprecated', '-W', 'ignore:easy_install command is deprecated', 'setup.py', 'develop', '--editable', '--build-directory', '/home/verity-xie/Unibots 2026/test_ws/build/ball_detection/build', '--no-deps', 'symlink_data'], 'cwd': '/home/verity-xie/Unibots 2026/test_ws/build/ball_detection', 'env': {'PYTHON_BASIC_REPL': '1', 'LESSOPEN': '| /usr/bin/lesspipe %s', 'LANGUAGE': 'en_GB:en', 'USER': 'verity-xie', 'LC_TIME': 'zh_CN.UTF-8', 'XDG_SESSION_TYPE': 'x11', 'GIT_ASKPASS': '/usr/share/code/resources/app/extensions/git/dist/askpass.sh', 'SHLVL': '2', 'LD_LIBRARY_PATH': '/opt/ros/humble/opt/rviz_ogre_vendor/lib:/opt/ros/humble/lib/x86_64-linux-gnu:/opt/ros/humble/lib', 'HOME': '/home/verity-xie', 'CHROME_DESKTOP': 'code.desktop', 'CONDA_SHLVL': '0', 'OLDPWD': '/home/verity-xie/Unibots 2026/test_ws', 'TERM_PROGRAM_VERSION': '1.102.3', 'DESKTOP_SESSION': 'ubuntu', 'ROS_PYTHON_VERSION': '3', 'GNOME_SHELL_SESSION_MODE': 'ubuntu', 'GTK_MODULES': 'gail:atk-bridge', 'XDG_SEAT_PATH': '/org/freedesktop/DisplayManager/Seat0', 'VSCODE_GIT_ASKPASS_MAIN': '/usr/share/code/resources/app/extensions/git/dist/askpass-main.js', 'LC_MONETARY': 'zh_CN.UTF-8', 'VSCODE_GIT_ASKPASS_NODE': '/usr/share/code/code', 'PYDEVD_DISABLE_FILE_VALIDATION': '1', 'DBUS_STARTER_BUS_TYPE': 'session', 'SYSTEMD_EXEC_PID': '7294', 'BUNDLED_DEBUGPY_PATH': '/home/verity-xie/.vscode/extensions/ms-python.debugpy-2025.16.0-linux-x64/bundled/libs/debugpy', 'DBUS_SESSION_BUS_ADDRESS': 'unix:path=/run/user/1000/bus,guid=26e64f08244833c7383dc81d691c5a3e', 'COLORTERM': 'truecolor', 'IM_CONFIG_PHASE': '1', 'COLCON_PREFIX_PATH': '/home/verity-xie/Unibots 2026/test_ws/install', 'ROS_DISTRO': 'humble', 'GTK_IM_MODULE': 'fcitx', 'LOGNAME': 'verity-xie', '_': '/usr/bin/colcon', 'ROS_VERSION': '2', 'XDG_SESSION_CLASS': 'user', 'TERM': 'xterm-256color', 'GNOME_DESKTOP_SESSION_ID': 'this-is-deprecated', 'ROS_LOCALHOST_ONLY': '0', 'PATH': '/opt/ros/humble/bin:/home/verity-xie/anaconda3/condabin:/usr/local/sbin:/usr/local/bin:/usr/sbin:/usr/bin:/sbin:/bin:/usr/games:/usr/local/games:/snap/bin:/home/verity-xie/.vscode/extensions/ms-python.debugpy-2025.16.0-linux-x64/bundled/scripts/noConfigScripts', 'SESSION_MANAGER': 'local/verityxie-Legion-Y9000P-IRX9:@/tmp/.ICE-unix/7294,unix/verityxie-Legion-Y9000P-IRX9:/tmp/.ICE-unix/7294', 'GDM_LANG': 'en_GB', 'PAPERSIZE': 'a4', 'XDG_SESSION_PATH': '/org/freedesktop/DisplayManager/Session1', 'XDG_MENU_PREFIX': 'gnome-', 'LC_ADDRESS': 'zh_CN.UTF-8', 'GNOME_TERMINAL_SCREEN': '/org/gnome/Terminal/screen/91c8f825_a6c6_4a56_8fd4_5d9657ca5659', 'XDG_RUNTIME_DIR': '/run/user/1000', 'GDK_BACKEND': 'x11', 'DISPLAY': ':0', 'VSCODE_DEBUGPY_ADAPTER_ENDPOINTS': '/home/verity-xie/.vscode/extensions/ms-python.debugpy-2025.16.0-linux-x64/.noConfigDebugAdapterEndpoints/endpoint-c1a59601807a4351.txt', 'LANG': 'en_GB.UTF-8', 'XDG_CURRENT_DESKTOP': 'Unity', 'PYTHONSTARTUP': '/home/verity-xie/.config/Code/User/workspaceStorage/d564a513997d8ee8c0f5560556a271cd/ms-python.python/pythonrc.py', 'LC_TELEPHONE': 'zh_CN.UTF-8', 'XMODIFIERS': '@im=fcitx', 'XDG_SESSION_DESKTOP': 'ubuntu', 'XAUTHORITY': '/home/verity-xie/.Xauthority', 'LS_COLORS': 'rs=0:di=01;34:ln=01;36:mh=00:pi=40;33:so=01;35:do=01;35:bd=40;33;01:cd=40;33;01:or=40;31;01:mi=00:su=37;41:sg=30;43:ca=30;41:tw=30;42:ow=34;42:st=37;44:ex=01;32:*.tar=01;31:*.tgz=01;31:*.arc=01;31:*.arj=01;31:*.taz=01;31:*.lha=01;31:*.lz4=01;31:*.lzh=01;31:*.lzma=01;31:*.tlz=01;31:*.txz=01;31:*.tzo=01;31:*.t7z=01;31:*.zip=01;31:*.z=01;31:*.dz=01;31:*.gz=01;31:*.lrz=01;31:*.lz=01;31:*.lzo=01;31:*.xz=01;31:*.zst=01;31:*.tzst=01;31:*.bz2=01;31:*.bz=01;31:*.tbz=01;31:*.tbz2=01;31:*.tz=01;31:*.deb=01;31:*.rpm=01;31:*.jar=01;31:*.war=01;31:*.ear=01;31:*.sar=01;31:*.rar=01;31:*.alz=01;31:*.ace=01;31:*.zoo=01;31:*.cpio=01;31:*.7z=01;31:*.rz=01;31:*.cab=01;31:*.wim=01;31:*.swm=01;31:*.dwm=01;31:*.esd=01;31:*.jpg=01;35:*.jpeg=01;35:*.mjpg=01;35:*.mjpeg=01;35:*.gif=01;35:*.bmp=01;35:*.pbm=01;35:*.pgm=01;35:*.ppm=01;35:*.tga=01;35:*.xbm=01;35:*.xpm=01;35:*.tif=01;35:*.tiff=01;35:*.png=01;35:*.svg=01;35:*.svgz=01;35:*.mng=01;35:*.pcx=01;35:*.mov=01;35:*.mpg=01;35:*.mpeg=01;35:*.m2v=01;35:*.mkv=01;35:*.webm=01;35:*.webp=01;35:*.ogm=01;35:*.mp4=01;35:*.m4v=01;35:*.mp4v=01;35:*.vob=01;35:*.qt=01;35:*.nuv=01;35:*.wmv=01;35:*.asf=01;35:*.rm=01;35:*.rmvb=01;35:*.flc=01;35:*.avi=01;35:*.fli=01;35:*.flv=01;35:*.gl=01;35:*.dl=01;35:*.xcf=01;35:*.xwd=01;35:*.yuv=01;35:*.cgm=01;35:*.emf=01;35:*.ogv=01;35:*.ogx=01;35:*.aac=00;36:*.au=00;36:*.flac=00;36:*.m4a=00;36:*.mid=00;36:*.midi=00;36:*.mka=00;36:*.mp3=00;36:*.mpc=00;36:*.ogg=00;36:*.ra=00;36:*.wav=00;36:*.oga=00;36:*.opus=00;36:*.spx=00;36:*.xspf=00;36:', 'VSCODE_GIT_IPC_HANDLE': '/run/user/1000/vscode-git-716ee9208f.sock', 'GNOME_TERMINAL_SERVICE': ':1.220', 'TERM_PROGRAM': 'vscode', 'SSH_AGENT_LAUNCHER': 'gnome-keyring', 'SSH_AUTH_SOCK': '/run/user/1000/keyring/ssh', 'XDG_GREETER_DATA_DIR': '/var/lib/lightdm-data/verity-xie', 'AMENT_PREFIX_PATH': '/home/verity-xie/Unibots 2026/test_ws/install/pv_apriltag:/home/verity-xie/Unibots 2026/test_ws/install/ball_detection:/opt/ros/humble', 'CONDA_PYTHON_EXE': '/home/verity-xie/anaconda3/bin/python', 'ORIGINAL_XDG_CURRENT_DESKTOP': 'ubuntu:GNOME', 'SHELL': '/bin/bash', 'LC_NAME': 'zh_CN.UTF-8', 'QT_ACCESSIBILITY': '1', 'NO_AT_BRIDGE': '1', 'GDMSESSION': 'ubuntu', 'LESSCLOSE': '/usr/bin/lesspipe %s %s', 'LC_MEASUREMENT': 'zh_CN.UTF-8', 'GPG_AGENT_INFO': '/run/user/1000/gnupg/S.gpg-agent:0:1', 'LC_IDENTIFICATION': 'zh_CN.UTF-8', 'VSCODE_GIT_ASKPASS_EXTRA_ARGS': '', 'QT_IM_MODULE': 'fcitx', 'PWD': '/home/verity-xie/Unibots 2026/test_ws/build/ball_detection', 'XDG_CONFIG_DIRS': '/etc/xdg/xdg-ubuntu:/etc/xdg', 'CONDA_EXE': '/home/verity-xie/anaconda3/bin/conda', 'CLUTTER_IM_MODULE': 'fcitx', 'DBUS_STARTER_ADDRESS': 'unix:path=/run/user/1000/bus,guid=26e64f08244833c7383dc81d691c5a3e', 'XDG_DATA_DIRS': '/usr/share/ubuntu:/usr/share/gnome:/usr/local/share:/usr/share:/var/lib/snapd/desktop', 'PYTHONPATH': '/home/verity-xie/Unibots 2026/test_ws/build/ball_detection/prefix_override:/usr/lib/python3/dist-packages/colcon_core/task/python/colcon_distutils_commands:/home/verity-xie/Unibots 2026/test_ws/install/ball_detection/lib/python3.10/site-packages:/home/verity-xie/Unibots 2026/test_ws/build/pv_apriltag:/home/verity-xie/Unibots 2026/test_ws/install/pv_apriltag/lib/python3.10/site-packages:/home/verity-xie/Unibots 2026/test_ws/build/ball_detection:/home/verity-xie/Unibots 2026/test_ws/install/ball_detection/lib/python3.10/site-packages:/opt/ros/humble/lib/python3.10/site-packages:/opt/ros/humble/local/lib/python3.10/dist-packages', 'LC_NUMERIC': 'zh_CN.UTF-8', 'LC_PAPER': 'zh_CN.UTF-8', 'COLCON': '1', 'VTE_VERSION': '6800'}, 'shell': False}
[0.439205] (pv_apriltag) Command: {'cmd': ['/usr/bin/python3', '-W', 'ignore:setup.py install is deprecated', '-W', 'ignore:easy_install command is deprecated', 'setup.py', 'develop', '--editable', '--build-directory', '/home/verity-xie/Unibots 2026/test_ws/build/pv_apriltag/build', '--no-deps', 'symlink_data'], 'cwd': '/home/verity-xie/Unibots 2026/test_ws/build/pv_apriltag', 'env': {'PYTHON_BASIC_REPL': '1', 'LESSOPEN': '| /usr/bin/lesspipe %s', 'LANGUAGE': 'en_GB:en', 'USER': 'verity-xie', 'LC_TIME': 'zh_CN.UTF-8', 'XDG_SESSION_TYPE': 'x11', 'GIT_ASKPASS': '/usr/share/code/resources/app/extensions/git/dist/askpass.sh', 'SHLVL': '2', 'LD_LIBRARY_PATH': '/opt/ros/humble/opt/rviz_ogre_vendor/lib:/opt/ros/humble/lib/x86_64-linux-gnu:/opt/ros/humble/lib', 'HOME': '/home/verity-xie', 'CHROME_DESKTOP': 'code.desktop', 'CONDA_SHLVL': '0', 'OLDPWD': '/home/verity-xie/Unibots 2026/test_ws', 'TERM_PROGRAM_VERSION': '1.102.3', 'DESKTOP_SESSION': 'ubuntu', 'ROS_PYTHON_VERSION': '3', 'GNOME_SHELL_SESSION_MODE': 'ubuntu', 'GTK_MODULES': 'gail:atk-bridge', 'XDG_SEAT_PATH': '/org/freedesktop/DisplayManager/Seat0', 'VSCODE_GIT_ASKPASS_MAIN': '/usr/share/code/resources/app/extensions/git/dist/askpass-main.js', 'LC_MONETARY': 'zh_CN.UTF-8', 'VSCODE_GIT_ASKPASS_NODE': '/usr/share/code/code', 'PYDEVD_DISABLE_FILE_VALIDATION': '1', 'DBUS_STARTER_BUS_TYPE': 'session', 'SYSTEMD_EXEC_PID': '7294', 'BUNDLED_DEBUGPY_PATH': '/home/verity-xie/.vscode/extensions/ms-python.debugpy-2025.16.0-linux-x64/bundled/libs/debugpy', 'DBUS_SESSION_BUS_ADDRESS': 'unix:path=/run/user/1000/bus,guid=26e64f08244833c7383dc81d691c5a3e', 'COLORTERM': 'truecolor', 'IM_CONFIG_PHASE': '1', 'COLCON_PREFIX_PATH': '/home/verity-xie/Unibots 2026/test_ws/install', 'ROS_DISTRO': 'humble', 'GTK_IM_MODULE': 'fcitx', 'LOGNAME': 'verity-xie', '_': '/usr/bin/colcon', 'ROS_VERSION': '2', 'XDG_SESSION_CLASS': 'user', 'TERM': 'xterm-256color', 'GNOME_DESKTOP_SESSION_ID': 'this-is-deprecated', 'ROS_LOCALHOST_ONLY': '0', 'PATH': '/opt/ros/humble/bin:/home/verity-xie/anaconda3/condabin:/usr/local/sbin:/usr/local/bin:/usr/sbin:/usr/bin:/sbin:/bin:/usr/games:/usr/local/games:/snap/bin:/home/verity-xie/.vscode/extensions/ms-python.debugpy-2025.16.0-linux-x64/bundled/scripts/noConfigScripts', 'SESSION_MANAGER': 'local/verityxie-Legion-Y9000P-IRX9:@/tmp/.ICE-unix/7294,unix/verityxie-Legion-Y9000P-IRX9:/tmp/.ICE-unix/7294', 'GDM_LANG': 'en_GB', 'PAPERSIZE': 'a4', 'XDG_SESSION_PATH': '/org/freedesktop/DisplayManager/Session1', 'XDG_MENU_PREFIX': 'gnome-', 'LC_ADDRESS': 'zh_CN.UTF-8', 'GNOME_TERMINAL_SCREEN': '/org/gnome/Terminal/screen/91c8f825_a6c6_4a56_8fd4_5d9657ca5659', 'XDG_RUNTIME_DIR': '/run/user/1000', 'GDK_BACKEND': 'x11', 'DISPLAY': ':0', 'VSCODE_DEBUGPY_ADAPTER_ENDPOINTS': '/home/verity-xie/.vscode/extensions/ms-python.debugpy-2025.16.0-linux-x64/.noConfigDebugAdapterEndpoints/endpoint-c1a59601807a4351.txt', 'LANG': 'en_GB.UTF-8', 'XDG_CURRENT_DESKTOP': 'Unity', 'PYTHONSTARTUP': '/home/verity-xie/.config/Code/User/workspaceStorage/d564a513997d8ee8c0f5560556a271cd/ms-python.python/pythonrc.py', 'LC_TELEPHONE': 'zh_CN.UTF-8', 'XMODIFIERS': '@im=fcitx', 'XDG_SESSION_DESKTOP': 'ubuntu', 'XAUTHORITY': '/home/verity-xie/.Xauthority', 'LS_COLORS': 'rs=0:di=01;34:ln=01;36:mh=00:pi=40;33:so=01;35:do=01;35:bd=40;33;01:cd=40;33;01:or=40;31;01:mi=00:su=37;41:sg=30;43:ca=30;41:tw=30;42:ow=34;42:st=37;44:ex=01;32:*.tar=01;31:*.tgz=01;31:*.arc=01;31:*.arj=01;31:*.taz=01;31:*.lha=01;31:*.lz4=01;31:*.lzh=01;31:*.lzma=01;31:*.tlz=01;31:*.txz=01;31:*.tzo=01;31:*.t7z=01;31:*.zip=01;31:*.z=01;31:*.dz=01;31:*.gz=01;31:*.lrz=01;31:*.lz=01;31:*.lzo=01;31:*.xz=01;31:*.zst=01;31:*.tzst=01;31:*.bz2=01;31:*.bz=01;31:*.tbz=01;31:*.tbz2=01;31:*.tz=01;31:*.deb=01;31:*.rpm=01;31:*.jar=01;31:*.war=01;31:*.ear=01;31:*.sar=01;31:*.rar=01;31:*.alz=01;31:*.ace=01;31:*.zoo=01;31:*.cpio=01;31:*.7z=01;31:*.rz=01;31:*.cab=01;31:*.wim=01;31:*.swm=01;31:*.dwm=01;31:*.esd=01;31:*.jpg=01;35:*.jpeg=01;35:*.mjpg=01;35:*.mjpeg=01;35:*.gif=01;35:*.bmp=01;35:*.pbm=01;35:*.pgm=01;35:*.ppm=01;35:*.tga=01;35:*.xbm=01;35:*.xpm=01;35:*.tif=01;35:*.tiff=01;35:*.png=01;35:*.svg=01;35:*.svgz=01;35:*.mng=01;35:*.pcx=01;35:*.mov=01;35:*.mpg=01;35:*.mpeg=01;35:*.m2v=01;35:*.mkv=01;35:*.webm=01;35:*.webp=01;35:*.ogm=01;35:*.mp4=01;35:*.m4v=01;35:*.mp4v=01;35:*.vob=01;35:*.qt=01;35:*.nuv=01;35:*.wmv=01;35:*.asf=01;35:*.rm=01;35:*.rmvb=01;35:*.flc=01;35:*.avi=01;35:*.fli=01;35:*.flv=01;35:*.gl=01;35:*.dl=01;35:*.xcf=01;35:*.xwd=01;35:*.yuv=01;35:*.cgm=01;35:*.emf=01;35:*.ogv=01;35:*.ogx=01;35:*.aac=00;36:*.au=00;36:*.flac=00;36:*.m4a=00;36:*.mid=00;36:*.midi=00;36:*.mka=00;36:*.mp3=00;36:*.mpc=00;36:*.ogg=00;36:*.ra=00;36:*.wav=00;36:*.oga=00;36:*.opus=00;36:*.spx=00;36:*.xspf=00;36:', 'VSCODE_GIT_IPC_HANDLE': '/run/user/1000/vscode-git-716ee9208f.sock', 'GNOME_TERMINAL_SERVICE': ':1.220', 'TERM_PROGRAM': 'vscode', 'SSH_AGENT_LAUNCHER': 'gnome-keyring', 'SSH_AUTH_SOCK': '/run/user/1000/keyring/ssh', 'XDG_GREETER_DATA_DIR': '/var/lib/lightdm-data/verity-xie', 'AMENT_PREFIX_PATH': '/home/verity-xie/Unibots 2026/test_ws/install/pv_apriltag:/home/verity-xie/Unibots 2026/test_ws/install/ball_detection:/opt/ros/humble', 'CONDA_PYTHON_EXE': '/home/verity-xie/anaconda3/bin/python', 'ORIGINAL_XDG_CURRENT_DESKTOP': 'ubuntu:GNOME', 'SHELL': '/bin/bash', 'LC_NAME': 'zh_CN.UTF-8', 'QT_ACCESSIBILITY': '1', 'NO_AT_BRIDGE': '1', 'GDMSESSION': 'ubuntu', 'LESSCLOSE': '/usr/bin/lesspipe %s %s', 'LC_MEASUREMENT': 'zh_CN.UTF-8', 'GPG_AGENT_INFO': '/run/user/1000/gnupg/S.gpg-agent:0:1', 'LC_IDENTIFICATION': 'zh_CN.UTF-8', 'VSCODE_GIT_ASKPASS_EXTRA_ARGS': '', 'QT_IM_MODULE': 'fcitx', 'PWD': '/home/verity-xie/Unibots 2026/test_ws/build/pv_apriltag', 'XDG_CONFIG_DIRS': '/etc/xdg/xdg-ubuntu:/etc/xdg', 'CONDA_EXE': '/home/verity-xie/anaconda3/bin/conda', 'CLUTTER_IM_MODULE': 'fcitx', 'DBUS_STARTER_ADDRESS': 'unix:path=/run/user/1000/bus,guid=26e64f08244833c7383dc81d691c5a3e', 'XDG_DATA_DIRS': '/usr/share/ubuntu:/usr/share/gnome:/usr/local/share:/usr/share:/var/lib/snapd/desktop', 'PYTHONPATH': '/home/verity-xie/Unibots 2026/test_ws/build/pv_apriltag/prefix_override:/usr/lib/python3/dist-packages/colcon_core/task/python/colcon_distutils_commands:/home/verity-xie/Unibots 2026/test_ws/install/pv_apriltag/lib/python3.10/site-packages:/home/verity-xie/Unibots 2026/test_ws/build/pv_apriltag:/home/verity-xie/Unibots 2026/test_ws/install/pv_apriltag/lib/python3.10/site-packages:/home/verity-xie/Unibots 2026/test_ws/build/ball_detection:/home/verity-xie/Unibots 2026/test_ws/install/ball_detection/lib/python3.10/site-packages:/opt/ros/humble/lib/python3.10/site-packages:/opt/ros/humble/local/lib/python3.10/dist-packages', 'LC_NUMERIC': 'zh_CN.UTF-8', 'LC_PAPER': 'zh_CN.UTF-8', 'COLCON': '1', 'VTE_VERSION': '6800'}, 'shell': False}
[0.461215] (webots_ros2_driver) StdoutLine: {'line': b'-- Detecting C compiler ABI info - done\n'}
[0.464861] (webots_ros2_driver) StdoutLine: {'line': b'-- Check for working C compiler: /usr/bin/cc - skipped\n'}
[0.464927] (webots_ros2_driver) StdoutLine: {'line': b'-- Detecting C compile features\n'}
[0.465058] (webots_ros2_driver) StdoutLine: {'line': b'-- Detecting C compile features - done\n'}
[0.466568] (webots_ros2_driver) StdoutLine: {'line': b'-- Detecting CXX compiler ABI info\n'}
[0.500936] (-) TimerEvent: {}
[0.516708] (webots_ros2_driver) StdoutLine: {'line': b'-- Detecting CXX compiler ABI info - done\n'}
[0.520492] (webots_ros2_driver) StdoutLine: {'line': b'-- Check for working CXX compiler: /usr/bin/c++ - skipped\n'}
[0.520556] (webots_ros2_driver) StdoutLine: {'line': b'-- Detecting CXX compile features\n'}
[0.520696] (webots_ros2_driver) StdoutLine: {'line': b'-- Detecting CXX compile features - done\n'}
[0.521870] (webots_ros2_driver) StdoutLine: {'line': b'-- Found ament_cmake: 1.3.12 (/opt/ros/humble/share/ament_cmake/cmake)\n'}
[0.550653] (ball_detection) StdoutLine: {'line': b'running develop\n'}
[0.555639] (pv_apriltag) StdoutLine: {'line': b'running develop\n'}
[0.601063] (-) TimerEvent: {}
[0.611666] (webots_ros2_driver) StdoutLine: {'line': b'-- Found Python3: /usr/bin/python3 (found version "3.10.12") found components: Interpreter \n'}
[0.616724] (ball_detection) StdoutLine: {'line': b'running egg_info\n'}
[0.616822] (ball_detection) StdoutLine: {'line': b'writing ball_detection.egg-info/PKG-INFO\n'}
[0.616852] (ball_detection) StdoutLine: {'line': b'writing dependency_links to ball_detection.egg-info/dependency_links.txt\n'}
[0.616876] (ball_detection) StdoutLine: {'line': b'writing entry points to ball_detection.egg-info/entry_points.txt\n'}
[0.617065] (ball_detection) StdoutLine: {'line': b'writing requirements to ball_detection.egg-info/requires.txt\n'}
[0.617122] (ball_detection) StdoutLine: {'line': b'writing top-level names to ball_detection.egg-info/top_level.txt\n'}
[0.617911] (ball_detection) StdoutLine: {'line': b"reading manifest file 'ball_detection.egg-info/SOURCES.txt'\n"}
[0.618090] (ball_detection) StdoutLine: {'line': b"writing manifest file 'ball_detection.egg-info/SOURCES.txt'\n"}
[0.618857] (ball_detection) StdoutLine: {'line': b'running build_ext\n'}
[0.618885] (ball_detection) StdoutLine: {'line': b'Creating /home/verity-xie/Unibots 2026/test_ws/install/ball_detection/lib/python3.10/site-packages/ball-detection.egg-link (link to .)\n'}
[0.619109] (ball_detection) StdoutLine: {'line': b'\n'}
[0.619133] (ball_detection) StdoutLine: {'line': b'Installed /home/verity-xie/Unibots 2026/test_ws/build/ball_detection\n'}
[0.619156] (ball_detection) StdoutLine: {'line': b'running symlink_data\n'}
[0.620392] (pv_apriltag) StdoutLine: {'line': b'running egg_info\n'}
[0.620446] (pv_apriltag) StdoutLine: {'line': b'writing pv_apriltag.egg-info/PKG-INFO\n'}
[0.620497] (pv_apriltag) StdoutLine: {'line': b'writing dependency_links to pv_apriltag.egg-info/dependency_links.txt\n'}
[0.620540] (pv_apriltag) StdoutLine: {'line': b'writing entry points to pv_apriltag.egg-info/entry_points.txt\n'}
[0.620647] (pv_apriltag) StdoutLine: {'line': b'writing requirements to pv_apriltag.egg-info/requires.txt\n'}
[0.620669] (pv_apriltag) StdoutLine: {'line': b'writing top-level names to pv_apriltag.egg-info/top_level.txt\n'}
[0.621609] (pv_apriltag) StdoutLine: {'line': b"reading manifest file 'pv_apriltag.egg-info/SOURCES.txt'\n"}
[0.621896] (pv_apriltag) StdoutLine: {'line': b"writing manifest file 'pv_apriltag.egg-info/SOURCES.txt'\n"}
[0.622554] (pv_apriltag) StdoutLine: {'line': b'running build_ext\n'}
[0.622625] (pv_apriltag) StdoutLine: {'line': b'Creating /home/verity-xie/Unibots 2026/test_ws/install/pv_apriltag/lib/python3.10/site-packages/pv-apriltag.egg-link (link to .)\n'}
[0.622952] (pv_apriltag) StdoutLine: {'line': b'Installing pv_node script to /home/verity-xie/Unibots 2026/test_ws/install/pv_apriltag/lib/pv_apriltag\n'}
[0.623125] (pv_apriltag) StdoutLine: {'line': b'Installing pv_sim_bridge script to /home/verity-xie/Unibots 2026/test_ws/install/pv_apriltag/lib/pv_apriltag\n'}
[0.623194] (pv_apriltag) StdoutLine: {'line': b'\n'}
[0.623246] (pv_apriltag) StdoutLine: {'line': b'Installed /home/verity-xie/Unibots 2026/test_ws/build/pv_apriltag\n'}
[0.623294] (pv_apriltag) StdoutLine: {'line': b'running symlink_data\n'}
[0.632852] (ball_detection) CommandEnded: {'returncode': 0}
[0.636950] (ball_detection) JobEnded: {'identifier': 'ball_detection', 'rc': 0}
[0.637955] (pv_apriltag) CommandEnded: {'returncode': 0}
[0.643265] (pv_apriltag) JobEnded: {'identifier': 'pv_apriltag', 'rc': 0}
[0.646530] (webots_ros2_driver) StdoutLine: {'line': b'-- Override CMake install command with custom implementation using symlinks instead of copying resources\n'}
[0.658965] (webots_ros2_driver) StdoutLine: {'line': b'-- Found rosgraph_msgs: 1.2.2 (/opt/ros/humble/share/rosgraph_msgs/cmake)\n'}
[0.674533] (webots_ros2_driver) StdoutLine: {'line': b'-- Found rosidl_generator_c: 3.1.7 (/opt/ros/humble/share/rosidl_generator_c/cmake)\n'}
[0.676721] (webots_ros2_driver) StdoutLine: {'line': b'-- Found rosidl_adapter: 3.1.7 (/opt/ros/humble/share/rosidl_adapter/cmake)\n'}
[0.680425] (webots_ros2_driver) StdoutLine: {'line': b'-- Found rosidl_generator_cpp: 3.1.7 (/opt/ros/humble/share/rosidl_generator_cpp/cmake)\n'}
[0.685632] (webots_ros2_driver) StdoutLine: {'line': b'-- Using all available rosidl_typesupport_c: rosidl_typesupport_fastrtps_c;rosidl_typesupport_introspection_c\n'}
[0.692745] (webots_ros2_driver) StdoutLine: {'line': b'-- Using all available rosidl_typesupport_cpp: rosidl_typesupport_fastrtps_cpp;rosidl_typesupport_introspection_cpp\n'}
[0.701175] (-) TimerEvent: {}
[0.704498] (webots_ros2_driver) StdoutLine: {'line': b'-- Found rclcpp: 16.0.15 (/opt/ros/humble/share/rclcpp/cmake)\n'}
[0.722908] (webots_ros2_driver) StdoutLine: {'line': b'-- Found rmw_implementation_cmake: 6.1.2 (/opt/ros/humble/share/rmw_implementation_cmake/cmake)\n'}
[0.724150] (webots_ros2_driver) StdoutLine: {'line': b'-- Found rmw_fastrtps_cpp: 6.2.9 (/opt/ros/humble/share/rmw_fastrtps_cpp/cmake)\n'}
[0.788411] (webots_ros2_driver) StdoutLine: {'line': b'-- Found OpenSSL: /usr/lib/x86_64-linux-gnu/libcrypto.so (found version "3.0.2")  \n'}
[0.801240] (-) TimerEvent: {}
[0.810298] (webots_ros2_driver) StdoutLine: {'line': b'-- Found FastRTPS: /opt/ros/humble/include  \n'}
[0.832517] (webots_ros2_driver) StdoutLine: {'line': b"-- Using RMW implementation 'rmw_fastrtps_cpp' as default\n"}
[0.838661] (webots_ros2_driver) StdoutLine: {'line': b'-- Looking for pthread.h\n'}
[0.901379] (-) TimerEvent: {}
[0.938363] (webots_ros2_driver) StdoutLine: {'line': b'-- Looking for pthread.h - found\n'}
[0.938658] (webots_ros2_driver) StdoutLine: {'line': b'-- Performing Test CMAKE_HAVE_LIBC_PTHREAD\n'}
[1.001510] (-) TimerEvent: {}
[1.038916] (webots_ros2_driver) StdoutLine: {'line': b'-- Performing Test CMAKE_HAVE_LIBC_PTHREAD - Success\n'}
[1.039929] (webots_ros2_driver) StdoutLine: {'line': b'-- Found Threads: TRUE  \n'}
[1.073612] (webots_ros2_driver) StdoutLine: {'line': b'-- Found pluginlib: 5.1.2 (/opt/ros/humble/share/pluginlib/cmake)\n'}
[1.088368] (webots_ros2_driver) StdoutLine: {'line': b'-- Found sensor_msgs: 4.9.0 (/opt/ros/humble/share/sensor_msgs/cmake)\n'}
[1.101685] (-) TimerEvent: {}
[1.105983] (webots_ros2_driver) StdoutLine: {'line': b'-- Found tf2_geometry_msgs: 0.25.16 (/opt/ros/humble/share/tf2_geometry_msgs/cmake)\n'}
[1.114499] (webots_ros2_driver) StdoutLine: {'line': b'-- Found eigen3_cmake_module: 0.1.1 (/opt/ros/humble/share/eigen3_cmake_module/cmake)\n'}
[1.115460] (webots_ros2_driver) StdoutLine: {'line': b'-- Found Eigen3: TRUE (found version "3.4.0") \n'}
[1.115519] (webots_ros2_driver) StdoutLine: {'line': b'-- Ensuring Eigen3 include directory is part of orocos-kdl CMake target\n'}
[1.168402] (webots_ros2_driver) StdoutLine: {'line': b'-- Found vision_msgs: 4.1.1 (/opt/ros/humble/share/vision_msgs/cmake)\n'}
[1.175087] (webots_ros2_driver) StdoutLine: {'line': b'-- Found webots_ros2_msgs: 2025.0.1 (/home/verity-xie/Unibots 2026/test_ws/install/webots_ros2_msgs/share/webots_ros2_msgs/cmake)\n'}
[1.183893] (webots_ros2_driver) StdoutLine: {'line': b'-- Found TinyXML2 via Config file: TinyXML2_DIR-NOTFOUND\n'}
[1.201905] (-) TimerEvent: {}
[1.302102] (-) TimerEvent: {}
[1.392886] (webots_ros2_driver) StdoutLine: {'line': b'-- Found Python: /usr/include/python3.10 (found suitable exact version "3.10.12") found components: Development Development.Module Development.Embed \n'}
[1.402204] (-) TimerEvent: {}
[1.502517] (-) TimerEvent: {}
[1.558225] (webots_ros2_driver) StdoutLine: {'line': b'-- Configuring done\n'}
[1.569515] (webots_ros2_driver) StdoutLine: {'line': b'-- Generating done\n'}
[1.573736] (webots_ros2_driver) StdoutLine: {'line': b'-- Build files have been written to: /home/verity-xie/Unibots 2026/test_ws/build/webots_ros2_driver\n'}
[1.579570] (webots_ros2_driver) CommandEnded: {'returncode': 0}
[1.580036] (webots_ros2_driver) JobProgress: {'identifier': 'webots_ros2_driver', 'progress': 'build'}
[1.580305] (webots_ros2_driver) Command: {'cmd': ['/usr/bin/cmake', '--build', '/home/verity-xie/Unibots 2026/test_ws/build/webots_ros2_driver', '--', '-j32', '-l32'], 'cwd': '/home/verity-xie/Unibots 2026/test_ws/build/webots_ros2_driver', 'env': OrderedDict([('PYTHON_BASIC_REPL', '1'), ('LESSOPEN', '| /usr/bin/lesspipe %s'), ('LANGUAGE', 'en_GB:en'), ('USER', 'verity-xie'), ('LC_TIME', 'zh_CN.UTF-8'), ('XDG_SESSION_TYPE', 'x11'), ('GIT_ASKPASS', '/usr/share/code/resources/app/extensions/git/dist/askpass.sh'), ('SHLVL', '2'), ('LD_LIBRARY_PATH', '/home/verity-xie/Unibots 2026/test_ws/install/webots_ros2_msgs/lib:/opt/ros/humble/opt/rviz_ogre_vendor/lib:/opt/ros/humble/lib/x86_64-linux-gnu:/opt/ros/humble/lib'), ('HOME', '/home/verity-xie'), ('CHROME_DESKTOP', 'code.desktop'), ('CONDA_SHLVL', '0'), ('OLDPWD', '/home/verity-xie/Unibots 2026/test_ws'), ('TERM_PROGRAM_VERSION', '1.102.3'), ('DESKTOP_SESSION', 'ubuntu'), ('ROS_PYTHON_VERSION', '3'), ('GNOME_SHELL_SESSION_MODE', 'ubuntu'), ('GTK_MODULES', 'gail:atk-bridge'), ('XDG_SEAT_PATH', '/org/freedesktop/DisplayManager/Seat0'), ('VSCODE_GIT_ASKPASS_MAIN', '/usr/share/code/resources/app/extensions/git/dist/askpass-main.js'), ('LC_MONETARY', 'zh_CN.UTF-8'), ('VSCODE_GIT_ASKPASS_NODE', '/usr/share/code/code'), ('PYDEVD_DISABLE_FILE_VALIDATION', '1'), ('DBUS_STARTER_BUS_TYPE', 'session'), ('SYSTEMD_EXEC_PID', '7294'), ('BUNDLED_DEBUGPY_PATH', '/home/verity-xie/.vscode/extensions/ms-python.debugpy-2025.16.0-linux-x64/bundled/libs/debugpy'), ('DBUS_SESSION_BUS_ADDRESS', 'unix:path=/run/user/1000/bus,guid=26e64f08244833c7383dc81d691c5a3e'), ('COLORTERM', 'truecolor'), ('IM_CONFIG_PHASE', '1'), ('COLCON_PREFIX_PATH', '/home/verity-xie/Unibots 2026/test_ws/install'), ('ROS_DISTRO', 'humble'), ('GTK_IM_MODULE', 'fcitx'), ('LOGNAME', 'verity-xie'), ('_', '/usr/bin/colcon'), ('ROS_VERSION', '2'), ('XDG_SESSION_CLASS', 'user'), ('TERM', 'xterm-256color'), ('GNOME_DESKTOP_SESSION_ID', 'this-is-deprecated'), ('ROS_LOCALHOST_ONLY', '0'), ('PATH', '/opt/ros/humble/bin:/home/verity-xie/anaconda3/condabin:/usr/local/sbin:/usr/local/bin:/usr/sbin:/usr/bin:/sbin:/bin:/usr/games:/usr/local/games:/snap/bin:/home/verity-xie/.vscode/extensions/ms-python.debugpy-2025.16.0-linux-x64/bundled/scripts/noConfigScripts'), ('SESSION_MANAGER', 'local/verityxie-Legion-Y9000P-IRX9:@/tmp/.ICE-unix/7294,unix/verityxie-Legion-Y9000P-IRX9:/tmp/.ICE-unix/7294'), ('GDM_LANG', 'en_GB'), ('PAPERSIZE', 'a4'), ('XDG_SESSION_PATH', '/org/freedesktop/DisplayManager/Session1'), ('XDG_MENU_PREFIX', 'gnome-'), ('LC_ADDRESS', 'zh_CN.UTF-8'), ('GNOME_TERMINAL_SCREEN', '/org/gnome/Terminal/screen/91c8f825_a6c6_4a56_8fd4_5d9657ca5659'), ('XDG_RUNTIME_DIR', '/run/user/1000'), ('GDK_BACKEND', 'x11'), ('DISPLAY', ':0'), ('VSCODE_DEBUGPY_ADAPTER_ENDPOINTS', '/home/verity-xie/.vscode/extensions/ms-python.debugpy-2025.16.0-linux-x64/.noConfigDebugAdapterEndpoints/endpoint-c1a59601807a4351.txt'), ('LANG', 'en_GB.UTF-8'), ('XDG_CURRENT_DESKTOP', 'Unity'), ('PYTHONSTARTUP', '/home/verity-xie/.config/Code/User/workspaceStorage/d564a513997d8ee8c0f5560556a271cd/ms-python.python/pythonrc.py'), ('LC_TELEPHONE', 'zh_CN.UTF-8'), ('XMODIFIERS', '@im=fcitx'), ('XDG_SESSION_DESKTOP', 'ubuntu'), ('XAUTHORITY', '/home/verity-xie/.Xauthority'), ('LS_COLORS', 'rs=0:di=01;34:ln=01;36:mh=00:pi=40;33:so=01;35:do=01;35:bd=40;33;01:cd=40;33;01:or=40;31;01:mi=00:su=37;41:sg=30;43:ca=30;41:tw=30;42:ow=34;42:st=37;44:ex=01;32:*.tar=01;31:*.tgz=01;31:*.arc=01;31:*.arj=01;31:*.taz=01;31:*.lha=01;31:*.lz4=01;31:*.lzh=01;31:*.lzma=01;31:*.tlz=01;31:*.txz=01;31:*.tzo=01;31:*.t7z=01;31:*.zip=01;31:*.z=01;31:*.dz=01;31:*.gz=01;31:*.lrz=01;31:*.lz=01;31:*.lzo=01;31:*.xz=01;31:*.zst=01;31:*.tzst=01;31:*.bz2=01;31:*.bz=01;31:*.tbz=01;31:*.tbz2=01;31:*.tz=01;31:*.deb=01;31:*.rpm=01;31:*.jar=01;31:*.war=01;31:*.ear=01;31:*.sar=01;31:*.rar=01;31:*.alz=01;31:*.ace=01;31:*.zoo=01;31:*.cpio=01;31:*.7z=01;31:*.rz=01;31:*.cab=01;31:*.wim=01;31:*.swm=01;31:*.dwm=01;31:*.esd=01;31:*.jpg=01;35:*.jpeg=01;35:*.mjpg=01;35:*.mjpeg=01;35:*.gif=01;35:*.bmp=01;35:*.pbm=01;35:*.pgm=01;35:*.ppm=01;35:*.tga=01;35:*.xbm=01;35:*.xpm=01;35:*.tif=01;35:*.tiff=01;35:*.png=01;35:*.svg=01;35:*.svgz=01;35:*.mng=01;35:*.pcx=01;35:*.mov=01;35:*.mpg=01;35:*.mpeg=01;35:*.m2v=01;35:*.mkv=01;35:*.webm=01;35:*.webp=01;35:*.ogm=01;35:*.mp4=01;35:*.m4v=01;35:*.mp4v=01;35:*.vob=01;35:*.qt=01;35:*.nuv=01;35:*.wmv=01;35:*.asf=01;35:*.rm=01;35:*.rmvb=01;35:*.flc=01;35:*.avi=01;35:*.fli=01;35:*.flv=01;35:*.gl=01;35:*.dl=01;35:*.xcf=01;35:*.xwd=01;35:*.yuv=01;35:*.cgm=01;35:*.emf=01;35:*.ogv=01;35:*.ogx=01;35:*.aac=00;36:*.au=00;36:*.flac=00;36:*.m4a=00;36:*.mid=00;36:*.midi=00;36:*.mka=00;36:*.mp3=00;36:*.mpc=00;36:*.ogg=00;36:*.ra=00;36:*.wav=00;36:*.oga=00;36:*.opus=00;36:*.spx=00;36:*.xspf=00;36:'), ('VSCODE_GIT_IPC_HANDLE', '/run/user/1000/vscode-git-716ee9208f.sock'), ('GNOME_TERMINAL_SERVICE', ':1.220'), ('TERM_PROGRAM', 'vscode'), ('SSH_AGENT_LAUNCHER', 'gnome-keyring'), ('SSH_AUTH_SOCK', '/run/user/1000/keyring/ssh'), ('XDG_GREETER_DATA_DIR', '/var/lib/lightdm-data/verity-xie'), ('AMENT_PREFIX_PATH', '/home/verity-xie/Unibots 2026/test_ws/install/webots_ros2_msgs:/home/verity-xie/Unibots 2026/test_ws/install/pv_apriltag:/home/verity-xie/Unibots 2026/test_ws/install/ball_detection:/opt/ros/humble'), ('CONDA_PYTHON_EXE', '/home/verity-xie/anaconda3/bin/python'), ('ORIGINAL_XDG_CURRENT_DESKTOP', 'ubuntu:GNOME'), ('SHELL', '/bin/bash'), ('LC_NAME', 'zh_CN.UTF-8'), ('QT_ACCESSIBILITY', '1'), ('NO_AT_BRIDGE', '1'), ('GDMSESSION', 'ubuntu'), ('LESSCLOSE', '/usr/bin/lesspipe %s %s'), ('LC_MEASUREMENT', 'zh_CN.UTF-8'), ('GPG_AGENT_INFO', '/run/user/1000/gnupg/S.gpg-agent:0:1'), ('LC_IDENTIFICATION', 'zh_CN.UTF-8'), ('VSCODE_GIT_ASKPASS_EXTRA_ARGS', ''), ('QT_IM_MODULE', 'fcitx'), ('PWD', '/home/verity-xie/Unibots 2026/test_ws/build/webots_ros2_driver'), ('XDG_CONFIG_DIRS', '/etc/xdg/xdg-ubuntu:/etc/xdg'), ('CONDA_EXE', '/home/verity-xie/anaconda3/bin/conda'), ('CLUTTER_IM_MODULE', 'fcitx'), ('DBUS_STARTER_ADDRESS', 'unix:path=/run/user/1000/bus,guid=26e64f08244833c7383dc81d691c5a3e'), ('XDG_DATA_DIRS', '/usr/share/ubuntu:/usr/share/gnome:/usr/local/share:/usr/share:/var/lib/snapd/desktop'), ('PYTHONPATH', '/home/verity-xie/Unibots 2026/test_ws/install/webots_ros2_msgs/local/lib/python3.10/dist-packages:/home/verity-xie/Unibots 2026/test_ws/build/pv_apriltag:/home/verity-xie/Unibots 2026/test_ws/install/pv_apriltag/lib/python3.10/site-packages:/home/verity-xie/Unibots 2026/test_ws/build/ball_detection:/home/verity-xie/Unibots 2026/test_ws/install/ball_detection/lib/python3.10/site-packages:/opt/ros/humble/lib/python3.10/site-packages:/opt/ros/humble/local/lib/python3.10/dist-packages'), ('LC_NUMERIC', 'zh_CN.UTF-8'), ('LC_PAPER', 'zh_CN.UTF-8'), ('COLCON', '1'), ('VTE_VERSION', '6800'), ('CMAKE_PREFIX_PATH', '/home/verity-xie/Unibots 2026/test_ws/install/webots_ros2_msgs:/home/verity-xie/Unibots 2026/test_ws/install/pv_apriltag:/home/verity-xie/Unibots 2026/test_ws/install/ball_detection:/opt/ros/humble')]), 'shell': False}
[1.602621] (-) TimerEvent: {}
[1.633267] (webots_ros2_driver) StdoutLine: {'line': b'[  0%] Built target ament_cmake_python_symlink_controller\n'}
[1.633562] (webots_ros2_driver) StdoutLine: {'line': b'[  0%] Built target ament_cmake_python_symlink_vehicle\n'}
[1.634206] (webots_ros2_driver) StdoutLine: {'line': b'[  0%] Built target ament_cmake_python_symlink_webots_ros2_driver\n'}
[1.702690] (-) TimerEvent: {}
[1.747430] (webots_ros2_driver) StdoutLine: {'line': b'running egg_info\n'}
[1.747620] (webots_ros2_driver) StdoutLine: {'line': b'running egg_info\n'}
[1.747718] (webots_ros2_driver) StdoutLine: {'line': b'running egg_info\n'}
[1.747798] (webots_ros2_driver) StdoutLine: {'line': b'creating controller.egg-info\n'}
[1.747972] (webots_ros2_driver) StdoutLine: {'line': b'writing controller.egg-info/PKG-INFO\n'}
[1.748031] (webots_ros2_driver) StdoutLine: {'line': b'creating vehicle.egg-info\n'}
[1.748085] (webots_ros2_driver) StdoutLine: {'line': b'writing dependency_links to controller.egg-info/dependency_links.txt\n'}
[1.748138] (webots_ros2_driver) StdoutLine: {'line': b'writing vehicle.egg-info/PKG-INFO\n'}
[1.748189] (webots_ros2_driver) StdoutLine: {'line': b'creating webots_ros2_driver.egg-info\n'}
[1.748240] (webots_ros2_driver) StdoutLine: {'line': b'writing top-level names to controller.egg-info/top_level.txt\n'}
[1.748291] (webots_ros2_driver) StdoutLine: {'line': b'writing dependency_links to vehicle.egg-info/dependency_links.txt\n'}
[1.748341] (webots_ros2_driver) StdoutLine: {'line': b"writing manifest file 'controller.egg-info/SOURCES.txt'\n"}
[1.748391] (webots_ros2_driver) StdoutLine: {'line': b'writing top-level names to vehicle.egg-info/top_level.txt\n'}
[1.748441] (webots_ros2_driver) StdoutLine: {'line': b'writing webots_ros2_driver.egg-info/PKG-INFO\n'}
[1.748519] (webots_ros2_driver) StdoutLine: {'line': b"writing manifest file 'vehicle.egg-info/SOURCES.txt'\n"}
[1.748569] (webots_ros2_driver) StdoutLine: {'line': b'writing dependency_links to webots_ros2_driver.egg-info/dependency_links.txt\n'}
[1.748618] (webots_ros2_driver) StdoutLine: {'line': b'writing top-level names to webots_ros2_driver.egg-info/top_level.txt\n'}
[1.748664] (webots_ros2_driver) StdoutLine: {'line': b"writing manifest file 'webots_ros2_driver.egg-info/SOURCES.txt'\n"}
[1.748848] (webots_ros2_driver) StdoutLine: {'line': b"reading manifest file 'vehicle.egg-info/SOURCES.txt'\n"}
[1.748993] (webots_ros2_driver) StdoutLine: {'line': b"reading manifest file 'webots_ros2_driver.egg-info/SOURCES.txt'\n"}
[1.749071] (webots_ros2_driver) StdoutLine: {'line': b"writing manifest file 'vehicle.egg-info/SOURCES.txt'\n"}
[1.749184] (webots_ros2_driver) StdoutLine: {'line': b"reading manifest file 'controller.egg-info/SOURCES.txt'\n"}
[1.749257] (webots_ros2_driver) StdoutLine: {'line': b"writing manifest file 'webots_ros2_driver.egg-info/SOURCES.txt'\n"}
[1.749755] (webots_ros2_driver) StdoutLine: {'line': b"writing manifest file 'controller.egg-info/SOURCES.txt'\n"}
[1.763213] (webots_ros2_driver) StdoutLine: {'line': b'[  0%] Built target ament_cmake_python_build_webots_ros2_driver_egg\n'}
[1.763367] (webots_ros2_driver) StdoutLine: {'line': b'[  0%] Built target ament_cmake_python_build_vehicle_egg\n'}
[1.764974] (webots_ros2_driver) StdoutLine: {'line': b'[  0%] Built target ament_cmake_python_build_controller_egg\n'}
[1.802932] (-) TimerEvent: {}
[1.903385] (-) TimerEvent: {}
[2.003798] (-) TimerEvent: {}
[2.104255] (-) TimerEvent: {}
[2.204721] (-) TimerEvent: {}
[2.305110] (-) TimerEvent: {}
[2.405534] (-) TimerEvent: {}
[2.505944] (-) TimerEvent: {}
[2.606301] (-) TimerEvent: {}
[2.706651] (-) TimerEvent: {}
[2.807058] (-) TimerEvent: {}
[2.907533] (-) TimerEvent: {}
[3.007950] (-) TimerEvent: {}
[3.108305] (-) TimerEvent: {}
[3.208695] (-) TimerEvent: {}
[3.308943] (-) TimerEvent: {}
[3.409189] (-) TimerEvent: {}
[3.509409] (-) TimerEvent: {}
[3.609769] (-) TimerEvent: {}
[3.710002] (-) TimerEvent: {}
[3.810250] (-) TimerEvent: {}
[3.910547] (-) TimerEvent: {}
[4.010932] (-) TimerEvent: {}
[4.111157] (-) TimerEvent: {}
[4.211489] (-) TimerEvent: {}
[4.311819] (-) TimerEvent: {}
[4.412042] (-) TimerEvent: {}
[4.512323] (-) TimerEvent: {}
[4.612663] (-) TimerEvent: {}
[4.712990] (-) TimerEvent: {}
[4.813490] (-) TimerEvent: {}
[4.913783] (-) TimerEvent: {}
[5.014037] (-) TimerEvent: {}
[5.114298] (-) TimerEvent: {}
[5.214602] (-) TimerEvent: {}
[5.314920] (-) TimerEvent: {}
[5.415141] (-) TimerEvent: {}
[5.515481] (-) TimerEvent: {}
[5.615860] (-) TimerEvent: {}
[5.716222] (-) TimerEvent: {}
[5.816566] (-) TimerEvent: {}
[5.916864] (-) TimerEvent: {}
[6.017113] (-) TimerEvent: {}
[6.117496] (-) TimerEvent: {}
[6.217761] (-) TimerEvent: {}
[6.318077] (-) TimerEvent: {}
[6.418377] (-) TimerEvent: {}
[6.518603] (-) TimerEvent: {}
[6.618972] (-) TimerEvent: {}
[6.719266] (-) TimerEvent: {}
[6.819586] (-) TimerEvent: {}
[6.919897] (-) TimerEvent: {}
[7.020219] (-) TimerEvent: {}
[7.120527] (-) TimerEvent: {}
[7.220777] (-) TimerEvent: {}
[7.321078] (-) TimerEvent: {}
[7.421595] (-) TimerEvent: {}
[7.522046] (-) TimerEvent: {}
[7.622328] (-) TimerEvent: {}
[7.722675] (-) TimerEvent: {}
[7.822894] (-) TimerEvent: {}
[7.923246] (-) TimerEvent: {}
[8.023560] (-) TimerEvent: {}
[8.123776] (-) TimerEvent: {}
[8.224240] (-) TimerEvent: {}
[8.232286] (webots_ros2_driver) StderrLine: {'line': b'gmake[2]: *** [CMakeFiles/compile-lib-controller.dir/build.make:70: CMakeFiles/compile-lib-controller] Error 2\n'}
[8.232475] (webots_ros2_driver) StderrLine: {'line': b'gmake[1]: *** [CMakeFiles/Makefile2:156: CMakeFiles/compile-lib-controller.dir/all] Error 2\n'}
[8.232548] (webots_ros2_driver) StderrLine: {'line': b'gmake: *** [Makefile:146: all] Error 2\n'}
[8.234420] (webots_ros2_driver) CommandEnded: {'returncode': 2}
[8.237932] (webots_ros2_driver) JobEnded: {'identifier': 'webots_ros2_driver', 'rc': 2}
[8.248223] (webots_ros2_control) JobSkipped: {'identifier': 'webots_ros2_control'}
[8.248297] (webots_ros2_crazyflie) JobSkipped: {'identifier': 'webots_ros2_crazyflie'}
[8.248447] (webots_ros2_mavic) JobSkipped: {'identifier': 'webots_ros2_mavic'}
[8.248523] (webots_ros2_tesla) JobSkipped: {'identifier': 'webots_ros2_tesla'}
[8.248557] (webots_ros2_epuck) JobSkipped: {'identifier': 'webots_ros2_epuck'}
[8.248586] (webots_ros2_husarion) JobSkipped: {'identifier': 'webots_ros2_husarion'}
[8.248614] (webots_ros2_tiago) JobSkipped: {'identifier': 'webots_ros2_tiago'}
[8.248644] (webots_ros2_turtlebot) JobSkipped: {'identifier': 'webots_ros2_turtlebot'}
[8.248670] (webots_ros2_universal_robot) JobSkipped: {'identifier': 'webots_ros2_universal_robot'}
[8.248698] (webots_ros2_tests) JobSkipped: {'identifier': 'webots_ros2_tests'}
[8.248725] (webots_ros2) JobSkipped: {'identifier': 'webots_ros2'}
[8.248753] (-) EventReactorShutdown: {}
