-- The C compiler identification is GNU 11.4.0
-- The CXX compiler identification is GNU 11.4.0
-- Detecting C compiler ABI info
-- Detecting C compiler ABI info - done
-- Check for working C compiler: /usr/bin/cc - skipped
-- Detecting C compile features
-- Detecting C compile features - done
-- Detecting CXX compiler ABI info
-- Detecting CXX compiler ABI info - done
-- Check for working CXX compiler: /usr/bin/c++ - skipped
-- Detecting CXX compile features
-- Detecting CXX compile features - done
-- Found ament_cmake: 1.3.12 (/opt/ros/humble/share/ament_cmake/cmake)
-- Found Python3: /usr/bin/python3 (found version "3.10.12") found components: Interpreter 
-- Override CMake install command with custom implementation using symlinks instead of copying resources
-- Found rosgraph_msgs: 1.2.2 (/opt/ros/humble/share/rosgraph_msgs/cmake)
-- Found rosidl_generator_c: 3.1.7 (/opt/ros/humble/share/rosidl_generator_c/cmake)
-- Found rosidl_adapter: 3.1.7 (/opt/ros/humble/share/rosidl_adapter/cmake)
-- Found rosidl_generator_cpp: 3.1.7 (/opt/ros/humble/share/rosidl_generator_cpp/cmake)
-- Using all available rosidl_typesupport_c: rosidl_typesupport_fastrtps_c;rosidl_typesupport_introspection_c
-- Using all available rosidl_typesupport_cpp: rosidl_typesupport_fastrtps_cpp;rosidl_typesupport_introspection_cpp
-- Found rclcpp: 16.0.15 (/opt/ros/humble/share/rclcpp/cmake)
-- Found rmw_implementation_cmake: 6.1.2 (/opt/ros/humble/share/rmw_implementation_cmake/cmake)
-- Found rmw_fastrtps_cpp: 6.2.9 (/opt/ros/humble/share/rmw_fastrtps_cpp/cmake)
-- Found OpenSSL: /usr/lib/x86_64-linux-gnu/libcrypto.so (found version "3.0.2")  
-- Found FastRTPS: /opt/ros/humble/include  
-- Using RMW implementation 'rmw_fastrtps_cpp' as default
-- Looking for pthread.h
-- Looking for pthread.h - found
-- Performing Test CMAKE_HAVE_LIBC_PTHREAD
-- Performing Test CMAKE_HAVE_LIBC_PTHREAD - Success
-- Found Threads: TRUE  
-- Found pluginlib: 5.1.2 (/opt/ros/humble/share/pluginlib/cmake)
-- Found sensor_msgs: 4.9.0 (/opt/ros/humble/share/sensor_msgs/cmake)
-- Found tf2_geometry_msgs: 0.25.16 (/opt/ros/humble/share/tf2_geometry_msgs/cmake)
-- Found eigen3_cmake_module: 0.1.1 (/opt/ros/humble/share/eigen3_cmake_module/cmake)
-- Found Eigen3: TRUE (found version "3.4.0") 
-- Ensuring Eigen3 include directory is part of orocos-kdl CMake target
-- Found vision_msgs: 4.1.1 (/opt/ros/humble/share/vision_msgs/cmake)
-- Found webots_ros2_msgs: 2025.0.1 (/home/verity-xie/Unibots 2026/test_ws/install/webots_ros2_msgs/share/webots_ros2_msgs/cmake)
-- Found TinyXML2 via Config file: TinyXML2_DIR-NOTFOUND
-- Found Python: /usr/include/python3.10 (found suitable exact version "3.10.12") found components: Development Development.Module Development.Embed 
-- Configuring done
-- Generating done
-- Build files have been written to: /home/verity-xie/Unibots 2026/test_ws/build/webots_ros2_driver
[  0%] Built target ament_cmake_python_symlink_controller
[  0%] Built target ament_cmake_python_symlink_vehicle
[  0%] Built target ament_cmake_python_symlink_webots_ros2_driver
running egg_info
running egg_info
running egg_info
creating controller.egg-info
writing controller.egg-info/PKG-INFO
creating vehicle.egg-info
writing dependency_links to controller.egg-info/dependency_links.txt
writing vehicle.egg-info/PKG-INFO
creating webots_ros2_driver.egg-info
writing top-level names to controller.egg-info/top_level.txt
writing dependency_links to vehicle.egg-info/dependency_links.txt
writing manifest file 'controller.egg-info/SOURCES.txt'
writing top-level names to vehicle.egg-info/top_level.txt
writing webots_ros2_driver.egg-info/PKG-INFO
writing manifest file 'vehicle.egg-info/SOURCES.txt'
writing dependency_links to webots_ros2_driver.egg-info/dependency_links.txt
writing top-level names to webots_ros2_driver.egg-info/top_level.txt
writing manifest file 'webots_ros2_driver.egg-info/SOURCES.txt'
reading manifest file 'vehicle.egg-info/SOURCES.txt'
reading manifest file 'webots_ros2_driver.egg-info/SOURCES.txt'
writing manifest file 'vehicle.egg-info/SOURCES.txt'
reading manifest file 'controller.egg-info/SOURCES.txt'
writing manifest file 'webots_ros2_driver.egg-info/SOURCES.txt'
writing manifest file 'controller.egg-info/SOURCES.txt'
[  0%] Built target ament_cmake_python_build_webots_ros2_driver_egg
[  0%] Built target ament_cmake_python_build_vehicle_egg
[  0%] Built target ament_cmake_python_build_controller_egg
gmake[2]: *** [CMakeFiles/compile-lib-controller.dir/build.make:70: CMakeFiles/compile-lib-controller] Error 2
gmake[1]: *** [CMakeFiles/Makefile2:156: CMakeFiles/compile-lib-controller.dir/all] Error 2
gmake: *** [Makefile:146: all] Error 2
