[0.006s] Invoking command in '/home/verity-xie/Unibots 2026/test_ws/build/webots_ros2_driver': AMENT_PREFIX_PATH=/home/verity-xie/Unibots 2026/test_ws/install/webots_ros2_msgs:${AMENT_PREFIX_PATH} CMAKE_PREFIX_PATH=/home/verity-xie/Unibots 2026/test_ws/install/webots_ros2_msgs:/home/verity-xie/Unibots 2026/test_ws/install/pv_apriltag:/home/verity-xie/Unibots 2026/test_ws/install/ball_detection:/opt/ros/humble LD_LIBRARY_PATH=/home/verity-xie/Unibots 2026/test_ws/install/webots_ros2_msgs/lib:${LD_LIBRARY_PATH} PYTHONPATH=/home/verity-xie/Unibots 2026/test_ws/install/webots_ros2_msgs/local/lib/python3.10/dist-packages:${PYTHONPATH} /usr/bin/cmake /home/verity-xie/Unibots 2026/test_ws/src/webots_ros2/webots_ros2_driver -DAMENT_CMAKE_SYMLINK_INSTALL=1 -DCMAKE_INSTALL_PREFIX=/home/verity-xie/Unibots 2026/test_ws/install/webots_ros2_driver
[0.042s] -- The C compiler identification is GNU 11.4.0
[0.078s] -- The CXX compiler identification is GNU 11.4.0
[0.083s] -- Detecting C compiler ABI info
[0.127s] -- Detecting C compiler ABI info - done
[0.131s] -- Check for working C compiler: /usr/bin/cc - skipped
[0.131s] -- Detecting C compile features
[0.131s] -- Detecting C compile features - done
[0.133s] -- Detecting CXX compiler ABI info
[0.183s] -- Detecting CXX compiler ABI info - done
[0.187s] -- Check for working CXX compiler: /usr/bin/c++ - skipped
[0.187s] -- Detecting CXX compile features
[0.187s] -- Detecting CXX compile features - done
[0.188s] -- Found ament_cmake: 1.3.12 (/opt/ros/humble/share/ament_cmake/cmake)
[0.278s] -- Found Python3: /usr/bin/python3 (found version "3.10.12") found components: Interpreter 
[0.313s] -- Override CMake install command with custom implementation using symlinks instead of copying resources
[0.325s] -- Found rosgraph_msgs: 1.2.2 (/opt/ros/humble/share/rosgraph_msgs/cmake)
[0.341s] -- Found rosidl_generator_c: 3.1.7 (/opt/ros/humble/share/rosidl_generator_c/cmake)
[0.343s] -- Found rosidl_adapter: 3.1.7 (/opt/ros/humble/share/rosidl_adapter/cmake)
[0.347s] -- Found rosidl_generator_cpp: 3.1.7 (/opt/ros/humble/share/rosidl_generator_cpp/cmake)
[0.352s] -- Using all available rosidl_typesupport_c: rosidl_typesupport_fastrtps_c;rosidl_typesupport_introspection_c
[0.359s] -- Using all available rosidl_typesupport_cpp: rosidl_typesupport_fastrtps_cpp;rosidl_typesupport_introspection_cpp
[0.371s] -- Found rclcpp: 16.0.15 (/opt/ros/humble/share/rclcpp/cmake)
[0.389s] -- Found rmw_implementation_cmake: 6.1.2 (/opt/ros/humble/share/rmw_implementation_cmake/cmake)
[0.390s] -- Found rmw_fastrtps_cpp: 6.2.9 (/opt/ros/humble/share/rmw_fastrtps_cpp/cmake)
[0.455s] -- Found OpenSSL: /usr/lib/x86_64-linux-gnu/libcrypto.so (found version "3.0.2")  
[0.477s] -- Found FastRTPS: /opt/ros/humble/include  
[0.499s] -- Using RMW implementation 'rmw_fastrtps_cpp' as default
[0.505s] -- Looking for pthread.h
[0.605s] -- Looking for pthread.h - found
[0.605s] -- Performing Test CMAKE_HAVE_LIBC_PTHREAD
[0.705s] -- Performing Test CMAKE_HAVE_LIBC_PTHREAD - Success
[0.706s] -- Found Threads: TRUE  
[0.740s] -- Found pluginlib: 5.1.2 (/opt/ros/humble/share/pluginlib/cmake)
[0.755s] -- Found sensor_msgs: 4.9.0 (/opt/ros/humble/share/sensor_msgs/cmake)
[0.772s] -- Found tf2_geometry_msgs: 0.25.16 (/opt/ros/humble/share/tf2_geometry_msgs/cmake)
[0.781s] -- Found eigen3_cmake_module: 0.1.1 (/opt/ros/humble/share/eigen3_cmake_module/cmake)
[0.782s] -- Found Eigen3: TRUE (found version "3.4.0") 
[0.782s] -- Ensuring Eigen3 include directory is part of orocos-kdl CMake target
[0.835s] -- Found vision_msgs: 4.1.1 (/opt/ros/humble/share/vision_msgs/cmake)
[0.841s] -- Found webots_ros2_msgs: 2025.0.1 (/home/verity-xie/Unibots 2026/test_ws/install/webots_ros2_msgs/share/webots_ros2_msgs/cmake)
[0.850s] -- Found TinyXML2 via Config file: TinyXML2_DIR-NOTFOUND
[1.059s] -- Found Python: /usr/include/python3.10 (found suitable exact version "3.10.12") found components: Development Development.Module Development.Embed 
[1.224s] -- Configuring done
[1.236s] -- Generating done
[1.240s] -- Build files have been written to: /home/verity-xie/Unibots 2026/test_ws/build/webots_ros2_driver
[1.246s] Invoked command in '/home/verity-xie/Unibots 2026/test_ws/build/webots_ros2_driver' returned '0': AMENT_PREFIX_PATH=/home/verity-xie/Unibots 2026/test_ws/install/webots_ros2_msgs:${AMENT_PREFIX_PATH} CMAKE_PREFIX_PATH=/home/verity-xie/Unibots 2026/test_ws/install/webots_ros2_msgs:/home/verity-xie/Unibots 2026/test_ws/install/pv_apriltag:/home/verity-xie/Unibots 2026/test_ws/install/ball_detection:/opt/ros/humble LD_LIBRARY_PATH=/home/verity-xie/Unibots 2026/test_ws/install/webots_ros2_msgs/lib:${LD_LIBRARY_PATH} PYTHONPATH=/home/verity-xie/Unibots 2026/test_ws/install/webots_ros2_msgs/local/lib/python3.10/dist-packages:${PYTHONPATH} /usr/bin/cmake /home/verity-xie/Unibots 2026/test_ws/src/webots_ros2/webots_ros2_driver -DAMENT_CMAKE_SYMLINK_INSTALL=1 -DCMAKE_INSTALL_PREFIX=/home/verity-xie/Unibots 2026/test_ws/install/webots_ros2_driver
[1.247s] Invoking command in '/home/verity-xie/Unibots 2026/test_ws/build/webots_ros2_driver': AMENT_PREFIX_PATH=/home/verity-xie/Unibots 2026/test_ws/install/webots_ros2_msgs:${AMENT_PREFIX_PATH} CMAKE_PREFIX_PATH=/home/verity-xie/Unibots 2026/test_ws/install/webots_ros2_msgs:/home/verity-xie/Unibots 2026/test_ws/install/pv_apriltag:/home/verity-xie/Unibots 2026/test_ws/install/ball_detection:/opt/ros/humble LD_LIBRARY_PATH=/home/verity-xie/Unibots 2026/test_ws/install/webots_ros2_msgs/lib:${LD_LIBRARY_PATH} PYTHONPATH=/home/verity-xie/Unibots 2026/test_ws/install/webots_ros2_msgs/local/lib/python3.10/dist-packages:${PYTHONPATH} /usr/bin/cmake --build /home/verity-xie/Unibots 2026/test_ws/build/webots_ros2_driver -- -j32 -l32
[1.300s] [  0%] Built target ament_cmake_python_symlink_controller
[1.300s] [  0%] Built target ament_cmake_python_symlink_vehicle
[1.300s] [  0%] Built target ament_cmake_python_symlink_webots_ros2_driver
[1.414s] running egg_info
[1.414s] running egg_info
[1.414s] running egg_info
[1.414s] creating controller.egg-info
[1.414s] writing controller.egg-info/PKG-INFO
[1.414s] creating vehicle.egg-info
[1.414s] writing dependency_links to controller.egg-info/dependency_links.txt
[1.414s] writing vehicle.egg-info/PKG-INFO
[1.414s] creating webots_ros2_driver.egg-info
[1.414s] writing top-level names to controller.egg-info/top_level.txt
[1.415s] writing dependency_links to vehicle.egg-info/dependency_links.txt
[1.415s] writing manifest file 'controller.egg-info/SOURCES.txt'
[1.415s] writing top-level names to vehicle.egg-info/top_level.txt
[1.415s] writing webots_ros2_driver.egg-info/PKG-INFO
[1.415s] writing manifest file 'vehicle.egg-info/SOURCES.txt'
[1.415s] writing dependency_links to webots_ros2_driver.egg-info/dependency_links.txt
[1.415s] writing top-level names to webots_ros2_driver.egg-info/top_level.txt
[1.415s] writing manifest file 'webots_ros2_driver.egg-info/SOURCES.txt'
[1.415s] reading manifest file 'vehicle.egg-info/SOURCES.txt'
[1.415s] reading manifest file 'webots_ros2_driver.egg-info/SOURCES.txt'
[1.415s] writing manifest file 'vehicle.egg-info/SOURCES.txt'
[1.415s] reading manifest file 'controller.egg-info/SOURCES.txt'
[1.415s] writing manifest file 'webots_ros2_driver.egg-info/SOURCES.txt'
[1.416s] writing manifest file 'controller.egg-info/SOURCES.txt'
[1.430s] [  0%] Built target ament_cmake_python_build_webots_ros2_driver_egg
[1.430s] [  0%] Built target ament_cmake_python_build_vehicle_egg
[1.431s] [  0%] Built target ament_cmake_python_build_controller_egg
[7.899s] gmake[2]: *** [CMakeFiles/compile-lib-controller.dir/build.make:70: CMakeFiles/compile-lib-controller] Error 2
[7.899s] gmake[1]: *** [CMakeFiles/Makefile2:156: CMakeFiles/compile-lib-controller.dir/all] Error 2
[7.899s] gmake: *** [Makefile:146: all] Error 2
[7.901s] Invoked command in '/home/verity-xie/Unibots 2026/test_ws/build/webots_ros2_driver' returned '2': AMENT_PREFIX_PATH=/home/verity-xie/Unibots 2026/test_ws/install/webots_ros2_msgs:${AMENT_PREFIX_PATH} CMAKE_PREFIX_PATH=/home/verity-xie/Unibots 2026/test_ws/install/webots_ros2_msgs:/home/verity-xie/Unibots 2026/test_ws/install/pv_apriltag:/home/verity-xie/Unibots 2026/test_ws/install/ball_detection:/opt/ros/humble LD_LIBRARY_PATH=/home/verity-xie/Unibots 2026/test_ws/install/webots_ros2_msgs/lib:${LD_LIBRARY_PATH} PYTHONPATH=/home/verity-xie/Unibots 2026/test_ws/install/webots_ros2_msgs/local/lib/python3.10/dist-packages:${PYTHONPATH} /usr/bin/cmake --build /home/verity-xie/Unibots 2026/test_ws/build/webots_ros2_driver -- -j32 -l32
